<?xml version="1.0" encoding="utf-8"?>
<shfbBuild product="Sandcastle Help File Builder and Tools" version="2024.12.21.0" projectFile="C:\Files\Dropbox\Develop\Shared\ConversionCalc\Scripts\ConversionCalcDocumentation.shfbproj" started="10/16/2025 08:37:45">
<buildStep step="Initializing">
The Sandcastle tools are located in &#39;C:\Program Files (x86)\EWSoftware\Sandcastle Help File Builder&#39;
Locating components in the following folder(s):
    C:\Files\Dropbox\Develop\Shared\ConversionCalc\Scripts
    C:\ProgramData\EWSoftware\Sandcastle Help File Builder\Components and Plug-Ins
    C:\Program Files (x86)\EWSoftware\Sandcastle Help File Builder\Components
Using framework reflection data for &#39;Cross-platform (.NET Core/.NET Standard)&#39; located in &#39;C:\Program Files (x86)\EWSoftware\Sandcastle Help File Builder\Data\.NETFramework&#39;
Using presentation style &#39;Default2022&#39; located in &#39;C:\Program Files (x86)\EWSoftware\Sandcastle Help File Builder\Components\Default2022&#39;
Loading and initializing plug-ins...
Website Table of Contents Generator Version 2024.12.21.0
Copyright &#169; 2006-2024, Eric Woodruff, All Rights Reserved
-------------------------------
Clearing any prior web/markdown output...
</buildStep>
<buildStep step="ValidatingDocumentationSources">
Validating and copying documentation source information
Source: C:\Files\Dropbox\Develop\Shared\ConversionCalc\Source\ConversionCalc\bin\Release\netstandard2.0\ConversionCalc.xml
Source: C:\Files\Dropbox\Develop\Shared\ConversionCalc\Source\ConversionCalc\bin\Release\netstandard2.0\ConversionCalc.dll
    Found assembly &#39;C:\Files\Dropbox\Develop\Shared\ConversionCalc\Source\ConversionCalc\bin\Release\netstandard2.0\ConversionCalc.dll&#39;

References to include:
    Newtonsoft.Json

Copying XML comments files
    C:\Files\Dropbox\Develop\Shared\ConversionCalc\Source\ConversionCalc\bin\Release\netstandard2.0\ConversionCalc.xml -&gt; C:\Files\Dropbox\Develop\Shared\danielanywhere.github.io\ConversionCalc\Working\ConversionCalc.xml
</buildStep>
<buildStep step="GenerateSharedContent">
Generating shared content files (en-US, English (United States))...
    Last step completed in 00:00:00.0000
</buildStep>
<buildStep step="GenerateApiFilter">
Generating API filter for MRefBuilder...
    Last step completed in 00:00:00.0156
</buildStep>
<buildStep step="GenerateReflectionInfo">
Generating reflection information...
[C:\Program Files\Microsoft Visual Studio\2022\Community\MSBuild\Current\Bin\amd64\MSBuild.exe - GenerateRefInfo-804d04ec-f99c-4f93-98b7-73d02f3b0f22.proj]
Build started 10/16/2025 08:37:53.

Project &quot;C:\Files\Dropbox\Develop\Shared\danielanywhere.github.io\ConversionCalc\Working\GenerateRefInfo-804d04ec-f99c-4f93-98b7-73d02f3b0f22.proj&quot; on node 1 (default targets).
PrepareForBuild:
  Creating directory &quot;obj\Debug\&quot;.
GenerateRefInfo:
  Microsoft.Build (v17.9.8+b34f75857bacf5ecd5531f7ff763a5739d3ae435)
  c Microsoft Corporation. All rights reserved.
  No source code context base path specified.  Source context information is unavailable.
  Loaded 1 assemblies for reflection and 104 dependency assemblies.
  Wrote information on 1 namespaces, 13 types, and 71 members
  Merging duplicate type and member information
  Merged 0 duplicate type(s) and 0 duplicate member(s)
Done Building Project &quot;C:\Files\Dropbox\Develop\Shared\danielanywhere.github.io\ConversionCalc\Working\GenerateRefInfo-804d04ec-f99c-4f93-98b7-73d02f3b0f22.proj&quot; (default targets).
    Last step completed in 00:00:02.4775
</buildStep>
<buildStep step="ApplyDocumentModel">
Applying document model to reflection output...
    Last step completed in 00:00:00.1000
</buildStep>
<buildStep step="AddApiTopicFilenames">
Adding topic filenames to API members...
    Unique name M_ConversionCalc_Converter__ctor_1 generated for M:ConversionCalc.Converter.#ctor(System.String)
    Unique name M_ConversionCalc_Converter_Convert_1 generated for M:ConversionCalc.Converter.Convert(System.Double,System.String,System.String)
    Unique name M_ConversionCalc_Converter_Convert_2 generated for M:ConversionCalc.Converter.Convert(System.String,System.Double,System.String,System.String)
    Unique name M_ConversionCalc_Converter_FindDomain_1 generated for M:ConversionCalc.Converter.FindDomain(System.String,System.String)
    Unique name M_ConversionCalc_TextEventArgs__ctor_1 generated for M:ConversionCalc.TextEventArgs.#ctor(System.String)
    Last step completed in 00:00:00.1000
</buildStep>
<buildStep step="GenerateApiTopicManifest">
Generating API topic manifest...
    Last step completed in 00:00:00.1354
</buildStep>
<buildStep step="GenerateNamespaceSummaries">
Generating namespace summary information...
    Last step completed in 00:00:00.0530
</buildStep>
<buildStep step="CopyAdditionalContent">
Copying additional content files...
No additional content to copy
    Last step completed in 00:00:00.0040
</buildStep>
<buildStep step="MergeTablesOfContents">
Merging conceptual and additional tables of contents...
    Last step completed in 00:00:00.0000
</buildStep>
<buildStep step="GenerateIntermediateTableOfContents">
Generating intermediate table of contents file for API content...
Generating conceptual content intermediate TOC file...
    Last step completed in 00:00:00.0600
</buildStep>
<buildStep step="CreateBuildAssemblerConfigs">
Creating Sandcastle configuration files...
    Last step completed in 00:00:00.3110
</buildStep>
<buildStep step="CombiningIntermediateTocFiles">
Combining conceptual and API intermediate TOC files...
    Last step completed in 00:00:00.0490
</buildStep>
<buildStep step="MergeCustomConfigs">
Merging custom build component configurations
C:\Files\Dropbox\Develop\Shared\danielanywhere.github.io\ConversionCalc\Working\BuildAssembler.config
  Updating reference topic configurations.
  No conceptual content.  Removing conceptual content components.
    Last step completed in 00:00:00.0440
</buildStep>
<buildStep step="BuildTopics">
Building help topics...
<plugIn name="Website Table of Contents Generator" behavior="Before" priority="1000">
Loading TOC info and adding unique IDs to parent nodes
</plugIn>Loading configuration...
Processing topics...
Processed 97 topic(s)
CopyFromIndexComponent: &quot;reflection&quot; in-memory cache entries used: 3 of 15.
CopyFromIndexComponent: &quot;comments&quot; in-memory cache entries used: 1 of 30.
<plugIn name="Website Table of Contents Generator" behavior="After" priority="1000">
Generating TOC fragment files
</plugIn>    Last step completed in 00:00:03.5937
</buildStep>
<buildStep step="CopyStandardHelpContent">
Copying standard help content...
C:\Program Files (x86)\EWSoftware\Sandcastle Help File Builder\Components\Default2022\css\bulma.css -&gt; C:\Files\Dropbox\Develop\Shared\danielanywhere.github.io\ConversionCalc\Working\Output\Website\css\bulma.css
C:\Program Files (x86)\EWSoftware\Sandcastle Help File Builder\Components\Default2022\css\bulma.css.map -&gt; C:\Files\Dropbox\Develop\Shared\danielanywhere.github.io\ConversionCalc\Working\Output\Website\css\bulma.css.map
C:\Program Files (x86)\EWSoftware\Sandcastle Help File Builder\Components\Default2022\css\bulma.min.css -&gt; C:\Files\Dropbox\Develop\Shared\danielanywhere.github.io\ConversionCalc\Working\Output\Website\css\bulma.min.css
C:\Program Files (x86)\EWSoftware\Sandcastle Help File Builder\Components\Default2022\css\font-awesome.css -&gt; C:\Files\Dropbox\Develop\Shared\danielanywhere.github.io\ConversionCalc\Working\Output\Website\css\font-awesome.css
C:\Program Files (x86)\EWSoftware\Sandcastle Help File Builder\Components\Default2022\css\font-awesome.min.css -&gt; C:\Files\Dropbox\Develop\Shared\danielanywhere.github.io\ConversionCalc\Working\Output\Website\css\font-awesome.min.css
C:\Program Files (x86)\EWSoftware\Sandcastle Help File Builder\Components\Default2022\css\ja-JP.css -&gt; C:\Files\Dropbox\Develop\Shared\danielanywhere.github.io\ConversionCalc\Working\Output\Website\css\ja-JP.css
C:\Program Files (x86)\EWSoftware\Sandcastle Help File Builder\Components\Default2022\css\ko-KR.css -&gt; C:\Files\Dropbox\Develop\Shared\danielanywhere.github.io\ConversionCalc\Working\Output\Website\css\ko-KR.css
C:\Program Files (x86)\EWSoftware\Sandcastle Help File Builder\Components\Default2022\css\presentationStyle.css -&gt; C:\Files\Dropbox\Develop\Shared\danielanywhere.github.io\ConversionCalc\Working\Output\Website\css\presentationStyle.css
C:\Program Files (x86)\EWSoftware\Sandcastle Help File Builder\Components\Default2022\css\vs.min.css -&gt; C:\Files\Dropbox\Develop\Shared\danielanywhere.github.io\ConversionCalc\Working\Output\Website\css\vs.min.css
C:\Program Files (x86)\EWSoftware\Sandcastle Help File Builder\Components\Default2022\css\zh-CN.css -&gt; C:\Files\Dropbox\Develop\Shared\danielanywhere.github.io\ConversionCalc\Working\Output\Website\css\zh-CN.css
C:\Program Files (x86)\EWSoftware\Sandcastle Help File Builder\Components\Default2022\css\zh-TW.css -&gt; C:\Files\Dropbox\Develop\Shared\danielanywhere.github.io\ConversionCalc\Working\Output\Website\css\zh-TW.css
C:\Program Files (x86)\EWSoftware\Sandcastle Help File Builder\Components\Default2022\icons\favicon.ico -&gt; C:\Files\Dropbox\Develop\Shared\danielanywhere.github.io\ConversionCalc\Working\Output\Website\icons\favicon.ico
C:\Program Files (x86)\EWSoftware\Sandcastle Help File Builder\Components\Default2022\scripts\clipboard.min.js -&gt; C:\Files\Dropbox\Develop\Shared\danielanywhere.github.io\ConversionCalc\Working\Output\Website\scripts\clipboard.min.js
C:\Program Files (x86)\EWSoftware\Sandcastle Help File Builder\Components\Default2022\scripts\highlight.min.js -&gt; C:\Files\Dropbox\Develop\Shared\danielanywhere.github.io\ConversionCalc\Working\Output\Website\scripts\highlight.min.js
C:\Program Files (x86)\EWSoftware\Sandcastle Help File Builder\Components\Default2022\scripts\jquery-3.5.1.min.js -&gt; C:\Files\Dropbox\Develop\Shared\danielanywhere.github.io\ConversionCalc\Working\Output\Website\scripts\jquery-3.5.1.min.js
C:\Program Files (x86)\EWSoftware\Sandcastle Help File Builder\Components\Default2022\scripts\presentationStyle.js -&gt; C:\Files\Dropbox\Develop\Shared\danielanywhere.github.io\ConversionCalc\Working\Output\Website\scripts\presentationStyle.js
C:\Program Files (x86)\EWSoftware\Sandcastle Help File Builder\Components\Default2022\webfonts\fa-brands-400.ttf -&gt; C:\Files\Dropbox\Develop\Shared\danielanywhere.github.io\ConversionCalc\Working\Output\Website\webfonts\fa-brands-400.ttf
C:\Program Files (x86)\EWSoftware\Sandcastle Help File Builder\Components\Default2022\webfonts\fa-brands-400.woff2 -&gt; C:\Files\Dropbox\Develop\Shared\danielanywhere.github.io\ConversionCalc\Working\Output\Website\webfonts\fa-brands-400.woff2
C:\Program Files (x86)\EWSoftware\Sandcastle Help File Builder\Components\Default2022\webfonts\fa-regular-400.ttf -&gt; C:\Files\Dropbox\Develop\Shared\danielanywhere.github.io\ConversionCalc\Working\Output\Website\webfonts\fa-regular-400.ttf
C:\Program Files (x86)\EWSoftware\Sandcastle Help File Builder\Components\Default2022\webfonts\fa-regular-400.woff2 -&gt; C:\Files\Dropbox\Develop\Shared\danielanywhere.github.io\ConversionCalc\Working\Output\Website\webfonts\fa-regular-400.woff2
C:\Program Files (x86)\EWSoftware\Sandcastle Help File Builder\Components\Default2022\webfonts\fa-solid-900.ttf -&gt; C:\Files\Dropbox\Develop\Shared\danielanywhere.github.io\ConversionCalc\Working\Output\Website\webfonts\fa-solid-900.ttf
C:\Program Files (x86)\EWSoftware\Sandcastle Help File Builder\Components\Default2022\webfonts\fa-solid-900.woff2 -&gt; C:\Files\Dropbox\Develop\Shared\danielanywhere.github.io\ConversionCalc\Working\Output\Website\webfonts\fa-solid-900.woff2
C:\Program Files (x86)\EWSoftware\Sandcastle Help File Builder\Components\Default2022\webfonts\fa-v4compatibility.ttf -&gt; C:\Files\Dropbox\Develop\Shared\danielanywhere.github.io\ConversionCalc\Working\Output\Website\webfonts\fa-v4compatibility.ttf
C:\Program Files (x86)\EWSoftware\Sandcastle Help File Builder\Components\Default2022\webfonts\fa-v4compatibility.woff2 -&gt; C:\Files\Dropbox\Develop\Shared\danielanywhere.github.io\ConversionCalc\Working\Output\Website\webfonts\fa-v4compatibility.woff2
C:\Program Files (x86)\EWSoftware\Sandcastle Help File Builder\Components\Default2022\RootWebsiteContent\GeneralError.html -&gt; C:\Files\Dropbox\Develop\Shared\danielanywhere.github.io\ConversionCalc\Working\Output\Website\GeneralError.html
C:\Program Files (x86)\EWSoftware\Sandcastle Help File Builder\Components\Default2022\RootWebsiteContent\index.html -&gt; C:\Files\Dropbox\Develop\Shared\danielanywhere.github.io\ConversionCalc\Working\Output\Website\index.html
C:\Program Files (x86)\EWSoftware\Sandcastle Help File Builder\Components\Default2022\RootWebsiteContent\PageNotFound.html -&gt; C:\Files\Dropbox\Develop\Shared\danielanywhere.github.io\ConversionCalc\Working\Output\Website\PageNotFound.html
C:\Program Files (x86)\EWSoftware\Sandcastle Help File Builder\Components\Default2022\RootWebsiteContent\search.html -&gt; C:\Files\Dropbox\Develop\Shared\danielanywhere.github.io\ConversionCalc\Working\Output\Website\search.html
C:\Program Files (x86)\EWSoftware\Sandcastle Help File Builder\Components\Default2022\RootWebsiteContent\SearchHelp.aspx -&gt; C:\Files\Dropbox\Develop\Shared\danielanywhere.github.io\ConversionCalc\Working\Output\Website\SearchHelp.aspx
C:\Program Files (x86)\EWSoftware\Sandcastle Help File Builder\Components\Default2022\RootWebsiteContent\SearchHelp.inc.php -&gt; C:\Files\Dropbox\Develop\Shared\danielanywhere.github.io\ConversionCalc\Working\Output\Website\SearchHelp.inc.php
C:\Program Files (x86)\EWSoftware\Sandcastle Help File Builder\Components\Default2022\RootWebsiteContent\SearchHelp.php -&gt; C:\Files\Dropbox\Develop\Shared\danielanywhere.github.io\ConversionCalc\Working\Output\Website\SearchHelp.php
C:\Program Files (x86)\EWSoftware\Sandcastle Help File Builder\Components\Default2022\RootWebsiteContent\Web.Config -&gt; C:\Files\Dropbox\Develop\Shared\danielanywhere.github.io\ConversionCalc\Working\Output\Website\Web.Config
    Last step completed in 00:00:00.3556
</buildStep>
<buildStep step="GenerateFullTextIndex">
Generating full-text index for the website...

    Last step completed in 00:00:00.2475
</buildStep>
<buildStep step="CopyingWebsiteFiles">
Copying website files to output folder...

Copied 181 files for the website content
    Last step completed in 00:00:00.2852
</buildStep>
<buildStep step="CleanIntermediates">
Removing intermediate files...
    Not all build output was removed from &#39;C:\Files\Dropbox\Develop\Shared\danielanywhere.github.io\ConversionCalc\Working\&#39;: The process cannot access the file &#39;C:\Files\Dropbox\Develop\Shared\danielanywhere.github.io\ConversionCalc\Working\Output\Website&#39; because it is being used by another process.
    Last step completed in 00:00:00.0546
</buildStep>
<buildStep step="Completed">

Build completed successfully at 10/16/2025 08:38:00.  Total time: 00:00:14.5924

</buildStep>
</shfbBuild>
