<?xml version="1.0" encoding="utf-8"?>
<shfbBuild product="Sandcastle Help File Builder and Tools" version="2024.12.21.0" projectFile="C:\Files\Dropbox\Develop\Shared\ProjectTask\Scripts\ProjectTaskDocumentation.shfbproj" started="08/14/2025 08:08:16">
<buildStep step="Initializing">
The Sandcastle tools are located in &#39;C:\Program Files (x86)\EWSoftware\Sandcastle Help File Builder&#39;
Locating components in the following folder(s):
    C:\Files\Dropbox\Develop\Shared\ProjectTask\Scripts
    C:\ProgramData\EWSoftware\Sandcastle Help File Builder\Components and Plug-Ins
    C:\Program Files (x86)\EWSoftware\Sandcastle Help File Builder\Components
Using framework reflection data for &#39;Cross-platform (.NET Core/.NET Standard)&#39; located in &#39;C:\Program Files (x86)\EWSoftware\Sandcastle Help File Builder\Data\.NETFramework&#39;
Using presentation style &#39;Default2022&#39; located in &#39;C:\Program Files (x86)\EWSoftware\Sandcastle Help File Builder\Components\Default2022&#39;
Loading and initializing plug-ins...
Website Table of Contents Generator Version 2024.12.21.0
Copyright &#169; 2006-2024, Eric Woodruff, All Rights Reserved
</buildStep>
<buildStep step="ClearWorkFolder">
Clearing working folder...
-------------------------------
Clearing any prior web/markdown output...
</buildStep>
<buildStep step="ValidatingDocumentationSources">
Validating and copying documentation source information
Source: C:\Files\Dropbox\Develop\Shared\ProjectTask\Source\ProjectTask\bin\Release\netstandard2.0\ProjectTask.xml
Source: C:\Files\Dropbox\Develop\Shared\ProjectTask\Source\ProjectTask\bin\Release\netstandard2.0\ProjectTask.dll
    Found assembly &#39;C:\Files\Dropbox\Develop\Shared\ProjectTask\Source\ProjectTask\bin\Release\netstandard2.0\ProjectTask.dll&#39;

References to include:
    Newtonsoft.Json

Copying XML comments files
    C:\Files\Dropbox\Develop\Shared\ProjectTask\Source\ProjectTask\bin\Release\netstandard2.0\ProjectTask.xml -&gt; C:\Files\Dropbox\Develop\Shared\danielanywhere.github.io\ProjectTask\Working\ProjectTask.xml
</buildStep>
<buildStep step="GenerateSharedContent">
Generating shared content files (en-US, English (United States))...
    Last step completed in 00:00:00.0080
</buildStep>
<buildStep step="GenerateApiFilter">
Generating API filter for MRefBuilder...
    Last step completed in 00:00:00.0270
</buildStep>
<buildStep step="GenerateReflectionInfo">
Generating reflection information...
[C:\Program Files\Microsoft Visual Studio\2022\Community\MSBuild\Current\Bin\amd64\MSBuild.exe - GenerateRefInfo-5a58ab79-d1f6-4c8a-bb5d-0eff22991692.proj]
Build started 08/14/2025 08:08:18.

Project &quot;C:\Files\Dropbox\Develop\Shared\danielanywhere.github.io\ProjectTask\Working\GenerateRefInfo-5a58ab79-d1f6-4c8a-bb5d-0eff22991692.proj&quot; on node 1 (default targets).
PrepareForBuild:
  Creating directory &quot;obj\Debug\&quot;.
GenerateRefInfo:
  Microsoft.Build (v17.9.8+b34f75857bacf5ecd5531f7ff763a5739d3ae435)
  c Microsoft Corporation. All rights reserved.
  No source code context base path specified.  Source context information is unavailable.
  Loaded 1 assemblies for reflection and 104 dependency assemblies.
  Wrote information on 1 namespaces, 58 types, and 499 members
  Merging duplicate type and member information
  Merged 0 duplicate type(s) and 0 duplicate member(s)
Done Building Project &quot;C:\Files\Dropbox\Develop\Shared\danielanywhere.github.io\ProjectTask\Working\GenerateRefInfo-5a58ab79-d1f6-4c8a-bb5d-0eff22991692.proj&quot; (default targets).
    Last step completed in 00:00:01.1270
</buildStep>
<buildStep step="ApplyDocumentModel">
Applying document model to reflection output...
    Last step completed in 00:00:00.2880
</buildStep>
<buildStep step="AddApiTopicFilenames">
Adding topic filenames to API members...
    Unique name M_ProjectTask_DateRangeCollection_Add_1 generated for M:ProjectTask.DateRangeCollection.Add(ProjectTask.DateRangeCollection)
    Unique name M_ProjectTask_DateRangeCollection_Add_2 generated for M:ProjectTask.DateRangeCollection.Add(System.DateTime,System.DateTime)
    Unique name M_ProjectTask_DateRangeCollection_Add_3 generated for M:ProjectTask.DateRangeCollection.Add(System.DateTime,System.TimeSpan)
    Unique name M_ProjectTask_DateRangeCollection_And_1 generated for M:ProjectTask.DateRangeCollection.And(ProjectTask.DateRangeCollection,ProjectTask.DateRangeCollection)
    Unique name M_ProjectTask_DateRangeCollection_Mask_1 generated for M:ProjectTask.DateRangeCollection.Mask(ProjectTask.DateRangeCollection,ProjectTask.DateRangeItem)
    Unique name M_ProjectTask_DateRangeItem__ctor_1 generated for M:ProjectTask.DateRangeItem.#ctor(ProjectTask.DateRangeItem)
    Unique name M_ProjectTask_DateRangeItem__ctor_2 generated for M:ProjectTask.DateRangeItem.#ctor(System.DateTime,System.DateTime)
    Unique name M_ProjectTask_DateRangeItem__ctor_3 generated for M:ProjectTask.DateRangeItem.#ctor(System.DateTime,System.TimeSpan)
    Unique name M_ProjectTask_DateRangeItem_Fit_1 generated for M:ProjectTask.DateRangeItem.Fit(ProjectTask.DateRangeItem,System.DateTime)
    Unique name M_ProjectTask_ItemEventArgs_1__ctor_1 generated for M:ProjectTask.ItemEventArgs`1.#ctor(`0)
    Unique name M_ProjectTask_ProjectTaskUtil_GetValue_1 generated for M:ProjectTask.ProjectTaskUtil.GetValue(System.Text.RegularExpressions.Match,System.String)
    Unique name M_ProjectTask_ProjectTaskUtil_GetValue_2 generated for M:ProjectTask.ProjectTaskUtil.GetValue(System.Type,System.Object,System.String)
    Unique name M_ProjectTask_ProjectTaskUtil_IsReferenceOnly_1 generated for M:ProjectTask.ProjectTaskUtil.IsReferenceOnly(ProjectTask.IItem)
    Unique name M_ProjectTask_ProjectTaskUtil_SetPrecision_1 generated for M:ProjectTask.ProjectTaskUtil.SetPrecision(System.Single,System.Int32)
    Unique name M_ProjectTask_ProjectTaskUtil_ToDouble_1 generated for M:ProjectTask.ProjectTaskUtil.ToDouble(System.String)
    Unique name M_ProjectTask_ProjectTaskUtil_ToFloat_1 generated for M:ProjectTask.ProjectTaskUtil.ToFloat(System.String)
    Unique name M_ProjectTask_ProjectTaskUtil_ToInt_1 generated for M:ProjectTask.ProjectTaskUtil.ToInt(System.String)
    Unique name M_ProjectTask_ProjectTaskUtil_ToTimeSpan_1 generated for M:ProjectTask.ProjectTaskUtil.ToTimeSpan(System.Single)
    Unique name M_ProjectTask_PropertyCollection_Add_1 generated for M:ProjectTask.PropertyCollection.Add(System.String,System.Int32)
    Unique name M_ProjectTask_PropertyCollection_Add_2 generated for M:ProjectTask.PropertyCollection.Add(System.String,System.Single)
    Unique name M_ProjectTask_PropertyCollection_SetValue_1 generated for M:ProjectTask.PropertyCollection.SetValue(System.String,System.Int32)
    Unique name M_ProjectTask_PropertyCollection_SetValue_2 generated for M:ProjectTask.PropertyCollection.SetValue(System.String,System.Single)
    Unique name M_ProjectTask_PropertyCollection_SetValue_3 generated for M:ProjectTask.PropertyCollection.SetValue(System.String,System.String)
    Unique name M_ProjectTask_ScheduleEngine__ctor_1 generated for M:ProjectTask.ScheduleEngine.#ctor(ProjectTask.ProjectContext)
    Unique name M_ProjectTask_TaskCollection_Add_1 generated for M:ProjectTask.TaskCollection.Add(System.ValueTuple{System.String,System.String,ProjectTask.TaskTypeItem,ProjectTask.TaskStatusItem}[])
    Unique name M_ProjectTask_TaskCollection_Add_2 generated for M:ProjectTask.TaskCollection.Add(System.ValueTuple{System.String,System.String,System.String,System.String}[])
    Unique name M_ProjectTask_TaskItem__ctor_1 generated for M:ProjectTask.TaskItem.#ctor(System.String)
    Unique name M_ProjectTask_TaskItem__ctor_2 generated for M:ProjectTask.TaskItem.#ctor(System.String,System.String)
    Unique name M_ProjectTask_TaskItem_GetInheritedTeamContacts_1 generated for M:ProjectTask.TaskItem.GetInheritedTeamContacts(ProjectTask.TaskItem,System.Collections.Generic.List{ProjectTask.ContactItem})
    Last step completed in 00:00:00.3200
</buildStep>
<buildStep step="GenerateApiTopicManifest">
Generating API topic manifest...
    Last step completed in 00:00:00.4550
</buildStep>
<buildStep step="GenerateNamespaceSummaries">
Generating namespace summary information...
    Last step completed in 00:00:00.0700
</buildStep>
<buildStep step="CopyAdditionalContent">
Copying additional content files...
No additional content to copy
    Last step completed in 00:00:00.0030
</buildStep>
<buildStep step="MergeTablesOfContents">
Merging conceptual and additional tables of contents...
    Last step completed in 00:00:00.0000
</buildStep>
<buildStep step="GenerateIntermediateTableOfContents">
Generating intermediate table of contents file for API content...
Generating conceptual content intermediate TOC file...
    Last step completed in 00:00:00.0930
</buildStep>
<buildStep step="CreateBuildAssemblerConfigs">
Creating Sandcastle configuration files...
    Last step completed in 00:00:00.1500
</buildStep>
<buildStep step="CombiningIntermediateTocFiles">
Combining conceptual and API intermediate TOC files...
    Last step completed in 00:00:00.0140
</buildStep>
<buildStep step="MergeCustomConfigs">
Merging custom build component configurations
C:\Files\Dropbox\Develop\Shared\danielanywhere.github.io\ProjectTask\Working\BuildAssembler.config
  Updating reference topic configurations.
  No conceptual content.  Removing conceptual content components.
    Last step completed in 00:00:00.0280
</buildStep>
<buildStep step="BuildTopics">
Building help topics...
<plugIn name="Website Table of Contents Generator" behavior="Before" priority="1000">
Loading TOC info and adding unique IDs to parent nodes
</plugIn>Loading configuration...
Processing topics...
SHFB: Warning BE0066: ResolveReferenceLinksComponent: [T:ProjectTask.TicketCollectionConverter`1] Unknown reference link target &#39;T:Newtonsoft.Json.JsonConverter&#39;.
SHFB: Warning BE0066: ResolveReferenceLinksComponent: [T:ProjectTask.TicketCollectionConverter`1] Unknown reference link target &#39;P:Newtonsoft.Json.JsonConverter.CanRead&#39;.
SHFB: Warning BE0066: ResolveReferenceLinksComponent: [T:ProjectTask.TicketCollectionConverter`1] Unknown reference link target &#39;T:Newtonsoft.Json.JsonConverter&#39;.
SHFB: Warning BE0066: ResolveReferenceLinksComponent: [T:ProjectTask.TicketCollectionConverter`1] Unknown reference link target &#39;P:Newtonsoft.Json.JsonConverter.CanWrite&#39;.
SHFB: Warning BE0066: ResolveReferenceLinksComponent: [T:ProjectTask.TicketCollectionConverter`1] Unknown reference link target &#39;T:Newtonsoft.Json.JsonConverter&#39;.
SHFB: Warning BE0066: ResolveReferenceLinksComponent: [T:ProjectTask.TicketCollectionConverter`1] Unknown reference link target &#39;M:Newtonsoft.Json.JsonConverter.CanConvert(System.Type)&#39;.
SHFB: Warning BE0066: ResolveReferenceLinksComponent: [T:ProjectTask.TicketCollectionConverter`1] Unknown reference link target &#39;M:Newtonsoft.Json.JsonConverter.ReadJson(Newtonsoft.Json.JsonReader,System.Type,System.Object,Newtonsoft.Json.JsonSerializer)&#39;.
SHFB: Warning BE0066: ResolveReferenceLinksComponent: [T:ProjectTask.TicketCollectionConverter`1] Unknown reference link target &#39;M:Newtonsoft.Json.JsonConverter.WriteJson(Newtonsoft.Json.JsonWriter,System.Object,Newtonsoft.Json.JsonSerializer)&#39;.
SHFB: Warning BE0066: ResolveReferenceLinksComponent: [Methods.T:ProjectTask.TicketCollectionConverter`1] Unknown reference link target &#39;M:Newtonsoft.Json.JsonConverter.CanConvert(System.Type)&#39;.
SHFB: Warning BE0066: ResolveReferenceLinksComponent: [Methods.T:ProjectTask.TicketCollectionConverter`1] Unknown reference link target &#39;M:Newtonsoft.Json.JsonConverter.ReadJson(Newtonsoft.Json.JsonReader,System.Type,System.Object,Newtonsoft.Json.JsonSerializer)&#39;.
SHFB: Warning BE0066: ResolveReferenceLinksComponent: [Methods.T:ProjectTask.TicketCollectionConverter`1] Unknown reference link target &#39;M:Newtonsoft.Json.JsonConverter.WriteJson(Newtonsoft.Json.JsonWriter,System.Object,Newtonsoft.Json.JsonSerializer)&#39;.
SHFB: Warning BE0066: ResolveReferenceLinksComponent: [Properties.T:ProjectTask.TicketCollectionConverter`1] Unknown reference link target &#39;P:Newtonsoft.Json.JsonConverter.CanRead&#39;.
SHFB: Warning BE0066: ResolveReferenceLinksComponent: [Properties.T:ProjectTask.TicketCollectionConverter`1] Unknown reference link target &#39;T:Newtonsoft.Json.JsonConverter&#39;.
SHFB: Warning BE0066: ResolveReferenceLinksComponent: [Properties.T:ProjectTask.TicketCollectionConverter`1] Unknown reference link target &#39;P:Newtonsoft.Json.JsonConverter.CanWrite&#39;.
SHFB: Warning BE0066: ResolveReferenceLinksComponent: [Properties.T:ProjectTask.TicketCollectionConverter`1] Unknown reference link target &#39;T:Newtonsoft.Json.JsonConverter&#39;.
SHFB: Warning BE0066: ResolveReferenceLinksComponent: [M:ProjectTask.TicketCollectionConverter`1.ReadJson(Newtonsoft.Json.JsonReader,System.Type,System.Object,Newtonsoft.Json.JsonSerializer)] Unknown reference link target &#39;T:Newtonsoft.Json.JsonReader&#39;.
SHFB: Warning BE0066: ResolveReferenceLinksComponent: [M:ProjectTask.TicketCollectionConverter`1.ReadJson(Newtonsoft.Json.JsonReader,System.Type,System.Object,Newtonsoft.Json.JsonSerializer)] Unknown reference link target &#39;T:Newtonsoft.Json.JsonSerializer&#39;.
SHFB: Warning BE0066: ResolveReferenceLinksComponent: [M:ProjectTask.TicketCollectionConverter`1.WriteJson(Newtonsoft.Json.JsonWriter,System.Object,Newtonsoft.Json.JsonSerializer)] Unknown reference link target &#39;T:Newtonsoft.Json.JsonWriter&#39;.
SHFB: Warning BE0066: ResolveReferenceLinksComponent: [M:ProjectTask.TicketCollectionConverter`1.WriteJson(Newtonsoft.Json.JsonWriter,System.Object,Newtonsoft.Json.JsonSerializer)] Unknown reference link target &#39;T:Newtonsoft.Json.JsonSerializer&#39;.
SHFB: Warning BE0066: ResolveReferenceLinksComponent: [T:ProjectTask.TicketConverter`1] Unknown reference link target &#39;T:Newtonsoft.Json.JsonConverter&#39;.
SHFB: Warning BE0066: ResolveReferenceLinksComponent: [T:ProjectTask.TicketConverter`1] Unknown reference link target &#39;P:Newtonsoft.Json.JsonConverter.CanRead&#39;.
SHFB: Warning BE0066: ResolveReferenceLinksComponent: [T:ProjectTask.TicketConverter`1] Unknown reference link target &#39;T:Newtonsoft.Json.JsonConverter&#39;.
SHFB: Warning BE0066: ResolveReferenceLinksComponent: [T:ProjectTask.TicketConverter`1] Unknown reference link target &#39;P:Newtonsoft.Json.JsonConverter.CanWrite&#39;.
SHFB: Warning BE0066: ResolveReferenceLinksComponent: [T:ProjectTask.TicketConverter`1] Unknown reference link target &#39;T:Newtonsoft.Json.JsonConverter&#39;.
SHFB: Warning BE0066: ResolveReferenceLinksComponent: [T:ProjectTask.TicketConverter`1] Unknown reference link target &#39;M:Newtonsoft.Json.JsonConverter.CanConvert(System.Type)&#39;.
SHFB: Warning BE0066: ResolveReferenceLinksComponent: [T:ProjectTask.TicketConverter`1] Unknown reference link target &#39;M:Newtonsoft.Json.JsonConverter.ReadJson(Newtonsoft.Json.JsonReader,System.Type,System.Object,Newtonsoft.Json.JsonSerializer)&#39;.
SHFB: Warning BE0066: ResolveReferenceLinksComponent: [T:ProjectTask.TicketConverter`1] Unknown reference link target &#39;M:Newtonsoft.Json.JsonConverter.WriteJson(Newtonsoft.Json.JsonWriter,System.Object,Newtonsoft.Json.JsonSerializer)&#39;.
SHFB: Warning BE0066: ResolveReferenceLinksComponent: [Methods.T:ProjectTask.TicketConverter`1] Unknown reference link target &#39;M:Newtonsoft.Json.JsonConverter.CanConvert(System.Type)&#39;.
SHFB: Warning BE0066: ResolveReferenceLinksComponent: [Methods.T:ProjectTask.TicketConverter`1] Unknown reference link target &#39;M:Newtonsoft.Json.JsonConverter.ReadJson(Newtonsoft.Json.JsonReader,System.Type,System.Object,Newtonsoft.Json.JsonSerializer)&#39;.
SHFB: Warning BE0066: ResolveReferenceLinksComponent: [Methods.T:ProjectTask.TicketConverter`1] Unknown reference link target &#39;M:Newtonsoft.Json.JsonConverter.WriteJson(Newtonsoft.Json.JsonWriter,System.Object,Newtonsoft.Json.JsonSerializer)&#39;.
SHFB: Warning BE0066: ResolveReferenceLinksComponent: [Properties.T:ProjectTask.TicketConverter`1] Unknown reference link target &#39;P:Newtonsoft.Json.JsonConverter.CanRead&#39;.
SHFB: Warning BE0066: ResolveReferenceLinksComponent: [Properties.T:ProjectTask.TicketConverter`1] Unknown reference link target &#39;T:Newtonsoft.Json.JsonConverter&#39;.
SHFB: Warning BE0066: ResolveReferenceLinksComponent: [Properties.T:ProjectTask.TicketConverter`1] Unknown reference link target &#39;P:Newtonsoft.Json.JsonConverter.CanWrite&#39;.
SHFB: Warning BE0066: ResolveReferenceLinksComponent: [Properties.T:ProjectTask.TicketConverter`1] Unknown reference link target &#39;T:Newtonsoft.Json.JsonConverter&#39;.
SHFB: Warning BE0066: ResolveReferenceLinksComponent: [M:ProjectTask.TicketConverter`1.ReadJson(Newtonsoft.Json.JsonReader,System.Type,System.Object,Newtonsoft.Json.JsonSerializer)] Unknown reference link target &#39;T:Newtonsoft.Json.JsonReader&#39;.
SHFB: Warning BE0066: ResolveReferenceLinksComponent: [M:ProjectTask.TicketConverter`1.ReadJson(Newtonsoft.Json.JsonReader,System.Type,System.Object,Newtonsoft.Json.JsonSerializer)] Unknown reference link target &#39;T:Newtonsoft.Json.JsonSerializer&#39;.
SHFB: Warning BE0066: ResolveReferenceLinksComponent: [M:ProjectTask.TicketConverter`1.WriteJson(Newtonsoft.Json.JsonWriter,System.Object,Newtonsoft.Json.JsonSerializer)] Unknown reference link target &#39;T:Newtonsoft.Json.JsonWriter&#39;.
SHFB: Warning BE0066: ResolveReferenceLinksComponent: [M:ProjectTask.TicketConverter`1.WriteJson(Newtonsoft.Json.JsonWriter,System.Object,Newtonsoft.Json.JsonSerializer)] Unknown reference link target &#39;T:Newtonsoft.Json.JsonSerializer&#39;.
Processed 614 topic(s)
38 warning(s)
CopyFromIndexComponent: &quot;reflection&quot; in-memory cache entries used: 5 of 15.
CopyFromIndexComponent: &quot;comments&quot; in-memory cache entries used: 1 of 30.
<plugIn name="Website Table of Contents Generator" behavior="After" priority="1000">
Generating TOC fragment files
</plugIn>    Last step completed in 00:00:05.1270
</buildStep>
<buildStep step="CopyStandardHelpContent">
Copying standard help content...
C:\Program Files (x86)\EWSoftware\Sandcastle Help File Builder\Components\Default2022\css\bulma.css -&gt; C:\Files\Dropbox\Develop\Shared\danielanywhere.github.io\ProjectTask\Working\Output\Website\css\bulma.css
C:\Program Files (x86)\EWSoftware\Sandcastle Help File Builder\Components\Default2022\css\bulma.css.map -&gt; C:\Files\Dropbox\Develop\Shared\danielanywhere.github.io\ProjectTask\Working\Output\Website\css\bulma.css.map
C:\Program Files (x86)\EWSoftware\Sandcastle Help File Builder\Components\Default2022\css\bulma.min.css -&gt; C:\Files\Dropbox\Develop\Shared\danielanywhere.github.io\ProjectTask\Working\Output\Website\css\bulma.min.css
C:\Program Files (x86)\EWSoftware\Sandcastle Help File Builder\Components\Default2022\css\font-awesome.css -&gt; C:\Files\Dropbox\Develop\Shared\danielanywhere.github.io\ProjectTask\Working\Output\Website\css\font-awesome.css
C:\Program Files (x86)\EWSoftware\Sandcastle Help File Builder\Components\Default2022\css\font-awesome.min.css -&gt; C:\Files\Dropbox\Develop\Shared\danielanywhere.github.io\ProjectTask\Working\Output\Website\css\font-awesome.min.css
C:\Program Files (x86)\EWSoftware\Sandcastle Help File Builder\Components\Default2022\css\ja-JP.css -&gt; C:\Files\Dropbox\Develop\Shared\danielanywhere.github.io\ProjectTask\Working\Output\Website\css\ja-JP.css
C:\Program Files (x86)\EWSoftware\Sandcastle Help File Builder\Components\Default2022\css\ko-KR.css -&gt; C:\Files\Dropbox\Develop\Shared\danielanywhere.github.io\ProjectTask\Working\Output\Website\css\ko-KR.css
C:\Program Files (x86)\EWSoftware\Sandcastle Help File Builder\Components\Default2022\css\presentationStyle.css -&gt; C:\Files\Dropbox\Develop\Shared\danielanywhere.github.io\ProjectTask\Working\Output\Website\css\presentationStyle.css
C:\Program Files (x86)\EWSoftware\Sandcastle Help File Builder\Components\Default2022\css\vs.min.css -&gt; C:\Files\Dropbox\Develop\Shared\danielanywhere.github.io\ProjectTask\Working\Output\Website\css\vs.min.css
C:\Program Files (x86)\EWSoftware\Sandcastle Help File Builder\Components\Default2022\css\zh-CN.css -&gt; C:\Files\Dropbox\Develop\Shared\danielanywhere.github.io\ProjectTask\Working\Output\Website\css\zh-CN.css
C:\Program Files (x86)\EWSoftware\Sandcastle Help File Builder\Components\Default2022\css\zh-TW.css -&gt; C:\Files\Dropbox\Develop\Shared\danielanywhere.github.io\ProjectTask\Working\Output\Website\css\zh-TW.css
C:\Program Files (x86)\EWSoftware\Sandcastle Help File Builder\Components\Default2022\icons\favicon.ico -&gt; C:\Files\Dropbox\Develop\Shared\danielanywhere.github.io\ProjectTask\Working\Output\Website\icons\favicon.ico
C:\Program Files (x86)\EWSoftware\Sandcastle Help File Builder\Components\Default2022\scripts\clipboard.min.js -&gt; C:\Files\Dropbox\Develop\Shared\danielanywhere.github.io\ProjectTask\Working\Output\Website\scripts\clipboard.min.js
C:\Program Files (x86)\EWSoftware\Sandcastle Help File Builder\Components\Default2022\scripts\highlight.min.js -&gt; C:\Files\Dropbox\Develop\Shared\danielanywhere.github.io\ProjectTask\Working\Output\Website\scripts\highlight.min.js
C:\Program Files (x86)\EWSoftware\Sandcastle Help File Builder\Components\Default2022\scripts\jquery-3.5.1.min.js -&gt; C:\Files\Dropbox\Develop\Shared\danielanywhere.github.io\ProjectTask\Working\Output\Website\scripts\jquery-3.5.1.min.js
C:\Program Files (x86)\EWSoftware\Sandcastle Help File Builder\Components\Default2022\scripts\presentationStyle.js -&gt; C:\Files\Dropbox\Develop\Shared\danielanywhere.github.io\ProjectTask\Working\Output\Website\scripts\presentationStyle.js
C:\Program Files (x86)\EWSoftware\Sandcastle Help File Builder\Components\Default2022\webfonts\fa-brands-400.ttf -&gt; C:\Files\Dropbox\Develop\Shared\danielanywhere.github.io\ProjectTask\Working\Output\Website\webfonts\fa-brands-400.ttf
C:\Program Files (x86)\EWSoftware\Sandcastle Help File Builder\Components\Default2022\webfonts\fa-brands-400.woff2 -&gt; C:\Files\Dropbox\Develop\Shared\danielanywhere.github.io\ProjectTask\Working\Output\Website\webfonts\fa-brands-400.woff2
C:\Program Files (x86)\EWSoftware\Sandcastle Help File Builder\Components\Default2022\webfonts\fa-regular-400.ttf -&gt; C:\Files\Dropbox\Develop\Shared\danielanywhere.github.io\ProjectTask\Working\Output\Website\webfonts\fa-regular-400.ttf
C:\Program Files (x86)\EWSoftware\Sandcastle Help File Builder\Components\Default2022\webfonts\fa-regular-400.woff2 -&gt; C:\Files\Dropbox\Develop\Shared\danielanywhere.github.io\ProjectTask\Working\Output\Website\webfonts\fa-regular-400.woff2
C:\Program Files (x86)\EWSoftware\Sandcastle Help File Builder\Components\Default2022\webfonts\fa-solid-900.ttf -&gt; C:\Files\Dropbox\Develop\Shared\danielanywhere.github.io\ProjectTask\Working\Output\Website\webfonts\fa-solid-900.ttf
C:\Program Files (x86)\EWSoftware\Sandcastle Help File Builder\Components\Default2022\webfonts\fa-solid-900.woff2 -&gt; C:\Files\Dropbox\Develop\Shared\danielanywhere.github.io\ProjectTask\Working\Output\Website\webfonts\fa-solid-900.woff2
C:\Program Files (x86)\EWSoftware\Sandcastle Help File Builder\Components\Default2022\webfonts\fa-v4compatibility.ttf -&gt; C:\Files\Dropbox\Develop\Shared\danielanywhere.github.io\ProjectTask\Working\Output\Website\webfonts\fa-v4compatibility.ttf
C:\Program Files (x86)\EWSoftware\Sandcastle Help File Builder\Components\Default2022\webfonts\fa-v4compatibility.woff2 -&gt; C:\Files\Dropbox\Develop\Shared\danielanywhere.github.io\ProjectTask\Working\Output\Website\webfonts\fa-v4compatibility.woff2
C:\Program Files (x86)\EWSoftware\Sandcastle Help File Builder\Components\Default2022\RootWebsiteContent\GeneralError.html -&gt; C:\Files\Dropbox\Develop\Shared\danielanywhere.github.io\ProjectTask\Working\Output\Website\GeneralError.html
C:\Program Files (x86)\EWSoftware\Sandcastle Help File Builder\Components\Default2022\RootWebsiteContent\index.html -&gt; C:\Files\Dropbox\Develop\Shared\danielanywhere.github.io\ProjectTask\Working\Output\Website\index.html
C:\Program Files (x86)\EWSoftware\Sandcastle Help File Builder\Components\Default2022\RootWebsiteContent\PageNotFound.html -&gt; C:\Files\Dropbox\Develop\Shared\danielanywhere.github.io\ProjectTask\Working\Output\Website\PageNotFound.html
C:\Program Files (x86)\EWSoftware\Sandcastle Help File Builder\Components\Default2022\RootWebsiteContent\search.html -&gt; C:\Files\Dropbox\Develop\Shared\danielanywhere.github.io\ProjectTask\Working\Output\Website\search.html
C:\Program Files (x86)\EWSoftware\Sandcastle Help File Builder\Components\Default2022\RootWebsiteContent\SearchHelp.aspx -&gt; C:\Files\Dropbox\Develop\Shared\danielanywhere.github.io\ProjectTask\Working\Output\Website\SearchHelp.aspx
C:\Program Files (x86)\EWSoftware\Sandcastle Help File Builder\Components\Default2022\RootWebsiteContent\SearchHelp.inc.php -&gt; C:\Files\Dropbox\Develop\Shared\danielanywhere.github.io\ProjectTask\Working\Output\Website\SearchHelp.inc.php
C:\Program Files (x86)\EWSoftware\Sandcastle Help File Builder\Components\Default2022\RootWebsiteContent\SearchHelp.php -&gt; C:\Files\Dropbox\Develop\Shared\danielanywhere.github.io\ProjectTask\Working\Output\Website\SearchHelp.php
C:\Program Files (x86)\EWSoftware\Sandcastle Help File Builder\Components\Default2022\RootWebsiteContent\Web.Config -&gt; C:\Files\Dropbox\Develop\Shared\danielanywhere.github.io\ProjectTask\Working\Output\Website\Web.Config
    Last step completed in 00:00:00.0650
</buildStep>
<buildStep step="GenerateFullTextIndex">
Generating full-text index for the website...

    Last step completed in 00:00:00.8100
</buildStep>
<buildStep step="CopyingWebsiteFiles">
Copying website files to output folder...

Copied 500 files
Copied 819 files for the website content
    Last step completed in 00:00:01.0320
</buildStep>
<buildStep step="CleanIntermediates">
Removing intermediate files...
    Not all build output was removed from &#39;C:\Files\Dropbox\Develop\Shared\danielanywhere.github.io\ProjectTask\Working\&#39;: The process cannot access the file &#39;C:\Files\Dropbox\Develop\Shared\danielanywhere.github.io\ProjectTask\Working\Output\Website\css&#39; because it is being used by another process.
    Last step completed in 00:00:00.2410
</buildStep>
<buildStep step="Completed">

Build completed successfully at 08/14/2025 08:08:27.  Total time: 00:00:10.9080

</buildStep>
</shfbBuild>
