<?xml version="1.0" encoding="utf-8"?>
<shfbBuild product="Sandcastle Help File Builder and Tools" version="2024.12.21.0" projectFile="C:\Files\Dropbox\Develop\Shared\Geometry\Scripts\GeometryDocumentation.shfbproj" started="08/20/2025 13:22:00">
<buildStep step="Initializing">
The Sandcastle tools are located in &#39;C:\Program Files (x86)\EWSoftware\Sandcastle Help File Builder&#39;
Locating components in the following folder(s):
    C:\Files\Dropbox\Develop\Shared\Geometry\Scripts
    C:\ProgramData\EWSoftware\Sandcastle Help File Builder\Components and Plug-Ins
    C:\Program Files (x86)\EWSoftware\Sandcastle Help File Builder\Components
Using framework reflection data for &#39;Cross-platform (.NET Core/.NET Standard)&#39; located in &#39;C:\Program Files (x86)\EWSoftware\Sandcastle Help File Builder\Data\.NETFramework&#39;
Using presentation style &#39;Default2022&#39; located in &#39;C:\Program Files (x86)\EWSoftware\Sandcastle Help File Builder\Components\Default2022&#39;
Loading and initializing plug-ins...
Website Table of Contents Generator Version 2024.12.21.0
Copyright &#169; 2006-2024, Eric Woodruff, All Rights Reserved
</buildStep>
<buildStep step="ClearWorkFolder">
Clearing working folder...
-------------------------------
Clearing any prior web/markdown output...
</buildStep>
<buildStep step="ValidatingDocumentationSources">
Validating and copying documentation source information
Source: C:\Files\Dropbox\Develop\Shared\Geometry\Source\Geometry\bin\Release\netstandard2.0\Geometry.xml
Source: C:\Files\Dropbox\Develop\Shared\Geometry\Source\Geometry\bin\Release\netstandard2.0\Geometry.dll
    Found assembly &#39;C:\Files\Dropbox\Develop\Shared\Geometry\Source\Geometry\bin\Release\netstandard2.0\Geometry.dll&#39;

References to include:
    Newtonsoft.Json

Copying XML comments files
    C:\Files\Dropbox\Develop\Shared\Geometry\Source\Geometry\bin\Release\netstandard2.0\Geometry.xml -&gt; C:\Files\Dropbox\Develop\Shared\danielanywhere.github.io\Geometry\Working\Geometry.xml
</buildStep>
<buildStep step="GenerateSharedContent">
Generating shared content files (en-US, English (United States))...
    Last step completed in 00:00:00.0000
</buildStep>
<buildStep step="GenerateApiFilter">
Generating API filter for MRefBuilder...
    Last step completed in 00:00:00.0378
</buildStep>
<buildStep step="GenerateReflectionInfo">
Generating reflection information...
[C:\Program Files\Microsoft Visual Studio\2022\Community\MSBuild\Current\Bin\amd64\MSBuild.exe - GenerateRefInfo-15e1885f-c1d1-421c-acdb-79e1c8a66fd1.proj]
Build started 08/20/2025 13:22:06.

Project &quot;C:\Files\Dropbox\Develop\Shared\danielanywhere.github.io\Geometry\Working\GenerateRefInfo-15e1885f-c1d1-421c-acdb-79e1c8a66fd1.proj&quot; on node 1 (default targets).
PrepareForBuild:
  Creating directory &quot;obj\Debug\&quot;.
GenerateRefInfo:
  Microsoft.Build (v17.9.8+b34f75857bacf5ecd5531f7ff763a5739d3ae435)
  c Microsoft Corporation. All rights reserved.
  No source code context base path specified.  Source context information is unavailable.
  Loaded 1 assemblies for reflection and 104 dependency assemblies.
  Wrote information on 1 namespaces, 49 types, and 798 members
  Merging duplicate type and member information
  Merged 0 duplicate type(s) and 0 duplicate member(s)
Done Building Project &quot;C:\Files\Dropbox\Develop\Shared\danielanywhere.github.io\Geometry\Working\GenerateRefInfo-15e1885f-c1d1-421c-acdb-79e1c8a66fd1.proj&quot; (default targets).
    Last step completed in 00:00:01.5387
</buildStep>
<buildStep step="ApplyDocumentModel">
Applying document model to reflection output...
    Last step completed in 00:00:00.2270
</buildStep>
<buildStep step="AddApiTopicFilenames">
Adding topic filenames to API members...
    Unique name M_Geometry_Camera3D_ProjectToScreen_1 generated for M:Geometry.Camera3D.ProjectToScreen(Geometry.FVector3)
    Unique name M_Geometry_CameraOrtho_ProjectToScreen_1 generated for M:Geometry.CameraOrtho.ProjectToScreen(Geometry.FVector3)
    Unique name M_Geometry_Circle_GetArcBoundingBox_1 generated for M:Geometry.Circle.GetArcBoundingBox(Geometry.FVector2,Geometry.FVector2,Geometry.FVector2,Geometry.WindingOrientationEnum,Geometry.DrawingSpaceEnum)
    Unique name M_Geometry_Circle_GetQuadrantCrossings_1 generated for M:Geometry.Circle.GetQuadrantCrossings(System.Single,System.Single,Geometry.WindingOrientationEnum,Geometry.DrawingSpaceEnum)
    Unique name M_Geometry_Circle_GetQuadrantsOccupied_1 generated for M:Geometry.Circle.GetQuadrantsOccupied(System.Single,System.Single,Geometry.WindingOrientationEnum,Geometry.DrawingSpaceEnum)
    Unique name M_Geometry_FArea__ctor_1 generated for M:Geometry.FArea.#ctor(Geometry.FArea)
    Unique name M_Geometry_FArea__ctor_2 generated for M:Geometry.FArea.#ctor(Geometry.FVector2,Geometry.FSize)
    Unique name M_Geometry_FArea__ctor_3 generated for M:Geometry.FArea.#ctor(Geometry.FVector2,Geometry.FVector2)
    Unique name M_Geometry_FArea__ctor_4 generated for M:Geometry.FArea.#ctor(System.Single,System.Single,System.Single,System.Single)
    Unique name M_Geometry_FArea_GetIntersections_1 generated for M:Geometry.FArea.GetIntersections(Geometry.FArea,Geometry.FLine)
    Unique name M_Geometry_FArea_HasIntersection_1 generated for M:Geometry.FArea.HasIntersection(Geometry.FArea,Geometry.FLine)
    Unique name M_Geometry_FArea_MoveTo_1 generated for M:Geometry.FArea.MoveTo(Geometry.FArea,System.Single,System.Single)
    Unique name M_Geometry_FArea_Scale_1 generated for M:Geometry.FArea.Scale(Geometry.FArea,System.Single)
    Unique name M_Geometry_FArea_Set_1 generated for M:Geometry.FArea.Set(Geometry.FArea,System.Single,System.Single,System.Single,System.Single)
    Unique name M_Geometry_FArea_Translate_1 generated for M:Geometry.FArea.Translate(Geometry.FArea,System.Single,System.Single)
    Unique name M_Geometry_FColor4__ctor_1 generated for M:Geometry.FColor4.#ctor(System.Single,System.Single,System.Single,System.Single)
    Unique name M_Geometry_FColor4_op_Addition_1 generated for M:Geometry.FColor4.op_Addition(Geometry.FColor4,System.Single)
    Unique name M_Geometry_FColor4_op_Multiply_1 generated for M:Geometry.FColor4.op_Multiply(Geometry.FColor4,System.Single)
    Unique name M_Geometry_FEllipse__ctor_1 generated for M:Geometry.FEllipse.#ctor(System.Single,System.Single,System.Single,System.Single)
    Unique name M_Geometry_FEllipse_BoundingBox_1 generated for M:Geometry.FEllipse.BoundingBox(System.Collections.Generic.List{Geometry.FEllipse})
    Unique name M_Geometry_FEllipse_FindIntersections_1 generated for M:Geometry.FEllipse.FindIntersections(Geometry.FVector2,System.Single,System.Single,Geometry.FLine,System.Boolean)
    Unique name M_Geometry_FEllipse_Scale_1 generated for M:Geometry.FEllipse.Scale(Geometry.FEllipse,System.Single)
    Unique name M_Geometry_FLine__ctor_1 generated for M:Geometry.FLine.#ctor(Geometry.FVector2,Geometry.FVector2)
    Unique name M_Geometry_FLine__ctor_2 generated for M:Geometry.FLine.#ctor(System.Single,System.Single,System.Single,System.Single)
    Unique name M_Geometry_FLine_Intersect_1 generated for M:Geometry.FLine.Intersect(Geometry.FLine,Geometry.FVector2,System.Single)
    Unique name M_Geometry_FLine_Intersect_2 generated for M:Geometry.FLine.Intersect(Geometry.FVector2,Geometry.FVector2,Geometry.FVector2,System.Single)
    Unique name M_Geometry_FLine_Scale_1 generated for M:Geometry.FLine.Scale(Geometry.FLine,Geometry.FScale)
    Unique name M_Geometry_FLine_Scale_2 generated for M:Geometry.FLine.Scale(Geometry.FLine,System.Single)
    Unique name M_Geometry_FLine3__ctor_1 generated for M:Geometry.FLine3.#ctor(Geometry.FVector3,Geometry.FVector3,Geometry.FColor4)
    Unique name M_Geometry_FloatEventArgs__ctor_1 generated for M:Geometry.FloatEventArgs.#ctor(System.Single,System.Single)
    Unique name M_Geometry_FloatPointEventArgs__ctor_1 generated for M:Geometry.FloatPointEventArgs.#ctor(Geometry.FVector2,Geometry.FVector2)
    Unique name M_Geometry_FloatPointEventArgs__ctor_2 generated for M:Geometry.FloatPointEventArgs.#ctor(Geometry.FVector3,Geometry.FVector3)
    Unique name M_Geometry_FloatPointEventArgs__ctor_3 generated for M:Geometry.FloatPointEventArgs.#ctor(Geometry.FVector4,Geometry.FVector4)
    Unique name M_Geometry_FloatPointEventArgs__ctor_4 generated for M:Geometry.FloatPointEventArgs.#ctor(System.Single,System.Single,System.Single,System.Single)
    Unique name M_Geometry_FloatPointEventArgs__ctor_5 generated for M:Geometry.FloatPointEventArgs.#ctor(System.Single,System.Single,System.Single,System.Single,System.Single,System.Single)
    Unique name M_Geometry_FloatPointEventArgs__ctor_6 generated for M:Geometry.FloatPointEventArgs.#ctor(System.Single,System.Single,System.Single,System.Single,System.Single,System.Single,System.Single,System.Single)
    Unique name M_Geometry_FloatPointEventArgs__ctor_7 generated for M:Geometry.FloatPointEventArgs.#ctor(System.String,System.Single,System.Single)
    Unique name M_Geometry_FMatrix3__ctor_1 generated for M:Geometry.FMatrix3.#ctor(System.Single[0:,0:])
    Unique name M_Geometry_FMatrix3_GetDeterminant_1 generated for M:Geometry.FMatrix3.GetDeterminant(System.Single[0:,0:])
    Unique name M_Geometry_FMatrix3_Rotate_1 generated for M:Geometry.FMatrix3.Rotate(Geometry.FVector3,System.Single,System.Single,System.Single,Geometry.AxisType)
    Unique name M_Geometry_FMatrix4__ctor_1 generated for M:Geometry.FMatrix4.#ctor(System.Single[0:,0:])
    Unique name M_Geometry_FMatrix4_GetRotationMatrix_1 generated for M:Geometry.FMatrix4.GetRotationMatrix(System.Single,System.Single,System.Single,Geometry.AxisOrderEnum)
    Unique name M_Geometry_FMatrix4_GetTranslationMatrix_1 generated for M:Geometry.FMatrix4.GetTranslationMatrix(System.Single,System.Single,System.Single)
    Unique name M_Geometry_FMatrix4_Multiply_1 generated for M:Geometry.FMatrix4.Multiply(Geometry.FMatrix4,Geometry.FVector4)
    Unique name M_Geometry_FMatrix4_Scale_1 generated for M:Geometry.FMatrix4.Scale(Geometry.FVector3,Geometry.FVector3)
    Unique name M_Geometry_FPoint__ctor_1 generated for M:Geometry.FPoint.#ctor(Geometry.FPoint)
    Unique name M_Geometry_FPoint__ctor_2 generated for M:Geometry.FPoint.#ctor(Geometry.FVector2)
    Unique name M_Geometry_FPoint__ctor_3 generated for M:Geometry.FPoint.#ctor(System.Single,System.Single)
    Unique name M_Geometry_FPoint_ClosestPoint_1 generated for M:Geometry.FPoint.ClosestPoint(Geometry.FPoint,System.Collections.Generic.List{Geometry.FPoint})
    Unique name M_Geometry_FPoint_op_Implicit_1 generated for M:Geometry.FPoint.op_Implicit(Geometry.FVector2)~Geometry.FPoint
    Unique name M_Geometry_FPoint_op_Multiply_1 generated for M:Geometry.FPoint.op_Multiply(System.Single,Geometry.FPoint)
    Unique name M_Geometry_FPoint_Rotate_1 generated for M:Geometry.FPoint.Rotate(System.Single,System.Single,System.Single)
    Unique name M_Geometry_FPoint_TransferValues_1 generated for M:Geometry.FPoint.TransferValues(Geometry.FPoint,System.Single,System.Single)
    Unique name M_Geometry_FPoint3__ctor_1 generated for M:Geometry.FPoint3.#ctor(Geometry.FPoint3)
    Unique name M_Geometry_FPoint3__ctor_2 generated for M:Geometry.FPoint3.#ctor(Geometry.FVector3)
    Unique name M_Geometry_FPoint3__ctor_3 generated for M:Geometry.FPoint3.#ctor(System.Single,System.Single,System.Single)
    Unique name M_Geometry_FPoint3_Assign_1 generated for M:Geometry.FPoint3.Assign(Geometry.FPoint3,System.Single)
    Unique name M_Geometry_FPoint3_Assign_2 generated for M:Geometry.FPoint3.Assign(Geometry.FPoint3,System.Single,System.Single,System.Single)
    Unique name M_Geometry_FPoint3_Clone_1 generated for M:Geometry.FPoint3.Clone(Geometry.FVector3)
    Unique name M_Geometry_FPoint3_op_Implicit_1 generated for M:Geometry.FPoint3.op_Implicit(Geometry.FPoint3)~Geometry.FVector3
    Unique name M_Geometry_FPoint3_op_Implicit_2 generated for M:Geometry.FPoint3.op_Implicit(Geometry.FVector3)~Geometry.FPoint3
    Unique name M_Geometry_FPoint3_op_Multiply_1 generated for M:Geometry.FPoint3.op_Multiply(System.Single,Geometry.FPoint3)
    Unique name M_Geometry_FPoint3_Rotate_1 generated for M:Geometry.FPoint3.Rotate(System.Single,System.Single,System.Single,System.Single,System.Single,System.Single)
    Unique name M_Geometry_FQuaternion__ctor_1 generated for M:Geometry.FQuaternion.#ctor(Geometry.FVector3,System.Single)
    Unique name M_Geometry_FQuaternion__ctor_2 generated for M:Geometry.FQuaternion.#ctor(System.Single,System.Single,System.Single,System.Single)
    Unique name M_Geometry_FQuaternion_Multiply_1 generated for M:Geometry.FQuaternion.Multiply(Geometry.FQuaternion,System.Single)
    Unique name M_Geometry_FQuaternion_op_Multiply_1 generated for M:Geometry.FQuaternion.op_Multiply(Geometry.FQuaternion,Geometry.FVector3)
    Unique name M_Geometry_FQuaternion_op_Multiply_2 generated for M:Geometry.FQuaternion.op_Multiply(Geometry.FQuaternion,System.Single)
    Unique name M_Geometry_FQuaternion_op_Multiply_3 generated for M:Geometry.FQuaternion.op_Multiply(System.Single,Geometry.FQuaternion)
    Unique name M_Geometry_FRotation3__ctor_1 generated for M:Geometry.FRotation3.#ctor(Geometry.FRotation3)
    Unique name M_Geometry_FRotation3__ctor_2 generated for M:Geometry.FRotation3.#ctor(Geometry.FVector3)
    Unique name M_Geometry_FRotation3__ctor_3 generated for M:Geometry.FRotation3.#ctor(System.Single,System.Single,System.Single)
    Unique name M_Geometry_FRotation3_Assign_1 generated for M:Geometry.FRotation3.Assign(Geometry.FRotation3,System.Single)
    Unique name M_Geometry_FRotation3_Assign_2 generated for M:Geometry.FRotation3.Assign(Geometry.FRotation3,System.Single,System.Single,System.Single)
    Unique name M_Geometry_FRotation3_Clone_1 generated for M:Geometry.FRotation3.Clone(Geometry.FVector3)
    Unique name M_Geometry_FRotation3_op_Implicit_1 generated for M:Geometry.FRotation3.op_Implicit(Geometry.FVector3)~Geometry.FRotation3
    Unique name M_Geometry_FRotation3_op_Multiply_1 generated for M:Geometry.FRotation3.op_Multiply(System.Single,Geometry.FRotation3)
    Unique name M_Geometry_FSize__ctor_1 generated for M:Geometry.FSize.#ctor(System.Single,System.Single)
    Unique name M_Geometry_FVector2__ctor_1 generated for M:Geometry.FVector2.#ctor(Geometry.FVector2)
    Unique name M_Geometry_FVector2__ctor_2 generated for M:Geometry.FVector2.#ctor(System.Single,System.Single)
    Unique name M_Geometry_FVector2_ClosestPoint_1 generated for M:Geometry.FVector2.ClosestPoint(Geometry.FVector2,System.Collections.Generic.List{Geometry.FVector2})
    Unique name M_Geometry_FVector2_op_Division_1 generated for M:Geometry.FVector2.op_Division(System.Single,Geometry.FVector2)
    Unique name M_Geometry_FVector2_op_Multiply_1 generated for M:Geometry.FVector2.op_Multiply(System.Single,Geometry.FVector2)
    Unique name M_Geometry_FVector2_Rotate_1 generated for M:Geometry.FVector2.Rotate(System.Single,System.Single,System.Single)
    Unique name M_Geometry_FVector3__ctor_1 generated for M:Geometry.FVector3.#ctor(Geometry.FVector3)
    Unique name M_Geometry_FVector3__ctor_2 generated for M:Geometry.FVector3.#ctor(System.Single,System.Single,System.Single)
    Unique name M_Geometry_FVector3_Assign_1 generated for M:Geometry.FVector3.Assign(Geometry.FVector3,System.Single)
    Unique name M_Geometry_FVector3_Assign_2 generated for M:Geometry.FVector3.Assign(Geometry.FVector3,System.Single,System.Single,System.Single)
    Unique name M_Geometry_FVector3_Equals_1 generated for M:Geometry.FVector3.Equals(System.Object)
    Unique name M_Geometry_FVector3_GetMagnitude_1 generated for M:Geometry.FVector3.GetMagnitude(Geometry.FVector3,System.Single,System.Single,System.Single)
    Unique name M_Geometry_FVector3_op_Addition_1 generated for M:Geometry.FVector3.op_Addition(Geometry.FVector3,System.Single)
    Unique name M_Geometry_FVector3_op_Addition_2 generated for M:Geometry.FVector3.op_Addition(System.Single,Geometry.FVector3)
    Unique name M_Geometry_FVector3_op_Implicit_1 generated for M:Geometry.FVector3.op_Implicit(Geometry.FVector3)~Geometry.FVector2
    Unique name M_Geometry_FVector3_op_Multiply_1 generated for M:Geometry.FVector3.op_Multiply(Geometry.FVector3,System.Single)
    Unique name M_Geometry_FVector3_op_Multiply_2 generated for M:Geometry.FVector3.op_Multiply(System.Single,Geometry.FVector3)
    Unique name M_Geometry_FVector3_Rotate_1 generated for M:Geometry.FVector3.Rotate(Geometry.FVector3,System.Single,System.Single,System.Single)
    Unique name M_Geometry_FVector3_Scale_1 generated for M:Geometry.FVector3.Scale(Geometry.FVector3,System.Single)
    Unique name M_Geometry_FVector4__ctor_1 generated for M:Geometry.FVector4.#ctor(Geometry.FVector4)
    Unique name M_Geometry_FVector4__ctor_2 generated for M:Geometry.FVector4.#ctor(System.Single,System.Single,System.Single,System.Single)
    Unique name M_Geometry_FVector4_Assign_1 generated for M:Geometry.FVector4.Assign(Geometry.FVector4,System.Single)
    Unique name M_Geometry_FVector4_Assign_2 generated for M:Geometry.FVector4.Assign(Geometry.FVector4,System.Single,System.Single,System.Single,System.Single)
    Unique name M_Geometry_FVector4_GetMagnitude_1 generated for M:Geometry.FVector4.GetMagnitude(Geometry.FVector4,System.Single,System.Single,System.Single,System.Single)
    Unique name M_Geometry_FVector4_op_Addition_1 generated for M:Geometry.FVector4.op_Addition(Geometry.FVector4,System.Single)
    Unique name M_Geometry_FVector4_op_Implicit_1 generated for M:Geometry.FVector4.op_Implicit(Geometry.FVector3)~Geometry.FVector4
    Unique name M_Geometry_FVector4_op_Implicit_2 generated for M:Geometry.FVector4.op_Implicit(Geometry.FVector4)~Geometry.FVector3
    Unique name M_Geometry_FVector4_op_Implicit_3 generated for M:Geometry.FVector4.op_Implicit(Geometry.FVector4)~Geometry.FVector2
    Unique name M_Geometry_FVector4_op_Multiply_1 generated for M:Geometry.FVector4.op_Multiply(Geometry.FVector4,System.Single)
    Unique name M_Geometry_GeometryUtil_CopySign_1 generated for M:Geometry.GeometryUtil.CopySign(System.Single,System.Single)
    Unique name M_Geometry_GeometryUtil_GetValue_1 generated for M:Geometry.GeometryUtil.GetValue(System.Text.RegularExpressions.Match,System.String)
    Unique name M_Geometry_GeometryUtil_ToFloat_1 generated for M:Geometry.GeometryUtil.ToFloat(System.String)
    Unique name M_Geometry_GeometryUtil_ToInt_1 generated for M:Geometry.GeometryUtil.ToInt(System.String)
    Unique name M_Geometry_Linear_Lerp_1 generated for M:Geometry.Linear.Lerp(Geometry.FVector3,Geometry.FVector3,System.Single)
    Unique name M_Geometry_Linear_Lerp_2 generated for M:Geometry.Linear.Lerp(System.Double,System.Double,System.Double)
    Unique name M_Geometry_Linear_Lerp_3 generated for M:Geometry.Linear.Lerp(System.Single,System.Single,System.Single)
    Unique name M_Geometry_SlopeInterceptItem__ctor_1 generated for M:Geometry.SlopeInterceptItem.#ctor(Geometry.FVector2,Geometry.FVector2)
    Unique name M_Geometry_SlopeInterceptItem_Convert_1 generated for M:Geometry.SlopeInterceptItem.Convert(Geometry.SlopeInterceptItem,Geometry.FVector2,Geometry.FVector2)
    Unique name M_Geometry_SlopeInterceptItem_GetSlope_1 generated for M:Geometry.SlopeInterceptItem.GetSlope(Geometry.FVector2,Geometry.FVector2)
    Unique name M_Geometry_Trig_GetDestPoint_1 generated for M:Geometry.Trig.GetDestPoint(System.Single,System.Single,System.Single,System.Single)
    Unique name M_Geometry_Trig_GetInsideParallelLine_1 generated for M:Geometry.Trig.GetInsideParallelLine(Geometry.FVector2,Geometry.FVector2,System.Single,Geometry.WindingOrientationEnum,Geometry.DrawingSpaceEnum)
    Unique name M_Geometry_Trig_GetLineAngle_1 generated for M:Geometry.Trig.GetLineAngle(Geometry.FVector2,Geometry.FVector2)
    Unique name M_Geometry_Trig_GetLineAngle_2 generated for M:Geometry.Trig.GetLineAngle(System.Single,System.Single,System.Single,System.Single)
    Unique name M_Geometry_Trig_GetLineDistance_1 generated for M:Geometry.Trig.GetLineDistance(Geometry.FVector2,Geometry.FVector2)
    Unique name M_Geometry_Trig_GetLineDistance_2 generated for M:Geometry.Trig.GetLineDistance(System.Single,System.Single,System.Single,System.Single)
    Unique name M_Geometry_Trig_GetLineDistance_3 generated for M:Geometry.Trig.GetLineDistance(System.Single,System.Single,System.Single,System.Single,System.Single,System.Single)
    Unique name M_Geometry_Trig_GetPathOrientation_1 generated for M:Geometry.Trig.GetPathOrientation(System.Collections.Generic.List{Geometry.FVector2},Geometry.DrawingSpaceEnum)
    Unique name M_Geometry_Trig_RadToDeg_1 generated for M:Geometry.Trig.RadToDeg(System.Single)
    Last step completed in 00:00:00.2592
</buildStep>
<buildStep step="GenerateApiTopicManifest">
Generating API topic manifest...
    Last step completed in 00:00:00.3790
</buildStep>
<buildStep step="GenerateNamespaceSummaries">
Generating namespace summary information...
    Last step completed in 00:00:00.1080
</buildStep>
<buildStep step="CopyAdditionalContent">
Copying additional content files...
No additional content to copy
    Last step completed in 00:00:00.0050
</buildStep>
<buildStep step="MergeTablesOfContents">
Merging conceptual and additional tables of contents...
    Last step completed in 00:00:00.0010
</buildStep>
<buildStep step="GenerateIntermediateTableOfContents">
Generating intermediate table of contents file for API content...
Generating conceptual content intermediate TOC file...
    Last step completed in 00:00:00.1150
</buildStep>
<buildStep step="CreateBuildAssemblerConfigs">
Creating Sandcastle configuration files...
    Last step completed in 00:00:00.3983
</buildStep>
<buildStep step="CombiningIntermediateTocFiles">
Combining conceptual and API intermediate TOC files...
    Last step completed in 00:00:00.0170
</buildStep>
<buildStep step="MergeCustomConfigs">
Merging custom build component configurations
C:\Files\Dropbox\Develop\Shared\danielanywhere.github.io\Geometry\Working\BuildAssembler.config
  Updating reference topic configurations.
  No conceptual content.  Removing conceptual content components.
    Last step completed in 00:00:00.0300
</buildStep>
<buildStep step="BuildTopics">
Building help topics...
<plugIn name="Website Table of Contents Generator" behavior="Before" priority="1000">
Loading TOC info and adding unique IDs to parent nodes
</plugIn>Loading configuration...
Processing topics...
Processed 983 topic(s)
CopyFromIndexComponent: &quot;reflection&quot; in-memory cache entries used: 5 of 15.
CopyFromIndexComponent: &quot;comments&quot; in-memory cache entries used: 1 of 30.
<plugIn name="Website Table of Contents Generator" behavior="After" priority="1000">
Generating TOC fragment files
</plugIn>    Last step completed in 00:00:10.8753
</buildStep>
<buildStep step="CopyStandardHelpContent">
Copying standard help content...
C:\Program Files (x86)\EWSoftware\Sandcastle Help File Builder\Components\Default2022\css\bulma.css -&gt; C:\Files\Dropbox\Develop\Shared\danielanywhere.github.io\Geometry\Working\Output\Website\css\bulma.css
C:\Program Files (x86)\EWSoftware\Sandcastle Help File Builder\Components\Default2022\css\bulma.css.map -&gt; C:\Files\Dropbox\Develop\Shared\danielanywhere.github.io\Geometry\Working\Output\Website\css\bulma.css.map
C:\Program Files (x86)\EWSoftware\Sandcastle Help File Builder\Components\Default2022\css\bulma.min.css -&gt; C:\Files\Dropbox\Develop\Shared\danielanywhere.github.io\Geometry\Working\Output\Website\css\bulma.min.css
C:\Program Files (x86)\EWSoftware\Sandcastle Help File Builder\Components\Default2022\css\font-awesome.css -&gt; C:\Files\Dropbox\Develop\Shared\danielanywhere.github.io\Geometry\Working\Output\Website\css\font-awesome.css
C:\Program Files (x86)\EWSoftware\Sandcastle Help File Builder\Components\Default2022\css\font-awesome.min.css -&gt; C:\Files\Dropbox\Develop\Shared\danielanywhere.github.io\Geometry\Working\Output\Website\css\font-awesome.min.css
C:\Program Files (x86)\EWSoftware\Sandcastle Help File Builder\Components\Default2022\css\ja-JP.css -&gt; C:\Files\Dropbox\Develop\Shared\danielanywhere.github.io\Geometry\Working\Output\Website\css\ja-JP.css
C:\Program Files (x86)\EWSoftware\Sandcastle Help File Builder\Components\Default2022\css\ko-KR.css -&gt; C:\Files\Dropbox\Develop\Shared\danielanywhere.github.io\Geometry\Working\Output\Website\css\ko-KR.css
C:\Program Files (x86)\EWSoftware\Sandcastle Help File Builder\Components\Default2022\css\presentationStyle.css -&gt; C:\Files\Dropbox\Develop\Shared\danielanywhere.github.io\Geometry\Working\Output\Website\css\presentationStyle.css
C:\Program Files (x86)\EWSoftware\Sandcastle Help File Builder\Components\Default2022\css\vs.min.css -&gt; C:\Files\Dropbox\Develop\Shared\danielanywhere.github.io\Geometry\Working\Output\Website\css\vs.min.css
C:\Program Files (x86)\EWSoftware\Sandcastle Help File Builder\Components\Default2022\css\zh-CN.css -&gt; C:\Files\Dropbox\Develop\Shared\danielanywhere.github.io\Geometry\Working\Output\Website\css\zh-CN.css
C:\Program Files (x86)\EWSoftware\Sandcastle Help File Builder\Components\Default2022\css\zh-TW.css -&gt; C:\Files\Dropbox\Develop\Shared\danielanywhere.github.io\Geometry\Working\Output\Website\css\zh-TW.css
C:\Program Files (x86)\EWSoftware\Sandcastle Help File Builder\Components\Default2022\icons\favicon.ico -&gt; C:\Files\Dropbox\Develop\Shared\danielanywhere.github.io\Geometry\Working\Output\Website\icons\favicon.ico
C:\Program Files (x86)\EWSoftware\Sandcastle Help File Builder\Components\Default2022\scripts\clipboard.min.js -&gt; C:\Files\Dropbox\Develop\Shared\danielanywhere.github.io\Geometry\Working\Output\Website\scripts\clipboard.min.js
C:\Program Files (x86)\EWSoftware\Sandcastle Help File Builder\Components\Default2022\scripts\highlight.min.js -&gt; C:\Files\Dropbox\Develop\Shared\danielanywhere.github.io\Geometry\Working\Output\Website\scripts\highlight.min.js
C:\Program Files (x86)\EWSoftware\Sandcastle Help File Builder\Components\Default2022\scripts\jquery-3.5.1.min.js -&gt; C:\Files\Dropbox\Develop\Shared\danielanywhere.github.io\Geometry\Working\Output\Website\scripts\jquery-3.5.1.min.js
C:\Program Files (x86)\EWSoftware\Sandcastle Help File Builder\Components\Default2022\scripts\presentationStyle.js -&gt; C:\Files\Dropbox\Develop\Shared\danielanywhere.github.io\Geometry\Working\Output\Website\scripts\presentationStyle.js
C:\Program Files (x86)\EWSoftware\Sandcastle Help File Builder\Components\Default2022\webfonts\fa-brands-400.ttf -&gt; C:\Files\Dropbox\Develop\Shared\danielanywhere.github.io\Geometry\Working\Output\Website\webfonts\fa-brands-400.ttf
C:\Program Files (x86)\EWSoftware\Sandcastle Help File Builder\Components\Default2022\webfonts\fa-brands-400.woff2 -&gt; C:\Files\Dropbox\Develop\Shared\danielanywhere.github.io\Geometry\Working\Output\Website\webfonts\fa-brands-400.woff2
C:\Program Files (x86)\EWSoftware\Sandcastle Help File Builder\Components\Default2022\webfonts\fa-regular-400.ttf -&gt; C:\Files\Dropbox\Develop\Shared\danielanywhere.github.io\Geometry\Working\Output\Website\webfonts\fa-regular-400.ttf
C:\Program Files (x86)\EWSoftware\Sandcastle Help File Builder\Components\Default2022\webfonts\fa-regular-400.woff2 -&gt; C:\Files\Dropbox\Develop\Shared\danielanywhere.github.io\Geometry\Working\Output\Website\webfonts\fa-regular-400.woff2
C:\Program Files (x86)\EWSoftware\Sandcastle Help File Builder\Components\Default2022\webfonts\fa-solid-900.ttf -&gt; C:\Files\Dropbox\Develop\Shared\danielanywhere.github.io\Geometry\Working\Output\Website\webfonts\fa-solid-900.ttf
C:\Program Files (x86)\EWSoftware\Sandcastle Help File Builder\Components\Default2022\webfonts\fa-solid-900.woff2 -&gt; C:\Files\Dropbox\Develop\Shared\danielanywhere.github.io\Geometry\Working\Output\Website\webfonts\fa-solid-900.woff2
C:\Program Files (x86)\EWSoftware\Sandcastle Help File Builder\Components\Default2022\webfonts\fa-v4compatibility.ttf -&gt; C:\Files\Dropbox\Develop\Shared\danielanywhere.github.io\Geometry\Working\Output\Website\webfonts\fa-v4compatibility.ttf
C:\Program Files (x86)\EWSoftware\Sandcastle Help File Builder\Components\Default2022\webfonts\fa-v4compatibility.woff2 -&gt; C:\Files\Dropbox\Develop\Shared\danielanywhere.github.io\Geometry\Working\Output\Website\webfonts\fa-v4compatibility.woff2
C:\Program Files (x86)\EWSoftware\Sandcastle Help File Builder\Components\Default2022\RootWebsiteContent\GeneralError.html -&gt; C:\Files\Dropbox\Develop\Shared\danielanywhere.github.io\Geometry\Working\Output\Website\GeneralError.html
C:\Program Files (x86)\EWSoftware\Sandcastle Help File Builder\Components\Default2022\RootWebsiteContent\index.html -&gt; C:\Files\Dropbox\Develop\Shared\danielanywhere.github.io\Geometry\Working\Output\Website\index.html
C:\Program Files (x86)\EWSoftware\Sandcastle Help File Builder\Components\Default2022\RootWebsiteContent\PageNotFound.html -&gt; C:\Files\Dropbox\Develop\Shared\danielanywhere.github.io\Geometry\Working\Output\Website\PageNotFound.html
C:\Program Files (x86)\EWSoftware\Sandcastle Help File Builder\Components\Default2022\RootWebsiteContent\search.html -&gt; C:\Files\Dropbox\Develop\Shared\danielanywhere.github.io\Geometry\Working\Output\Website\search.html
C:\Program Files (x86)\EWSoftware\Sandcastle Help File Builder\Components\Default2022\RootWebsiteContent\SearchHelp.aspx -&gt; C:\Files\Dropbox\Develop\Shared\danielanywhere.github.io\Geometry\Working\Output\Website\SearchHelp.aspx
C:\Program Files (x86)\EWSoftware\Sandcastle Help File Builder\Components\Default2022\RootWebsiteContent\SearchHelp.inc.php -&gt; C:\Files\Dropbox\Develop\Shared\danielanywhere.github.io\Geometry\Working\Output\Website\SearchHelp.inc.php
C:\Program Files (x86)\EWSoftware\Sandcastle Help File Builder\Components\Default2022\RootWebsiteContent\SearchHelp.php -&gt; C:\Files\Dropbox\Develop\Shared\danielanywhere.github.io\Geometry\Working\Output\Website\SearchHelp.php
C:\Program Files (x86)\EWSoftware\Sandcastle Help File Builder\Components\Default2022\RootWebsiteContent\Web.Config -&gt; C:\Files\Dropbox\Develop\Shared\danielanywhere.github.io\Geometry\Working\Output\Website\Web.Config
    Last step completed in 00:00:00.4639
</buildStep>
<buildStep step="GenerateFullTextIndex">
Generating full-text index for the website...

    Last step completed in 00:00:00.9459
</buildStep>
<buildStep step="CopyingWebsiteFiles">
Copying website files to output folder...

Copied 500 files
Copied 1000 files
Copied 1255 files for the website content
    Last step completed in 00:00:01.7929
</buildStep>
<buildStep step="CleanIntermediates">
Removing intermediate files...
    Last step completed in 00:00:00.2730
</buildStep>
<buildStep step="Completed">

Build completed successfully at 08/20/2025 13:22:23.  Total time: 00:00:23.0570

</buildStep>
</shfbBuild>
