<?xml version="1.0" encoding="utf-8"?>
<shfbBuild product="Sandcastle Help File Builder and Tools" version="2024.12.21.0" projectFile="C:\Files\Dropbox\Develop\Shared\SvgPlotting\Scripts\SvgPlottingDocumentation.shfbproj" started="07/11/2025 19:35:53">
<buildStep step="Initializing">
The Sandcastle tools are located in &#39;C:\Program Files (x86)\EWSoftware\Sandcastle Help File Builder&#39;
Locating components in the following folder(s):
    C:\Files\Dropbox\Develop\Shared\SvgPlotting\Scripts
    C:\ProgramData\EWSoftware\Sandcastle Help File Builder\Components and Plug-Ins
    C:\Program Files (x86)\EWSoftware\Sandcastle Help File Builder\Components
Using framework reflection data for &#39;Cross-platform (.NET Core/.NET Standard)&#39; located in &#39;C:\Program Files (x86)\EWSoftware\Sandcastle Help File Builder\Data\.NETFramework&#39;
Using presentation style &#39;Default2022&#39; located in &#39;C:\Program Files (x86)\EWSoftware\Sandcastle Help File Builder\Components\Default2022&#39;
Loading and initializing plug-ins...
Website Table of Contents Generator Version 2024.12.21.0
Copyright &#169; 2006-2024, Eric Woodruff, All Rights Reserved
</buildStep>
<buildStep step="ClearWorkFolder">
Clearing working folder...
-------------------------------
Clearing any prior web/markdown output...
</buildStep>
<buildStep step="ValidatingDocumentationSources">
Validating and copying documentation source information
Source: C:\Files\Dropbox\Develop\Shared\SvgPlotting\Source\SvgPlotting\bin\Release\netstandard2.1\SvgPlotting.xml
Source: C:\Files\Dropbox\Develop\Shared\SvgPlotting\Source\SvgPlotting\bin\Release\netstandard2.1\SvgPlotting.dll
    Found assembly &#39;C:\Files\Dropbox\Develop\Shared\SvgPlotting\Source\SvgPlotting\bin\Release\netstandard2.1\SvgPlotting.dll&#39;

References to include:
    ConversionCalc
    Geometry
    Html
    Newtonsoft.Json

Copying XML comments files
    C:\Files\Dropbox\Develop\Shared\SvgPlotting\Source\SvgPlotting\bin\Release\netstandard2.1\SvgPlotting.xml -&gt; C:\Files\Dropbox\Develop\Shared\danielanywhere.github.io\SvgPlotting\Working\SvgPlotting.xml
</buildStep>
<buildStep step="GenerateSharedContent">
Generating shared content files (en-US, English (United States))...
    Last step completed in 00:00:00.0100
</buildStep>
<buildStep step="GenerateApiFilter">
Generating API filter for MRefBuilder...
    Last step completed in 00:00:00.0240
</buildStep>
<buildStep step="GenerateReflectionInfo">
Generating reflection information...
[C:\Program Files\Microsoft Visual Studio\2022\Community\MSBuild\Current\Bin\amd64\MSBuild.exe - GenerateRefInfo-ae7c3fe1-4f30-4563-93cb-126fb226ca51.proj]
Build started 07/11/2025 19:35:54.

Project &quot;C:\Files\Dropbox\Develop\Shared\danielanywhere.github.io\SvgPlotting\Working\GenerateRefInfo-ae7c3fe1-4f30-4563-93cb-126fb226ca51.proj&quot; on node 1 (default targets).
PrepareForBuild:
  Creating directory &quot;obj\Debug\&quot;.
GenerateRefInfo:
  Microsoft.Build (v17.9.8+b34f75857bacf5ecd5531f7ff763a5739d3ae435)
  &#194;&#169; Microsoft Corporation. All rights reserved.
  No source code context base path specified.  Source context information is unavailable.
  Loaded 1 assemblies for reflection and 107 dependency assemblies.
  Wrote information on 1 namespaces, 11 types, and 71 members
  Merging duplicate type and member information
  Merged 0 duplicate type(s) and 0 duplicate member(s)
Done Building Project &quot;C:\Files\Dropbox\Develop\Shared\danielanywhere.github.io\SvgPlotting\Working\GenerateRefInfo-ae7c3fe1-4f30-4563-93cb-126fb226ca51.proj&quot; (default targets).
    Last step completed in 00:00:01.1750
</buildStep>
<buildStep step="ApplyDocumentModel">
Applying document model to reflection output...
    Last step completed in 00:00:00.1130
</buildStep>
<buildStep step="AddApiTopicFilenames">
Adding topic filenames to API members...
    Unique name M_SvgPlotting_PlotPointItem__ctor_1 generated for M:SvgPlotting.PlotPointItem.#ctor(SvgPlotting.PlotPointPenStatus)
    Unique name M_SvgPlotting_SvgImageItem__ctor_1 generated for M:SvgPlotting.SvgImageItem.#ctor(Html.HtmlDocument,System.Int32)
    Unique name M_SvgPlotting_SvgPlottingUtil_ApplyMatrix_1 generated for M:SvgPlotting.SvgPlottingUtil.ApplyMatrix(SvgPlotting.PlotPointCollection,Geometry.FPoint,Geometry.FMatrix4)
    Unique name M_SvgPlotting_SvgPlottingUtil_GetValue_1 generated for M:SvgPlotting.SvgPlottingUtil.GetValue(System.Text.RegularExpressions.Match,System.String)
    Unique name M_SvgPlotting_SvgPlottingUtil_ToDouble_1 generated for M:SvgPlotting.SvgPlottingUtil.ToDouble(System.String)
    Unique name M_SvgPlotting_SvgPlottingUtil_ToFloat_1 generated for M:SvgPlotting.SvgPlottingUtil.ToFloat(System.String)
    Unique name M_SvgPlotting_UnitGroupItem__ctor_1 generated for M:SvgPlotting.UnitGroupItem.#ctor(ConversionCalc.ConversionDefinitionItem,System.String)
    Last step completed in 00:00:00.1020
</buildStep>
<buildStep step="GenerateApiTopicManifest">
Generating API topic manifest...
    Last step completed in 00:00:00.1190
</buildStep>
<buildStep step="GenerateNamespaceSummaries">
Generating namespace summary information...
    Last step completed in 00:00:00.0530
</buildStep>
<buildStep step="CopyAdditionalContent">
Copying additional content files...
No additional content to copy
    Last step completed in 00:00:00.0030
</buildStep>
<buildStep step="MergeTablesOfContents">
Merging conceptual and additional tables of contents...
    Last step completed in 00:00:00.0010
</buildStep>
<buildStep step="GenerateIntermediateTableOfContents">
Generating intermediate table of contents file for API content...
Generating conceptual content intermediate TOC file...
    Last step completed in 00:00:00.0710
</buildStep>
<buildStep step="CreateBuildAssemblerConfigs">
Creating Sandcastle configuration files...
    Last step completed in 00:00:00.1230
</buildStep>
<buildStep step="CombiningIntermediateTocFiles">
Combining conceptual and API intermediate TOC files...
    Last step completed in 00:00:00.0160
</buildStep>
<buildStep step="MergeCustomConfigs">
Merging custom build component configurations
C:\Files\Dropbox\Develop\Shared\danielanywhere.github.io\SvgPlotting\Working\BuildAssembler.config
  Updating reference topic configurations.
  No conceptual content.  Removing conceptual content components.
    Last step completed in 00:00:00.0340
</buildStep>
<buildStep step="BuildTopics">
Building help topics...
<plugIn name="Website Table of Contents Generator" behavior="Before" priority="1000">
Loading TOC info and adding unique IDs to parent nodes
</plugIn>Loading configuration...
Processing topics...
SHFB: Warning BE0066: ResolveReferenceLinksComponent: [T:SvgPlotting.FAreaRounded] Unknown reference link target &#39;T:Geometry.FArea&#39;.
SHFB: Warning BE0066: ResolveReferenceLinksComponent: [T:SvgPlotting.FAreaRounded] Unknown reference link target &#39;P:Geometry.FArea.Bottom&#39;.
SHFB: Warning BE0066: ResolveReferenceLinksComponent: [T:SvgPlotting.FAreaRounded] Unknown reference link target &#39;T:Geometry.FArea&#39;.
SHFB: Warning BE0066: ResolveReferenceLinksComponent: [T:SvgPlotting.FAreaRounded] Unknown reference link target &#39;P:Geometry.FArea.Height&#39;.
SHFB: Warning BE0066: ResolveReferenceLinksComponent: [T:SvgPlotting.FAreaRounded] Unknown reference link target &#39;T:Geometry.FArea&#39;.
SHFB: Warning BE0066: ResolveReferenceLinksComponent: [T:SvgPlotting.FAreaRounded] Unknown reference link target &#39;P:Geometry.FArea.Left&#39;.
SHFB: Warning BE0066: ResolveReferenceLinksComponent: [T:SvgPlotting.FAreaRounded] Unknown reference link target &#39;T:Geometry.FArea&#39;.
SHFB: Warning BE0066: ResolveReferenceLinksComponent: [T:SvgPlotting.FAreaRounded] Unknown reference link target &#39;P:Geometry.FArea.ReadOnly&#39;.
SHFB: Warning BE0066: ResolveReferenceLinksComponent: [T:SvgPlotting.FAreaRounded] Unknown reference link target &#39;T:Geometry.FArea&#39;.
SHFB: Warning BE0066: ResolveReferenceLinksComponent: [T:SvgPlotting.FAreaRounded] Unknown reference link target &#39;P:Geometry.FArea.Right&#39;.
SHFB: Warning BE0066: ResolveReferenceLinksComponent: [T:SvgPlotting.FAreaRounded] Unknown reference link target &#39;T:Geometry.FArea&#39;.
SHFB: Warning BE0066: ResolveReferenceLinksComponent: [T:SvgPlotting.FAreaRounded] Unknown reference link target &#39;P:Geometry.FArea.Top&#39;.
SHFB: Warning BE0066: ResolveReferenceLinksComponent: [T:SvgPlotting.FAreaRounded] Unknown reference link target &#39;T:Geometry.FArea&#39;.
SHFB: Warning BE0066: ResolveReferenceLinksComponent: [T:SvgPlotting.FAreaRounded] Unknown reference link target &#39;P:Geometry.FArea.Width&#39;.
SHFB: Warning BE0066: ResolveReferenceLinksComponent: [T:SvgPlotting.FAreaRounded] Unknown reference link target &#39;T:Geometry.FArea&#39;.
SHFB: Warning BE0066: ResolveReferenceLinksComponent: [T:SvgPlotting.FAreaRounded] Unknown reference link target &#39;P:Geometry.FArea.X&#39;.
SHFB: Warning BE0066: ResolveReferenceLinksComponent: [T:SvgPlotting.FAreaRounded] Unknown reference link target &#39;T:Geometry.FArea&#39;.
SHFB: Warning BE0066: ResolveReferenceLinksComponent: [T:SvgPlotting.FAreaRounded] Unknown reference link target &#39;P:Geometry.FArea.Y&#39;.
SHFB: Warning BE0066: ResolveReferenceLinksComponent: [T:SvgPlotting.FAreaRounded] Unknown reference link target &#39;T:Geometry.FArea&#39;.
SHFB: Warning BE0066: ResolveReferenceLinksComponent: [T:SvgPlotting.FAreaRounded] Unknown reference link target &#39;M:Geometry.FArea.Clear&#39;.
SHFB: Warning BE0066: ResolveReferenceLinksComponent: [T:SvgPlotting.FAreaRounded] Unknown reference link target &#39;T:Geometry.FArea&#39;.
SHFB: Warning BE0066: ResolveReferenceLinksComponent: [T:SvgPlotting.FAreaRounded] Unknown reference link target &#39;M:Geometry.FArea.OnBottomChanged(Geometry.FloatEventArgs)&#39;.
SHFB: Warning BE0066: ResolveReferenceLinksComponent: [T:SvgPlotting.FAreaRounded] Unknown reference link target &#39;T:Geometry.FArea&#39;.
SHFB: Warning BE0066: ResolveReferenceLinksComponent: [T:SvgPlotting.FAreaRounded] Unknown reference link target &#39;M:Geometry.FArea.OnHeightChanged(Geometry.FloatEventArgs)&#39;.
SHFB: Warning BE0066: ResolveReferenceLinksComponent: [T:SvgPlotting.FAreaRounded] Unknown reference link target &#39;T:Geometry.FArea&#39;.
SHFB: Warning BE0066: ResolveReferenceLinksComponent: [T:SvgPlotting.FAreaRounded] Unknown reference link target &#39;M:Geometry.FArea.OnLeftChanged(Geometry.FloatEventArgs)&#39;.
SHFB: Warning BE0066: ResolveReferenceLinksComponent: [T:SvgPlotting.FAreaRounded] Unknown reference link target &#39;T:Geometry.FArea&#39;.
SHFB: Warning BE0066: ResolveReferenceLinksComponent: [T:SvgPlotting.FAreaRounded] Unknown reference link target &#39;M:Geometry.FArea.OnLocationChanged(Geometry.FloatPointEventArgs)&#39;.
SHFB: Warning BE0066: ResolveReferenceLinksComponent: [T:SvgPlotting.FAreaRounded] Unknown reference link target &#39;T:Geometry.FArea&#39;.
SHFB: Warning BE0066: ResolveReferenceLinksComponent: [T:SvgPlotting.FAreaRounded] Unknown reference link target &#39;M:Geometry.FArea.OnRightChanged(Geometry.FloatEventArgs)&#39;.
SHFB: Warning BE0066: ResolveReferenceLinksComponent: [T:SvgPlotting.FAreaRounded] Unknown reference link target &#39;T:Geometry.FArea&#39;.
SHFB: Warning BE0066: ResolveReferenceLinksComponent: [T:SvgPlotting.FAreaRounded] Unknown reference link target &#39;M:Geometry.FArea.OnTopChanged(Geometry.FloatEventArgs)&#39;.
SHFB: Warning BE0066: ResolveReferenceLinksComponent: [T:SvgPlotting.FAreaRounded] Unknown reference link target &#39;T:Geometry.FArea&#39;.
SHFB: Warning BE0066: ResolveReferenceLinksComponent: [T:SvgPlotting.FAreaRounded] Unknown reference link target &#39;M:Geometry.FArea.OnWidthChanged(Geometry.FloatEventArgs)&#39;.
SHFB: Warning BE0066: ResolveReferenceLinksComponent: [T:SvgPlotting.FAreaRounded] Unknown reference link target &#39;T:Geometry.FArea&#39;.
SHFB: Warning BE0066: ResolveReferenceLinksComponent: [T:SvgPlotting.FAreaRounded] Unknown reference link target &#39;M:Geometry.FArea.RaiseCoordinatesChanged&#39;.
SHFB: Warning BE0066: ResolveReferenceLinksComponent: [T:SvgPlotting.FAreaRounded] Unknown reference link target &#39;T:Geometry.FArea&#39;.
SHFB: Warning BE0066: ResolveReferenceLinksComponent: [T:SvgPlotting.FAreaRounded] Unknown reference link target &#39;M:Geometry.FArea.ToString&#39;.
SHFB: Warning BE0066: ResolveReferenceLinksComponent: [T:SvgPlotting.FAreaRounded] Unknown reference link target &#39;T:Geometry.FArea&#39;.
SHFB: Warning BE0066: ResolveReferenceLinksComponent: [T:SvgPlotting.FAreaRounded] Unknown reference link target &#39;E:Geometry.FArea.BottomChanged&#39;.
SHFB: Warning BE0066: ResolveReferenceLinksComponent: [T:SvgPlotting.FAreaRounded] Unknown reference link target &#39;T:Geometry.FArea&#39;.
SHFB: Warning BE0066: ResolveReferenceLinksComponent: [T:SvgPlotting.FAreaRounded] Unknown reference link target &#39;E:Geometry.FArea.HeightChanged&#39;.
SHFB: Warning BE0066: ResolveReferenceLinksComponent: [T:SvgPlotting.FAreaRounded] Unknown reference link target &#39;T:Geometry.FArea&#39;.
SHFB: Warning BE0066: ResolveReferenceLinksComponent: [T:SvgPlotting.FAreaRounded] Unknown reference link target &#39;E:Geometry.FArea.LeftChanged&#39;.
SHFB: Warning BE0066: ResolveReferenceLinksComponent: [T:SvgPlotting.FAreaRounded] Unknown reference link target &#39;T:Geometry.FArea&#39;.
SHFB: Warning BE0066: ResolveReferenceLinksComponent: [T:SvgPlotting.FAreaRounded] Unknown reference link target &#39;E:Geometry.FArea.LocationChanged&#39;.
SHFB: Warning BE0066: ResolveReferenceLinksComponent: [T:SvgPlotting.FAreaRounded] Unknown reference link target &#39;T:Geometry.FArea&#39;.
SHFB: Warning BE0066: ResolveReferenceLinksComponent: [T:SvgPlotting.FAreaRounded] Unknown reference link target &#39;E:Geometry.FArea.RightChanged&#39;.
SHFB: Warning BE0066: ResolveReferenceLinksComponent: [T:SvgPlotting.FAreaRounded] Unknown reference link target &#39;T:Geometry.FArea&#39;.
SHFB: Warning BE0066: ResolveReferenceLinksComponent: [T:SvgPlotting.FAreaRounded] Unknown reference link target &#39;E:Geometry.FArea.TopChanged&#39;.
SHFB: Warning BE0066: ResolveReferenceLinksComponent: [T:SvgPlotting.FAreaRounded] Unknown reference link target &#39;T:Geometry.FArea&#39;.
SHFB: Warning BE0066: ResolveReferenceLinksComponent: [T:SvgPlotting.FAreaRounded] Unknown reference link target &#39;E:Geometry.FArea.WidthChanged&#39;.
SHFB: Warning BE0066: ResolveReferenceLinksComponent: [T:SvgPlotting.FAreaRounded] Unknown reference link target &#39;T:Geometry.FArea&#39;.
SHFB: Warning BE0066: ResolveReferenceLinksComponent: [Methods.T:SvgPlotting.FAreaRounded] Unknown reference link target &#39;M:Geometry.FArea.Clear&#39;.
SHFB: Warning BE0066: ResolveReferenceLinksComponent: [Methods.T:SvgPlotting.FAreaRounded] Unknown reference link target &#39;T:Geometry.FArea&#39;.
SHFB: Warning BE0066: ResolveReferenceLinksComponent: [Methods.T:SvgPlotting.FAreaRounded] Unknown reference link target &#39;M:Geometry.FArea.OnBottomChanged(Geometry.FloatEventArgs)&#39;.
SHFB: Warning BE0066: ResolveReferenceLinksComponent: [Methods.T:SvgPlotting.FAreaRounded] Unknown reference link target &#39;T:Geometry.FArea&#39;.
SHFB: Warning BE0066: ResolveReferenceLinksComponent: [Methods.T:SvgPlotting.FAreaRounded] Unknown reference link target &#39;M:Geometry.FArea.OnHeightChanged(Geometry.FloatEventArgs)&#39;.
SHFB: Warning BE0066: ResolveReferenceLinksComponent: [Methods.T:SvgPlotting.FAreaRounded] Unknown reference link target &#39;T:Geometry.FArea&#39;.
SHFB: Warning BE0066: ResolveReferenceLinksComponent: [Methods.T:SvgPlotting.FAreaRounded] Unknown reference link target &#39;M:Geometry.FArea.OnLeftChanged(Geometry.FloatEventArgs)&#39;.
SHFB: Warning BE0066: ResolveReferenceLinksComponent: [Methods.T:SvgPlotting.FAreaRounded] Unknown reference link target &#39;T:Geometry.FArea&#39;.
SHFB: Warning BE0066: ResolveReferenceLinksComponent: [Methods.T:SvgPlotting.FAreaRounded] Unknown reference link target &#39;M:Geometry.FArea.OnLocationChanged(Geometry.FloatPointEventArgs)&#39;.
SHFB: Warning BE0066: ResolveReferenceLinksComponent: [Methods.T:SvgPlotting.FAreaRounded] Unknown reference link target &#39;T:Geometry.FArea&#39;.
SHFB: Warning BE0066: ResolveReferenceLinksComponent: [Methods.T:SvgPlotting.FAreaRounded] Unknown reference link target &#39;M:Geometry.FArea.OnRightChanged(Geometry.FloatEventArgs)&#39;.
SHFB: Warning BE0066: ResolveReferenceLinksComponent: [Methods.T:SvgPlotting.FAreaRounded] Unknown reference link target &#39;T:Geometry.FArea&#39;.
SHFB: Warning BE0066: ResolveReferenceLinksComponent: [Methods.T:SvgPlotting.FAreaRounded] Unknown reference link target &#39;M:Geometry.FArea.OnTopChanged(Geometry.FloatEventArgs)&#39;.
SHFB: Warning BE0066: ResolveReferenceLinksComponent: [Methods.T:SvgPlotting.FAreaRounded] Unknown reference link target &#39;T:Geometry.FArea&#39;.
SHFB: Warning BE0066: ResolveReferenceLinksComponent: [Methods.T:SvgPlotting.FAreaRounded] Unknown reference link target &#39;M:Geometry.FArea.OnWidthChanged(Geometry.FloatEventArgs)&#39;.
SHFB: Warning BE0066: ResolveReferenceLinksComponent: [Methods.T:SvgPlotting.FAreaRounded] Unknown reference link target &#39;T:Geometry.FArea&#39;.
SHFB: Warning BE0066: ResolveReferenceLinksComponent: [Methods.T:SvgPlotting.FAreaRounded] Unknown reference link target &#39;M:Geometry.FArea.RaiseCoordinatesChanged&#39;.
SHFB: Warning BE0066: ResolveReferenceLinksComponent: [Methods.T:SvgPlotting.FAreaRounded] Unknown reference link target &#39;T:Geometry.FArea&#39;.
SHFB: Warning BE0066: ResolveReferenceLinksComponent: [Methods.T:SvgPlotting.FAreaRounded] Unknown reference link target &#39;M:Geometry.FArea.ToString&#39;.
SHFB: Warning BE0066: ResolveReferenceLinksComponent: [Methods.T:SvgPlotting.FAreaRounded] Unknown reference link target &#39;T:Geometry.FArea&#39;.
SHFB: Warning BE0066: ResolveReferenceLinksComponent: [Properties.T:SvgPlotting.FAreaRounded] Unknown reference link target &#39;P:Geometry.FArea.Bottom&#39;.
SHFB: Warning BE0066: ResolveReferenceLinksComponent: [Properties.T:SvgPlotting.FAreaRounded] Unknown reference link target &#39;T:Geometry.FArea&#39;.
SHFB: Warning BE0066: ResolveReferenceLinksComponent: [Properties.T:SvgPlotting.FAreaRounded] Unknown reference link target &#39;P:Geometry.FArea.Height&#39;.
SHFB: Warning BE0066: ResolveReferenceLinksComponent: [Properties.T:SvgPlotting.FAreaRounded] Unknown reference link target &#39;T:Geometry.FArea&#39;.
SHFB: Warning BE0066: ResolveReferenceLinksComponent: [Properties.T:SvgPlotting.FAreaRounded] Unknown reference link target &#39;P:Geometry.FArea.Left&#39;.
SHFB: Warning BE0066: ResolveReferenceLinksComponent: [Properties.T:SvgPlotting.FAreaRounded] Unknown reference link target &#39;T:Geometry.FArea&#39;.
SHFB: Warning BE0066: ResolveReferenceLinksComponent: [Properties.T:SvgPlotting.FAreaRounded] Unknown reference link target &#39;P:Geometry.FArea.ReadOnly&#39;.
SHFB: Warning BE0066: ResolveReferenceLinksComponent: [Properties.T:SvgPlotting.FAreaRounded] Unknown reference link target &#39;T:Geometry.FArea&#39;.
SHFB: Warning BE0066: ResolveReferenceLinksComponent: [Properties.T:SvgPlotting.FAreaRounded] Unknown reference link target &#39;P:Geometry.FArea.Right&#39;.
SHFB: Warning BE0066: ResolveReferenceLinksComponent: [Properties.T:SvgPlotting.FAreaRounded] Unknown reference link target &#39;T:Geometry.FArea&#39;.
SHFB: Warning BE0066: ResolveReferenceLinksComponent: [Properties.T:SvgPlotting.FAreaRounded] Unknown reference link target &#39;P:Geometry.FArea.Top&#39;.
SHFB: Warning BE0066: ResolveReferenceLinksComponent: [Properties.T:SvgPlotting.FAreaRounded] Unknown reference link target &#39;T:Geometry.FArea&#39;.
SHFB: Warning BE0066: ResolveReferenceLinksComponent: [Properties.T:SvgPlotting.FAreaRounded] Unknown reference link target &#39;P:Geometry.FArea.Width&#39;.
SHFB: Warning BE0066: ResolveReferenceLinksComponent: [Properties.T:SvgPlotting.FAreaRounded] Unknown reference link target &#39;T:Geometry.FArea&#39;.
SHFB: Warning BE0066: ResolveReferenceLinksComponent: [Properties.T:SvgPlotting.FAreaRounded] Unknown reference link target &#39;P:Geometry.FArea.X&#39;.
SHFB: Warning BE0066: ResolveReferenceLinksComponent: [Properties.T:SvgPlotting.FAreaRounded] Unknown reference link target &#39;T:Geometry.FArea&#39;.
SHFB: Warning BE0066: ResolveReferenceLinksComponent: [Properties.T:SvgPlotting.FAreaRounded] Unknown reference link target &#39;P:Geometry.FArea.Y&#39;.
SHFB: Warning BE0066: ResolveReferenceLinksComponent: [Properties.T:SvgPlotting.FAreaRounded] Unknown reference link target &#39;T:Geometry.FArea&#39;.
SHFB: Warning BE0066: ResolveReferenceLinksComponent: [Events.T:SvgPlotting.FAreaRounded] Unknown reference link target &#39;E:Geometry.FArea.BottomChanged&#39;.
SHFB: Warning BE0066: ResolveReferenceLinksComponent: [Events.T:SvgPlotting.FAreaRounded] Unknown reference link target &#39;T:Geometry.FArea&#39;.
SHFB: Warning BE0066: ResolveReferenceLinksComponent: [Events.T:SvgPlotting.FAreaRounded] Unknown reference link target &#39;E:Geometry.FArea.HeightChanged&#39;.
SHFB: Warning BE0066: ResolveReferenceLinksComponent: [Events.T:SvgPlotting.FAreaRounded] Unknown reference link target &#39;T:Geometry.FArea&#39;.
SHFB: Warning BE0066: ResolveReferenceLinksComponent: [Events.T:SvgPlotting.FAreaRounded] Unknown reference link target &#39;E:Geometry.FArea.LeftChanged&#39;.
SHFB: Warning BE0066: ResolveReferenceLinksComponent: [Events.T:SvgPlotting.FAreaRounded] Unknown reference link target &#39;T:Geometry.FArea&#39;.
SHFB: Warning BE0066: ResolveReferenceLinksComponent: [Events.T:SvgPlotting.FAreaRounded] Unknown reference link target &#39;E:Geometry.FArea.LocationChanged&#39;.
SHFB: Warning BE0066: ResolveReferenceLinksComponent: [Events.T:SvgPlotting.FAreaRounded] Unknown reference link target &#39;T:Geometry.FArea&#39;.
SHFB: Warning BE0066: ResolveReferenceLinksComponent: [Events.T:SvgPlotting.FAreaRounded] Unknown reference link target &#39;E:Geometry.FArea.RightChanged&#39;.
SHFB: Warning BE0066: ResolveReferenceLinksComponent: [Events.T:SvgPlotting.FAreaRounded] Unknown reference link target &#39;T:Geometry.FArea&#39;.
SHFB: Warning BE0066: ResolveReferenceLinksComponent: [Events.T:SvgPlotting.FAreaRounded] Unknown reference link target &#39;E:Geometry.FArea.TopChanged&#39;.
SHFB: Warning BE0066: ResolveReferenceLinksComponent: [Events.T:SvgPlotting.FAreaRounded] Unknown reference link target &#39;T:Geometry.FArea&#39;.
SHFB: Warning BE0066: ResolveReferenceLinksComponent: [Events.T:SvgPlotting.FAreaRounded] Unknown reference link target &#39;E:Geometry.FArea.WidthChanged&#39;.
SHFB: Warning BE0066: ResolveReferenceLinksComponent: [Events.T:SvgPlotting.FAreaRounded] Unknown reference link target &#39;T:Geometry.FArea&#39;.
SHFB: Warning BE0066: ResolveReferenceLinksComponent: [M:SvgPlotting.FAreaRounded.GetVertices(SvgPlotting.FAreaRounded,System.Int32)] Unknown reference link target &#39;T:Geometry.FPoint&#39;.
SHFB: Warning BE0066: ResolveReferenceLinksComponent: [M:SvgPlotting.PathEntryCollection.ConvertToAbsolute(SvgPlotting.PathEntryCollection,Geometry.FPoint)] Unknown reference link target &#39;T:Geometry.FPoint&#39;.
SHFB: Warning BE0066: ResolveReferenceLinksComponent: [M:SvgPlotting.PlotPointCollection.Add(SvgPlotting.PlotPointPenStatus,Geometry.FPoint)] Unknown reference link target &#39;T:Geometry.FPoint&#39;.
SHFB: Warning BE0066: ResolveReferenceLinksComponent: [M:SvgPlotting.PlotPointCollection.ClosestPoint(Geometry.FPoint,SvgPlotting.PlotPointCollection)] Unknown reference link target &#39;T:Geometry.FPoint&#39;.
SHFB: Warning BE0066: ResolveReferenceLinksComponent: [M:SvgPlotting.PlotPointCollection.ClosestPoint(Geometry.FPoint,SvgPlotting.PlotPointCollection)] Unknown reference link target &#39;T:Geometry.FPoint&#39;.
SHFB: Warning BE0066: ResolveReferenceLinksComponent: [M:SvgPlotting.PlotPointCollection.ClosestPointIndex(Geometry.FPoint,SvgPlotting.PlotPointCollection)] Unknown reference link target &#39;T:Geometry.FPoint&#39;.
SHFB: Warning BE0066: ResolveReferenceLinksComponent: [M:SvgPlotting.PlotPointCollection.GetCenter(SvgPlotting.PlotPointCollection)] Unknown reference link target &#39;T:Geometry.FPoint&#39;.
SHFB: Warning BE0066: ResolveReferenceLinksComponent: [M:SvgPlotting.PlotPointCollection.op_Implicit(System.Collections.Generic.List{Geometry.FPoint})~SvgPlotting.PlotPointCollection] Unknown reference link target &#39;T:Geometry.FPoint&#39;.
SHFB: Warning BE0066: ResolveReferenceLinksComponent: [P:SvgPlotting.PlotPointItem.Point] Unknown reference link target &#39;T:Geometry.FPoint&#39;.
SHFB: Warning BE0066: ResolveReferenceLinksComponent: [M:SvgPlotting.SvgImageItem.#ctor(Html.HtmlDocument,System.Int32)] Unknown reference link target &#39;T:Html.HtmlDocument&#39;.
SHFB: Warning BE0066: ResolveReferenceLinksComponent: [P:SvgPlotting.SvgImageItem.Document] Unknown reference link target &#39;T:Html.HtmlDocument&#39;.
SHFB: Warning BE0066: ResolveReferenceLinksComponent: [P:SvgPlotting.SvgImageItem.GlobalImageSize] Unknown reference link target &#39;T:Geometry.FSize&#39;.
SHFB: Warning BE0066: ResolveReferenceLinksComponent: [P:SvgPlotting.SvgImageItem.GlobalScale] Unknown reference link target &#39;T:Geometry.FScale&#39;.
SHFB: Warning BE0066: ResolveReferenceLinksComponent: [P:SvgPlotting.SvgImageItem.GlobalTranslation] Unknown reference link target &#39;T:Geometry.FVector2&#39;.
SHFB: Warning BE0066: ResolveReferenceLinksComponent: [M:SvgPlotting.SvgImageItem.Initialize(Html.HtmlDocument,System.Int32)] Unknown reference link target &#39;T:Html.HtmlDocument&#39;.
SHFB: Warning BE0066: ResolveReferenceLinksComponent: [M:SvgPlotting.SvgPlottingUtil.ApplyMatrix(SvgPlotting.PlotPointCollection,Geometry.FPoint,Geometry.FMatrix2)] Unknown reference link target &#39;T:Geometry.FPoint&#39;.
SHFB: Warning BE0066: ResolveReferenceLinksComponent: [M:SvgPlotting.SvgPlottingUtil.ApplyMatrix(SvgPlotting.PlotPointCollection,Geometry.FPoint,Geometry.FMatrix2)] Unknown reference link target &#39;T:Geometry.FMatrix2&#39;.
SHFB: Warning BE0066: ResolveReferenceLinksComponent: [M:SvgPlotting.SvgPlottingUtil.ApplyMatrix(SvgPlotting.PlotPointCollection,Geometry.FPoint,Geometry.FMatrix4)] Unknown reference link target &#39;T:Geometry.FPoint&#39;.
SHFB: Warning BE0066: ResolveReferenceLinksComponent: [M:SvgPlotting.SvgPlottingUtil.ApplyMatrix(SvgPlotting.PlotPointCollection,Geometry.FPoint,Geometry.FMatrix4)] Unknown reference link target &#39;T:Geometry.FMatrix4&#39;.
SHFB: Warning BE0066: ResolveReferenceLinksComponent: [M:SvgPlotting.SvgPlottingUtil.ApplyRotation(SvgPlotting.PlotPointCollection,Geometry.FPoint,System.Single)] Unknown reference link target &#39;T:Geometry.FPoint&#39;.
SHFB: Warning BE0066: ResolveReferenceLinksComponent: [M:SvgPlotting.SvgPlottingUtil.FillTransformations(Html.HtmlNodeItem,System.Collections.Generic.List{System.String})] Unknown reference link target &#39;T:Html.HtmlNodeItem&#39;.
SHFB: Warning BE0066: ResolveReferenceLinksComponent: [M:SvgPlotting.SvgPlottingUtil.GetCoordinatePairs(System.String)] Unknown reference link target &#39;T:Geometry.FPoint&#39;.
SHFB: Warning BE0066: ResolveReferenceLinksComponent: [M:SvgPlotting.SvgPlottingUtil.GetCurrentFontSize(SvgPlotting.SvgImageItem,Html.HtmlNodeItem)] Unknown reference link target &#39;T:Html.HtmlNodeItem&#39;.
SHFB: Warning BE0066: ResolveReferenceLinksComponent: [M:SvgPlotting.SvgPlottingUtil.GetDocumentFontSize(SvgPlotting.SvgImageItem,Html.HtmlNodeItem,System.Single)] Unknown reference link target &#39;T:Html.HtmlNodeItem&#39;.
SHFB: Warning BE0066: ResolveReferenceLinksComponent: [M:SvgPlotting.SvgPlottingUtil.GetFloatValue(SvgPlotting.SvgImageItem,System.String,Html.HtmlNodeItem)] Unknown reference link target &#39;T:Html.HtmlNodeItem&#39;.
SHFB: Warning BE0066: ResolveReferenceLinksComponent: [M:SvgPlotting.SvgPlottingUtil.GetPixelValue(SvgPlotting.SvgImageItem,System.String,Html.HtmlNodeItem)] Unknown reference link target &#39;T:Html.HtmlNodeItem&#39;.
SHFB: Warning BE0066: ResolveReferenceLinksComponent: [M:SvgPlotting.SvgPlottingUtil.GetPropertyValue(Html.HtmlNodeItem,System.String)] Unknown reference link target &#39;T:Html.HtmlNodeItem&#39;.
SHFB: Warning BE0066: ResolveReferenceLinksComponent: [M:SvgPlotting.SvgPlottingUtil.GetSystemValue(SvgPlotting.SvgImageItem,Html.HtmlNodeItem,System.String)] Unknown reference link target &#39;T:Html.HtmlNodeItem&#39;.
SHFB: Warning BE0066: ResolveReferenceLinksComponent: [M:SvgPlotting.SvgPlottingUtil.GetTransformations(Html.HtmlNodeItem)] Unknown reference link target &#39;T:Html.HtmlNodeItem&#39;.
SHFB: Warning BE0066: ResolveReferenceLinksComponent: [M:SvgPlotting.SvgPlottingUtil.HasTransformations(Html.HtmlNodeItem)] Unknown reference link target &#39;T:Html.HtmlNodeItem&#39;.
SHFB: Warning BE0066: ResolveReferenceLinksComponent: [P:SvgPlotting.SvgPlottingUtil.HConverter] Unknown reference link target &#39;T:ConversionCalc.Converter&#39;.
SHFB: Warning BE0066: ResolveReferenceLinksComponent: [M:SvgPlotting.SvgPlottingUtil.IsVisible(Html.HtmlNodeItem)] Unknown reference link target &#39;T:Html.HtmlNodeItem&#39;.
SHFB: Warning BE0066: ResolveReferenceLinksComponent: [M:SvgPlotting.SvgPlottingUtil.ProcessNode(SvgPlotting.SvgImageItem,Html.HtmlNodeItem)] Unknown reference link target &#39;T:Html.HtmlNodeItem&#39;.
SHFB: Warning BE0066: ResolveReferenceLinksComponent: [M:SvgPlotting.SvgPlottingUtil.Transform(SvgPlotting.SvgImageItem,SvgPlotting.PlotPointCollection,Geometry.FPoint,Html.HtmlNodeItem)] Unknown reference link target &#39;T:Geometry.FPoint&#39;.
SHFB: Warning BE0066: ResolveReferenceLinksComponent: [M:SvgPlotting.SvgPlottingUtil.Transform(SvgPlotting.SvgImageItem,SvgPlotting.PlotPointCollection,Geometry.FPoint,Html.HtmlNodeItem)] Unknown reference link target &#39;T:Html.HtmlNodeItem&#39;.
SHFB: Warning BE0066: ResolveReferenceLinksComponent: [M:SvgPlotting.UnitGroupItem.#ctor(ConversionCalc.ConversionDefinitionItem,System.String)] Unknown reference link target &#39;T:ConversionCalc.ConversionDefinitionItem&#39;.
SHFB: Warning BE0066: ResolveReferenceLinksComponent: [P:SvgPlotting.UnitGroupItem.Conversion] Unknown reference link target &#39;T:ConversionCalc.ConversionDefinitionItem&#39;.
Processed 110 topic(s)
142 warning(s)
CopyFromIndexComponent: &quot;reflection&quot; in-memory cache entries used: 4 of 15.
CopyFromIndexComponent: &quot;comments&quot; in-memory cache entries used: 1 of 30.
<plugIn name="Website Table of Contents Generator" behavior="After" priority="1000">
Generating TOC fragment files
</plugIn>    Last step completed in 00:00:02.4750
</buildStep>
<buildStep step="CopyStandardHelpContent">
Copying standard help content...
C:\Program Files (x86)\EWSoftware\Sandcastle Help File Builder\Components\Default2022\css\bulma.css -&gt; C:\Files\Dropbox\Develop\Shared\danielanywhere.github.io\SvgPlotting\Working\Output\Website\css\bulma.css
C:\Program Files (x86)\EWSoftware\Sandcastle Help File Builder\Components\Default2022\css\bulma.css.map -&gt; C:\Files\Dropbox\Develop\Shared\danielanywhere.github.io\SvgPlotting\Working\Output\Website\css\bulma.css.map
C:\Program Files (x86)\EWSoftware\Sandcastle Help File Builder\Components\Default2022\css\bulma.min.css -&gt; C:\Files\Dropbox\Develop\Shared\danielanywhere.github.io\SvgPlotting\Working\Output\Website\css\bulma.min.css
C:\Program Files (x86)\EWSoftware\Sandcastle Help File Builder\Components\Default2022\css\font-awesome.css -&gt; C:\Files\Dropbox\Develop\Shared\danielanywhere.github.io\SvgPlotting\Working\Output\Website\css\font-awesome.css
C:\Program Files (x86)\EWSoftware\Sandcastle Help File Builder\Components\Default2022\css\font-awesome.min.css -&gt; C:\Files\Dropbox\Develop\Shared\danielanywhere.github.io\SvgPlotting\Working\Output\Website\css\font-awesome.min.css
C:\Program Files (x86)\EWSoftware\Sandcastle Help File Builder\Components\Default2022\css\ja-JP.css -&gt; C:\Files\Dropbox\Develop\Shared\danielanywhere.github.io\SvgPlotting\Working\Output\Website\css\ja-JP.css
C:\Program Files (x86)\EWSoftware\Sandcastle Help File Builder\Components\Default2022\css\ko-KR.css -&gt; C:\Files\Dropbox\Develop\Shared\danielanywhere.github.io\SvgPlotting\Working\Output\Website\css\ko-KR.css
C:\Program Files (x86)\EWSoftware\Sandcastle Help File Builder\Components\Default2022\css\presentationStyle.css -&gt; C:\Files\Dropbox\Develop\Shared\danielanywhere.github.io\SvgPlotting\Working\Output\Website\css\presentationStyle.css
C:\Program Files (x86)\EWSoftware\Sandcastle Help File Builder\Components\Default2022\css\vs.min.css -&gt; C:\Files\Dropbox\Develop\Shared\danielanywhere.github.io\SvgPlotting\Working\Output\Website\css\vs.min.css
C:\Program Files (x86)\EWSoftware\Sandcastle Help File Builder\Components\Default2022\css\zh-CN.css -&gt; C:\Files\Dropbox\Develop\Shared\danielanywhere.github.io\SvgPlotting\Working\Output\Website\css\zh-CN.css
C:\Program Files (x86)\EWSoftware\Sandcastle Help File Builder\Components\Default2022\css\zh-TW.css -&gt; C:\Files\Dropbox\Develop\Shared\danielanywhere.github.io\SvgPlotting\Working\Output\Website\css\zh-TW.css
C:\Program Files (x86)\EWSoftware\Sandcastle Help File Builder\Components\Default2022\icons\favicon.ico -&gt; C:\Files\Dropbox\Develop\Shared\danielanywhere.github.io\SvgPlotting\Working\Output\Website\icons\favicon.ico
C:\Program Files (x86)\EWSoftware\Sandcastle Help File Builder\Components\Default2022\scripts\clipboard.min.js -&gt; C:\Files\Dropbox\Develop\Shared\danielanywhere.github.io\SvgPlotting\Working\Output\Website\scripts\clipboard.min.js
C:\Program Files (x86)\EWSoftware\Sandcastle Help File Builder\Components\Default2022\scripts\highlight.min.js -&gt; C:\Files\Dropbox\Develop\Shared\danielanywhere.github.io\SvgPlotting\Working\Output\Website\scripts\highlight.min.js
C:\Program Files (x86)\EWSoftware\Sandcastle Help File Builder\Components\Default2022\scripts\jquery-3.5.1.min.js -&gt; C:\Files\Dropbox\Develop\Shared\danielanywhere.github.io\SvgPlotting\Working\Output\Website\scripts\jquery-3.5.1.min.js
C:\Program Files (x86)\EWSoftware\Sandcastle Help File Builder\Components\Default2022\scripts\presentationStyle.js -&gt; C:\Files\Dropbox\Develop\Shared\danielanywhere.github.io\SvgPlotting\Working\Output\Website\scripts\presentationStyle.js
C:\Program Files (x86)\EWSoftware\Sandcastle Help File Builder\Components\Default2022\webfonts\fa-brands-400.ttf -&gt; C:\Files\Dropbox\Develop\Shared\danielanywhere.github.io\SvgPlotting\Working\Output\Website\webfonts\fa-brands-400.ttf
C:\Program Files (x86)\EWSoftware\Sandcastle Help File Builder\Components\Default2022\webfonts\fa-brands-400.woff2 -&gt; C:\Files\Dropbox\Develop\Shared\danielanywhere.github.io\SvgPlotting\Working\Output\Website\webfonts\fa-brands-400.woff2
C:\Program Files (x86)\EWSoftware\Sandcastle Help File Builder\Components\Default2022\webfonts\fa-regular-400.ttf -&gt; C:\Files\Dropbox\Develop\Shared\danielanywhere.github.io\SvgPlotting\Working\Output\Website\webfonts\fa-regular-400.ttf
C:\Program Files (x86)\EWSoftware\Sandcastle Help File Builder\Components\Default2022\webfonts\fa-regular-400.woff2 -&gt; C:\Files\Dropbox\Develop\Shared\danielanywhere.github.io\SvgPlotting\Working\Output\Website\webfonts\fa-regular-400.woff2
C:\Program Files (x86)\EWSoftware\Sandcastle Help File Builder\Components\Default2022\webfonts\fa-solid-900.ttf -&gt; C:\Files\Dropbox\Develop\Shared\danielanywhere.github.io\SvgPlotting\Working\Output\Website\webfonts\fa-solid-900.ttf
C:\Program Files (x86)\EWSoftware\Sandcastle Help File Builder\Components\Default2022\webfonts\fa-solid-900.woff2 -&gt; C:\Files\Dropbox\Develop\Shared\danielanywhere.github.io\SvgPlotting\Working\Output\Website\webfonts\fa-solid-900.woff2
C:\Program Files (x86)\EWSoftware\Sandcastle Help File Builder\Components\Default2022\webfonts\fa-v4compatibility.ttf -&gt; C:\Files\Dropbox\Develop\Shared\danielanywhere.github.io\SvgPlotting\Working\Output\Website\webfonts\fa-v4compatibility.ttf
C:\Program Files (x86)\EWSoftware\Sandcastle Help File Builder\Components\Default2022\webfonts\fa-v4compatibility.woff2 -&gt; C:\Files\Dropbox\Develop\Shared\danielanywhere.github.io\SvgPlotting\Working\Output\Website\webfonts\fa-v4compatibility.woff2
C:\Program Files (x86)\EWSoftware\Sandcastle Help File Builder\Components\Default2022\RootWebsiteContent\GeneralError.html -&gt; C:\Files\Dropbox\Develop\Shared\danielanywhere.github.io\SvgPlotting\Working\Output\Website\GeneralError.html
C:\Program Files (x86)\EWSoftware\Sandcastle Help File Builder\Components\Default2022\RootWebsiteContent\index.html -&gt; C:\Files\Dropbox\Develop\Shared\danielanywhere.github.io\SvgPlotting\Working\Output\Website\index.html
C:\Program Files (x86)\EWSoftware\Sandcastle Help File Builder\Components\Default2022\RootWebsiteContent\PageNotFound.html -&gt; C:\Files\Dropbox\Develop\Shared\danielanywhere.github.io\SvgPlotting\Working\Output\Website\PageNotFound.html
C:\Program Files (x86)\EWSoftware\Sandcastle Help File Builder\Components\Default2022\RootWebsiteContent\search.html -&gt; C:\Files\Dropbox\Develop\Shared\danielanywhere.github.io\SvgPlotting\Working\Output\Website\search.html
C:\Program Files (x86)\EWSoftware\Sandcastle Help File Builder\Components\Default2022\RootWebsiteContent\SearchHelp.aspx -&gt; C:\Files\Dropbox\Develop\Shared\danielanywhere.github.io\SvgPlotting\Working\Output\Website\SearchHelp.aspx
C:\Program Files (x86)\EWSoftware\Sandcastle Help File Builder\Components\Default2022\RootWebsiteContent\SearchHelp.inc.php -&gt; C:\Files\Dropbox\Develop\Shared\danielanywhere.github.io\SvgPlotting\Working\Output\Website\SearchHelp.inc.php
C:\Program Files (x86)\EWSoftware\Sandcastle Help File Builder\Components\Default2022\RootWebsiteContent\SearchHelp.php -&gt; C:\Files\Dropbox\Develop\Shared\danielanywhere.github.io\SvgPlotting\Working\Output\Website\SearchHelp.php
C:\Program Files (x86)\EWSoftware\Sandcastle Help File Builder\Components\Default2022\RootWebsiteContent\Web.Config -&gt; C:\Files\Dropbox\Develop\Shared\danielanywhere.github.io\SvgPlotting\Working\Output\Website\Web.Config
    Last step completed in 00:00:00.0610
</buildStep>
<buildStep step="GenerateFullTextIndex">
Generating full-text index for the website...

    Last step completed in 00:00:00.4230
</buildStep>
<buildStep step="CopyingWebsiteFiles">
Copying website files to output folder...

Copied 202 files for the website content
    Last step completed in 00:00:00.3740
</buildStep>
<buildStep step="CleanIntermediates">
Removing intermediate files...
    Not all build output was removed from &#39;C:\Files\Dropbox\Develop\Shared\danielanywhere.github.io\SvgPlotting\Working\&#39;: The process cannot access the file &#39;C:\Files\Dropbox\Develop\Shared\danielanywhere.github.io\SvgPlotting\Working\Output\Website\css&#39; because it is being used by another process.
    Last step completed in 00:00:00.0720
</buildStep>
<buildStep step="Completed">

Build completed successfully at 07/11/2025 19:35:59.  Total time: 00:00:06.2530

</buildStep>
</shfbBuild>
