<?xml version="1.0" encoding="utf-8"?>
<shfbBuild product="Sandcastle Help File Builder and Tools" version="2024.12.21.0" projectFile="C:\Files\Dropbox\Develop\Shared\ShopTools\Scripts\ShopToolsDocumentation.shfbproj" started="07/15/2025 13:18:56">
<buildStep step="Initializing">
The Sandcastle tools are located in &#39;C:\Program Files (x86)\EWSoftware\Sandcastle Help File Builder&#39;
Locating components in the following folder(s):
    C:\Files\Dropbox\Develop\Shared\ShopTools\Scripts
    C:\ProgramData\EWSoftware\Sandcastle Help File Builder\Components and Plug-Ins
    C:\Program Files (x86)\EWSoftware\Sandcastle Help File Builder\Components
Using framework reflection data for &#39;Cross-platform (.NET Core/.NET Standard)&#39; located in &#39;C:\Program Files (x86)\EWSoftware\Sandcastle Help File Builder\Data\.NETFramework&#39;
Using presentation style &#39;Default2022&#39; located in &#39;C:\Program Files (x86)\EWSoftware\Sandcastle Help File Builder\Components\Default2022&#39;
Loading and initializing plug-ins...
Website Table of Contents Generator Version 2024.12.21.0
Copyright &#169; 2006-2024, Eric Woodruff, All Rights Reserved
</buildStep>
<buildStep step="ClearWorkFolder">
Clearing working folder...
-------------------------------
Clearing any prior web/markdown output...
</buildStep>
<buildStep step="ValidatingDocumentationSources">
Validating and copying documentation source information
Source: C:\Files\Dropbox\Develop\Shared\ShopTools\Source\ShopTools\bin\Release\net8.0-windows\ShopTools.xml
Source: C:\Files\Dropbox\Develop\Shared\ShopTools\Source\ShopTools\bin\Release\net8.0-windows\ShopTools.dll
    Found assembly &#39;C:\Files\Dropbox\Develop\Shared\ShopTools\Source\ShopTools\bin\Release\net8.0-windows\ShopTools.dll&#39;
Source: C:\Files\Dropbox\Develop\Shared\ShopTools\Docs\AdditionalMemberDocumentation.xml

References to include:
    ConversionCalc
    Geometry
    Newtonsoft.Json

Copying XML comments files
    C:\Files\Dropbox\Develop\Shared\ShopTools\Source\ShopTools\bin\Release\net8.0-windows\ShopTools.xml -&gt; C:\Files\Dropbox\Develop\Shared\danielanywhere.github.io\ShopTools\Working\ShopTools.xml
    C:\Files\Dropbox\Develop\Shared\ShopTools\Docs\AdditionalMemberDocumentation.xml -&gt; C:\Files\Dropbox\Develop\Shared\danielanywhere.github.io\ShopTools\Working\AdditionalMemberDocumentation.xml
</buildStep>
<buildStep step="GenerateSharedContent">
Generating shared content files (en-US, English (United States))...
    Last step completed in 00:00:00.0220
</buildStep>
<buildStep step="GenerateApiFilter">
Generating API filter for MRefBuilder...
    Last step completed in 00:00:00.0550
</buildStep>
<buildStep step="GenerateReflectionInfo">
Generating reflection information...
[C:\Program Files\Microsoft Visual Studio\2022\Community\MSBuild\Current\Bin\amd64\MSBuild.exe - GenerateRefInfo-5cb13aee-65f2-4f8c-aae7-67e1cea2b0b2.proj]
Build started 07/15/2025 13:18:58.

Project &quot;C:\Files\Dropbox\Develop\Shared\danielanywhere.github.io\ShopTools\Working\GenerateRefInfo-5cb13aee-65f2-4f8c-aae7-67e1cea2b0b2.proj&quot; on node 1 (default targets).
PrepareForBuild:
  Creating directory &quot;obj\Debug\&quot;.
GenerateRefInfo:
  Microsoft.Build (v17.9.8+b34f75857bacf5ecd5531f7ff763a5739d3ae435)
  &#194;&#169; Microsoft Corporation. All rights reserved.
  No source code context base path specified.  Source context information is unavailable.
  Loaded 1 assemblies for reflection and 106 dependency assemblies.
  Using automatic redirect &#39;System.Collections, Version=4.0.11.0, Culture=neutral, PublicKeyToken=b03f5f7f11d50a3a&#39; in place of &#39;System.Collections, Version=8.0.0.0, Culture=neutral, PublicKeyToken=b03f5f7f11d50a3a&#39;
MRefBuilder : warning : Ignoring unresolved assembly reference: System.Windows.Forms (System.Windows.Forms, Version=8.0.0.0, Culture=neutral, PublicKeyToken=b77a5c561934e089) required by ShopTools [C:\Files\Dropbox\Develop\Shared\danielanywhere.github.io\ShopTools\Working\GenerateRefInfo-5cb13aee-65f2-4f8c-aae7-67e1cea2b0b2.proj]
  Using automatic redirect &#39;System.ComponentModel.TypeConverter, Version=4.1.2.0, Culture=neutral, PublicKeyToken=b03f5f7f11d50a3a&#39; in place of &#39;System.ComponentModel.TypeConverter, Version=8.0.0.0, Culture=neutral, PublicKeyToken=b03f5f7f11d50a3a&#39;
  Using automatic redirect &#39;System.ObjectModel, Version=4.0.11.0, Culture=neutral, PublicKeyToken=b03f5f7f11d50a3a&#39; in place of &#39;System.ObjectModel, Version=8.0.0.0, Culture=neutral, PublicKeyToken=b03f5f7f11d50a3a&#39;
  Using automatic redirect &#39;System.ComponentModel.Primitives, Version=4.1.2.0, Culture=neutral, PublicKeyToken=b03f5f7f11d50a3a&#39; in place of &#39;System.ComponentModel.Primitives, Version=8.0.0.0, Culture=neutral, PublicKeyToken=b03f5f7f11d50a3a&#39;
  Using automatic redirect &#39;System.ComponentModel, Version=4.0.1.0, Culture=neutral, PublicKeyToken=b03f5f7f11d50a3a&#39; in place of &#39;System.ComponentModel, Version=8.0.0.0, Culture=neutral, PublicKeyToken=b03f5f7f11d50a3a&#39;
  Using automatic redirect &#39;System.Data.Common, Version=4.2.0.0, Culture=neutral, PublicKeyToken=b03f5f7f11d50a3a&#39; in place of &#39;System.Data.Common, Version=8.0.0.0, Culture=neutral, PublicKeyToken=b03f5f7f11d50a3a&#39;
MRefBuilder : warning : Ignoring unresolved assembly reference: System.Drawing.Common (System.Drawing.Common, Version=8.0.0.0, Culture=neutral, PublicKeyToken=cc7b13ffcd2ddd51) required by ShopTools [C:\Files\Dropbox\Develop\Shared\danielanywhere.github.io\ShopTools\Working\GenerateRefInfo-5cb13aee-65f2-4f8c-aae7-67e1cea2b0b2.proj]
  Using automatic redirect &#39;System.Drawing.Primitives, Version=4.0.2.0, Culture=neutral, PublicKeyToken=b03f5f7f11d50a3a&#39; in place of &#39;System.Drawing.Primitives, Version=8.0.0.0, Culture=neutral, PublicKeyToken=b03f5f7f11d50a3a&#39;
  Using automatic redirect &#39;System.Text.RegularExpressions, Version=4.1.1.0, Culture=neutral, PublicKeyToken=b03f5f7f11d50a3a&#39; in place of &#39;System.Text.RegularExpressions, Version=8.0.0.0, Culture=neutral, PublicKeyToken=b03f5f7f11d50a3a&#39;
  Wrote information on 1 namespaces, 78 types, and 1411 members
  Merging duplicate type and member information
  Merged 0 duplicate type(s) and 0 duplicate member(s)
Done Building Project &quot;C:\Files\Dropbox\Develop\Shared\danielanywhere.github.io\ShopTools\Working\GenerateRefInfo-5cb13aee-65f2-4f8c-aae7-67e1cea2b0b2.proj&quot; (default targets).
    Last step completed in 00:00:04.3280
</buildStep>
<buildStep step="ApplyDocumentModel">
Applying document model to reflection output...
    Last step completed in 00:00:00.4290
</buildStep>
<buildStep step="AddApiTopicFilenames">
Adding topic filenames to API members...
    Unique name M_ShopTools_CutProfileItem__ctor_1 generated for M:ShopTools.CutProfileItem.#ctor(ShopTools.PatternTemplateItem)
    Unique name M_ShopTools_frmAbout__ctor_1 generated for M:ShopTools.frmAbout.#ctor(System.Windows.Forms.Form)
    Unique name M_ShopTools_frmMessage__ctor_1 generated for M:ShopTools.frmMessage.#ctor(System.Windows.Forms.Form)
    Unique name M_ShopTools_PatternOperationItem_SetValue_1 generated for M:ShopTools.PatternOperationItem.SetValue(ShopTools.PatternOperationItem,System.String,ShopTools.OffsetLeftRightEnum)
    Unique name M_ShopTools_PatternOperationItem_SetValue_2 generated for M:ShopTools.PatternOperationItem.SetValue(ShopTools.PatternOperationItem,System.String,ShopTools.OffsetTopBottomEnum)
    Unique name M_ShopTools_PatternOperationItem_SetValue_3 generated for M:ShopTools.PatternOperationItem.SetValue(ShopTools.PatternOperationItem,System.String,System.String)
    Unique name M_ShopTools_ShopToolsUtil_CalculateLayout_1 generated for M:ShopTools.ShopToolsUtil.CalculateLayout(ShopTools.CutProfileItem,ShopTools.WorkpieceInfoItem,Geometry.FVector2)
    Unique name M_ShopTools_ShopToolsUtil_Clamp_1 generated for M:ShopTools.ShopToolsUtil.Clamp(System.Single,System.Single,System.Single)
    Unique name M_ShopTools_ShopToolsUtil_ConvertToRelative_1 generated for M:ShopTools.ShopToolsUtil.ConvertToRelative(System.Collections.Generic.List{Geometry.FVector2},System.Boolean)
    Unique name M_ShopTools_ShopToolsUtil_DrawRectangle_1 generated for M:ShopTools.ShopToolsUtil.DrawRectangle(Geometry.FVector2,System.Single,System.Single,System.Drawing.Graphics,System.Drawing.Pen,System.Drawing.Rectangle,System.Single)
    Unique name M_ShopTools_ShopToolsUtil_FillRectangle_1 generated for M:ShopTools.ShopToolsUtil.FillRectangle(Geometry.FVector2,System.Single,System.Single,System.Drawing.Graphics,System.Drawing.Rectangle,System.Single,System.Boolean)
    Unique name M_ShopTools_ShopToolsUtil_GetDataUri_1 generated for M:ShopTools.ShopToolsUtil.GetDataUri(System.String,System.Byte[])
    Unique name M_ShopTools_ShopToolsUtil_GetValue_1 generated for M:ShopTools.ShopToolsUtil.GetValue(System.Text.RegularExpressions.Match,System.String)
    Unique name M_ShopTools_ShopToolsUtil_GetValue_2 generated for M:ShopTools.ShopToolsUtil.GetValue(System.Type,System.Object,System.String)
    Unique name M_ShopTools_ShopToolsUtil_ToBool_1 generated for M:ShopTools.ShopToolsUtil.ToBool(System.String,System.Boolean)
    Unique name M_ShopTools_ShopToolsUtil_ToFloat_1 generated for M:ShopTools.ShopToolsUtil.ToFloat(System.String)
    Unique name M_ShopTools_ShopToolsUtil_ToInt_1 generated for M:ShopTools.ShopToolsUtil.ToInt(System.String)
    Unique name M_ShopTools_ShopToolsUtil_TranslateDirection_1 generated for M:ShopTools.ShopToolsUtil.TranslateDirection(System.Single,ShopTools.DirectionUpDownEnum)
    Unique name M_ShopTools_ShopToolsUtil_TranslateOffset_1 generated for M:ShopTools.ShopToolsUtil.TranslateOffset(Geometry.FArea,System.Single,ShopTools.OffsetTopBottomEnum,System.Single)
    Unique name M_ShopTools_ShopToolsUtil_TranslateOffset_2 generated for M:ShopTools.ShopToolsUtil.TranslateOffset(Geometry.FArea,System.Single,System.Single,ShopTools.OffsetLeftRightEnum,System.Single)
    Unique name M_ShopTools_ShopToolsUtil_TranslateOffset_3 generated for M:ShopTools.ShopToolsUtil.TranslateOffset(Geometry.FArea,System.Single,System.Single,ShopTools.OffsetTopBottomEnum,System.Single)
    Unique name M_ShopTools_TrackLayerCollection__ctor_1 generated for M:ShopTools.TrackLayerCollection.#ctor(ShopTools.CutProfileCollection)
    Last step completed in 00:00:00.4450
</buildStep>
<buildStep step="GenerateApiTopicManifest">
Generating API topic manifest...
    Last step completed in 00:00:00.6360
</buildStep>
<buildStep step="GenerateNamespaceSummaries">
Generating namespace summary information...
    Last step completed in 00:00:00.1200
</buildStep>
<buildStep step="CopyAdditionalContent">
Copying additional content files...
No additional content to copy
    Last step completed in 00:00:00.0030
</buildStep>
<buildStep step="MergeTablesOfContents">
Merging conceptual and additional tables of contents...
    Last step completed in 00:00:00.0000
</buildStep>
<buildStep step="GenerateIntermediateTableOfContents">
Generating intermediate table of contents file for API content...
Generating conceptual content intermediate TOC file...
    Last step completed in 00:00:00.1260
</buildStep>
<buildStep step="CreateBuildAssemblerConfigs">
Creating Sandcastle configuration files...
    Last step completed in 00:00:00.1980
</buildStep>
<buildStep step="CombiningIntermediateTocFiles">
Combining conceptual and API intermediate TOC files...
    Last step completed in 00:00:00.0200
</buildStep>
<buildStep step="MergeCustomConfigs">
Merging custom build component configurations
C:\Files\Dropbox\Develop\Shared\danielanywhere.github.io\ShopTools\Working\BuildAssembler.config
  Updating reference topic configurations.
  No conceptual content.  Removing conceptual content components.
    Last step completed in 00:00:00.0340
</buildStep>
<buildStep step="BuildTopics">
Building help topics...
<plugIn name="Website Table of Contents Generator" behavior="Before" priority="1000">
Loading TOC info and adding unique IDs to parent nodes
</plugIn>Loading configuration...
Processing topics...
SHFB: Warning BE0066: ResolveReferenceLinksComponent: [P:ShopTools.CutProfileItem.EndLocation] Unknown reference link target &#39;T:Geometry.FVector2&#39;.
SHFB: Warning BE0066: ResolveReferenceLinksComponent: [F:ShopTools.CutProfileItem.mEndLocation] Unknown reference link target &#39;T:Geometry.FVector2&#39;.
SHFB: Warning BE0066: ResolveReferenceLinksComponent: [M:ShopTools.CutProfileItem.mEndLocation_CoordinateChanged(System.Object,Geometry.FloatPointEventArgs)] Unknown reference link target &#39;T:Geometry.FloatPointEventArgs&#39;.
SHFB: Warning BE0066: ResolveReferenceLinksComponent: [F:ShopTools.CutProfileItem.mStartLocation] Unknown reference link target &#39;T:Geometry.FVector2&#39;.
SHFB: Warning BE0066: ResolveReferenceLinksComponent: [M:ShopTools.CutProfileItem.mStartLocation_CoordinateChanged(System.Object,Geometry.FloatPointEventArgs)] Unknown reference link target &#39;T:Geometry.FloatPointEventArgs&#39;.
SHFB: Warning BE0066: ResolveReferenceLinksComponent: [P:ShopTools.CutProfileItem.StartLocation] Unknown reference link target &#39;T:Geometry.FVector2&#39;.
SHFB: Warning BE0066: ResolveReferenceLinksComponent: [T:ShopTools.frmCutEdit] Unknown reference link target &#39;statusCut&#39;.
SHFB: Warning BE0066: ResolveReferenceLinksComponent: [T:ShopTools.frmCutEdit] Unknown reference link target &#39;statusCut&#39;.
SHFB: Warning BE0066: ResolveReferenceLinksComponent: [Fields.T:ShopTools.frmCutEdit] Unknown reference link target &#39;statusCut&#39;.
SHFB: Warning BE0066: ResolveReferenceLinksComponent: [Fields.T:ShopTools.frmCutEdit] Unknown reference link target &#39;statusCut&#39;.
SHFB: Warning BE0066: ResolveReferenceLinksComponent: [M:ShopTools.frmCutEdit.CreateFromTemplate(ShopTools.PatternTemplateItem,Geometry.FVector2)] Unknown reference link target &#39;T:Geometry.FVector2&#39;.
SHFB: Warning BE0066: ResolveReferenceLinksComponent: [F:ShopTools.frmCutEdit.statMessage] Unknown reference link target &#39;statusCut&#39;.
SHFB: Warning BE0066: ResolveReferenceLinksComponent: [F:ShopTools.frmCutEdit.statValue] Unknown reference link target &#39;statusCut&#39;.
SHFB: Warning BE0066: ResolveReferenceLinksComponent: [T:ShopTools.frmMain] Unknown reference link target &#39;ilPatterns&#39;.
SHFB: Warning BE0066: ResolveReferenceLinksComponent: [Fields.T:ShopTools.frmMain] Unknown reference link target &#39;ilPatterns&#39;.
SHFB: Warning BE0066: ResolveReferenceLinksComponent: [F:ShopTools.frmMain.ilPatternsSmall] Unknown reference link target &#39;ilPatterns&#39;.
SHFB: Warning BE0066: ResolveReferenceLinksComponent: [T:ShopTools.frmSettings] Unknown reference link target &#39;frmEditTools&#39;.
SHFB: Warning BE0066: ResolveReferenceLinksComponent: [Fields.T:ShopTools.frmSettings] Unknown reference link target &#39;frmEditTools&#39;.
SHFB: Warning BE0066: ResolveReferenceLinksComponent: [F:ShopTools.frmSettings.btnEditTools] Unknown reference link target &#39;frmEditTools&#39;.
SHFB: Warning BE0066: ResolveReferenceLinksComponent: [F:ShopTools.frmView3D.mCamera] Unknown reference link target &#39;T:Geometry.CameraOrtho&#39;.
SHFB: Warning BE0066: ResolveReferenceLinksComponent: [F:ShopTools.frmView3D.mMaterialPolygon] Unknown reference link target &#39;T:Geometry.FVector3&#39;.
SHFB: Warning BE0066: ResolveReferenceLinksComponent: [F:ShopTools.frmView3D.mTableGridX] Unknown reference link target &#39;T:Geometry.FLine3&#39;.
SHFB: Warning BE0066: ResolveReferenceLinksComponent: [F:ShopTools.frmView3D.mTableGridY] Unknown reference link target &#39;T:Geometry.FLine3&#39;.
SHFB: Warning BE0066: ResolveReferenceLinksComponent: [F:ShopTools.frmView3D.mTablePolygon] Unknown reference link target &#39;T:Geometry.FVector3&#39;.
SHFB: Warning BE0066: ResolveReferenceLinksComponent: [M:ShopTools.GCode.PlotToPositionXYAbs(Geometry.FVector2,System.Single)] Unknown reference link target &#39;T:Geometry.FVector2&#39;.
SHFB: Warning BE0066: ResolveReferenceLinksComponent: [M:ShopTools.GCode.TransitToPositionXYAbs(Geometry.FVector2)] Unknown reference link target &#39;T:Geometry.FVector2&#39;.
SHFB: Warning BE0066: ResolveReferenceLinksComponent: [F:ShopTools.MeasurementTokenCollection.mExpressionContext] Unknown reference link target &#39;T:Flee.PublicTypes.ExpressionContext&#39;.
SHFB: Warning BE0066: ResolveReferenceLinksComponent: [M:ShopTools.OperationLayoutCollection.AddArcCenterOffsetXY(ShopTools.PatternOperationItem,Geometry.FVector2,Geometry.FVector2,Geometry.FVector2,Geometry.WindingOrientationEnum,Geometry.FVector2)] Unknown reference link target &#39;T:Geometry.FVector2&#39;.
SHFB: Warning BE0066: ResolveReferenceLinksComponent: [M:ShopTools.OperationLayoutCollection.AddArcCenterOffsetXY(ShopTools.PatternOperationItem,Geometry.FVector2,Geometry.FVector2,Geometry.FVector2,Geometry.WindingOrientationEnum,Geometry.FVector2)] Unknown reference link target &#39;T:Geometry.FVector2&#39;.
SHFB: Warning BE0066: ResolveReferenceLinksComponent: [M:ShopTools.OperationLayoutCollection.AddArcCenterOffsetXY(ShopTools.PatternOperationItem,Geometry.FVector2,Geometry.FVector2,Geometry.FVector2,Geometry.WindingOrientationEnum,Geometry.FVector2)] Unknown reference link target &#39;T:Geometry.FVector2&#39;.
SHFB: Warning BE0066: ResolveReferenceLinksComponent: [M:ShopTools.OperationLayoutCollection.AddArcCenterOffsetXY(ShopTools.PatternOperationItem,Geometry.FVector2,Geometry.FVector2,Geometry.FVector2,Geometry.WindingOrientationEnum,Geometry.FVector2)] Unknown reference link target &#39;T:Geometry.WindingOrientationEnum&#39;.
SHFB: Warning BE0066: ResolveReferenceLinksComponent: [M:ShopTools.OperationLayoutCollection.AddArcCenterOffsetXY(ShopTools.PatternOperationItem,Geometry.FVector2,Geometry.FVector2,Geometry.FVector2,Geometry.WindingOrientationEnum,Geometry.FVector2)] Unknown reference link target &#39;T:Geometry.FVector2&#39;.
SHFB: Warning BE0066: ResolveReferenceLinksComponent: [M:ShopTools.OperationLayoutCollection.AddArcCenterOffsetXY(ShopTools.PatternOperationItem,Geometry.FVector2,Geometry.FVector2,Geometry.FVector2,Geometry.WindingOrientationEnum,Geometry.FVector2)] Unknown reference link target &#39;T:Geometry.FVector2&#39;.
SHFB: Warning BE0066: ResolveReferenceLinksComponent: [M:ShopTools.OperationLayoutCollection.AddArcCenterOffsetXYAngle(ShopTools.PatternOperationItem,Geometry.FVector2,Geometry.FVector2,System.Single,Geometry.FVector2)] Unknown reference link target &#39;T:Geometry.FVector2&#39;.
SHFB: Warning BE0066: ResolveReferenceLinksComponent: [M:ShopTools.OperationLayoutCollection.AddArcCenterOffsetXYAngle(ShopTools.PatternOperationItem,Geometry.FVector2,Geometry.FVector2,System.Single,Geometry.FVector2)] Unknown reference link target &#39;T:Geometry.FVector2&#39;.
SHFB: Warning BE0066: ResolveReferenceLinksComponent: [M:ShopTools.OperationLayoutCollection.AddArcCenterOffsetXYAngle(ShopTools.PatternOperationItem,Geometry.FVector2,Geometry.FVector2,System.Single,Geometry.FVector2)] Unknown reference link target &#39;T:Geometry.FVector2&#39;.
SHFB: Warning BE0066: ResolveReferenceLinksComponent: [M:ShopTools.OperationLayoutCollection.AddArcCenterOffsetXYAngle(ShopTools.PatternOperationItem,Geometry.FVector2,Geometry.FVector2,System.Single,Geometry.FVector2)] Unknown reference link target &#39;T:Geometry.FVector2&#39;.
SHFB: Warning BE0066: ResolveReferenceLinksComponent: [M:ShopTools.OperationLayoutCollection.AddArcCenterRadiusStartSweepAngle(ShopTools.PatternOperationItem,Geometry.FVector2,System.Single,System.Single,System.Single,Geometry.FVector2)] Unknown reference link target &#39;T:Geometry.FVector2&#39;.
SHFB: Warning BE0066: ResolveReferenceLinksComponent: [M:ShopTools.OperationLayoutCollection.AddArcCenterRadiusStartSweepAngle(ShopTools.PatternOperationItem,Geometry.FVector2,System.Single,System.Single,System.Single,Geometry.FVector2)] Unknown reference link target &#39;T:Geometry.FVector2&#39;.
SHFB: Warning BE0066: ResolveReferenceLinksComponent: [M:ShopTools.OperationLayoutCollection.AddArcCenterRadiusStartSweepAngle(ShopTools.PatternOperationItem,Geometry.FVector2,System.Single,System.Single,System.Single,Geometry.FVector2)] Unknown reference link target &#39;T:Geometry.FVector2&#39;.
SHFB: Warning BE0066: ResolveReferenceLinksComponent: [M:ShopTools.OperationLayoutCollection.AddEllipseCenterRadius(ShopTools.PatternOperationItem,Geometry.FVector2,System.Single,System.Single,Geometry.FVector2,System.Boolean)] Unknown reference link target &#39;T:Geometry.FVector2&#39;.
SHFB: Warning BE0066: ResolveReferenceLinksComponent: [M:ShopTools.OperationLayoutCollection.AddEllipseCenterRadius(ShopTools.PatternOperationItem,Geometry.FVector2,System.Single,System.Single,Geometry.FVector2,System.Boolean)] Unknown reference link target &#39;T:Geometry.FVector2&#39;.
SHFB: Warning BE0066: ResolveReferenceLinksComponent: [M:ShopTools.OperationLayoutCollection.AddEllipseCenterRadius(ShopTools.PatternOperationItem,Geometry.FVector2,System.Single,System.Single,Geometry.FVector2,System.Boolean)] Unknown reference link target &#39;T:Geometry.FVector2&#39;.
SHFB: Warning BE0066: ResolveReferenceLinksComponent: [M:ShopTools.OperationLayoutCollection.AddEllipseCornerRadius(ShopTools.PatternOperationItem,Geometry.FVector2,System.Single,System.Single,Geometry.FVector2,System.Boolean)] Unknown reference link target &#39;T:Geometry.FVector2&#39;.
SHFB: Warning BE0066: ResolveReferenceLinksComponent: [M:ShopTools.OperationLayoutCollection.AddEllipseCornerRadius(ShopTools.PatternOperationItem,Geometry.FVector2,System.Single,System.Single,Geometry.FVector2,System.Boolean)] Unknown reference link target &#39;T:Geometry.FVector2&#39;.
SHFB: Warning BE0066: ResolveReferenceLinksComponent: [M:ShopTools.OperationLayoutCollection.AddEllipseCornerRadius(ShopTools.PatternOperationItem,Geometry.FVector2,System.Single,System.Single,Geometry.FVector2,System.Boolean)] Unknown reference link target &#39;T:Geometry.FVector2&#39;.
SHFB: Warning BE0066: ResolveReferenceLinksComponent: [M:ShopTools.OperationLayoutCollection.AddLine(ShopTools.PatternOperationItem,Geometry.FVector2,Geometry.FVector2,Geometry.FVector2)] Unknown reference link target &#39;T:Geometry.FVector2&#39;.
SHFB: Warning BE0066: ResolveReferenceLinksComponent: [M:ShopTools.OperationLayoutCollection.AddLine(ShopTools.PatternOperationItem,Geometry.FVector2,Geometry.FVector2,Geometry.FVector2)] Unknown reference link target &#39;T:Geometry.FVector2&#39;.
SHFB: Warning BE0066: ResolveReferenceLinksComponent: [M:ShopTools.OperationLayoutCollection.AddLine(ShopTools.PatternOperationItem,Geometry.FVector2,Geometry.FVector2,Geometry.FVector2)] Unknown reference link target &#39;T:Geometry.FVector2&#39;.
SHFB: Warning BE0066: ResolveReferenceLinksComponent: [M:ShopTools.OperationLayoutCollection.AddLine(ShopTools.PatternOperationItem,Geometry.FVector2,Geometry.FVector2,Geometry.FVector2)] Unknown reference link target &#39;T:Geometry.FVector2&#39;.
SHFB: Warning BE0066: ResolveReferenceLinksComponent: [M:ShopTools.OperationLayoutCollection.AddMove(ShopTools.PatternOperationItem,Geometry.FVector2,Geometry.FVector2)] Unknown reference link target &#39;T:Geometry.FVector2&#39;.
SHFB: Warning BE0066: ResolveReferenceLinksComponent: [M:ShopTools.OperationLayoutCollection.AddMove(ShopTools.PatternOperationItem,Geometry.FVector2,Geometry.FVector2)] Unknown reference link target &#39;T:Geometry.FVector2&#39;.
SHFB: Warning BE0066: ResolveReferenceLinksComponent: [M:ShopTools.OperationLayoutCollection.AddMove(ShopTools.PatternOperationItem,Geometry.FVector2,Geometry.FVector2)] Unknown reference link target &#39;T:Geometry.FVector2&#39;.
SHFB: Warning BE0066: ResolveReferenceLinksComponent: [M:ShopTools.OperationLayoutCollection.AddPoint(ShopTools.PatternOperationItem,Geometry.FVector2,Geometry.FVector2)] Unknown reference link target &#39;T:Geometry.FVector2&#39;.
SHFB: Warning BE0066: ResolveReferenceLinksComponent: [M:ShopTools.OperationLayoutCollection.AddPoint(ShopTools.PatternOperationItem,Geometry.FVector2,Geometry.FVector2)] Unknown reference link target &#39;T:Geometry.FVector2&#39;.
SHFB: Warning BE0066: ResolveReferenceLinksComponent: [M:ShopTools.OperationLayoutCollection.AddPoint(ShopTools.PatternOperationItem,Geometry.FVector2,Geometry.FVector2)] Unknown reference link target &#39;T:Geometry.FVector2&#39;.
SHFB: Warning BE0066: ResolveReferenceLinksComponent: [M:ShopTools.OperationLayoutCollection.AddRectangleCenterXY(ShopTools.PatternOperationItem,Geometry.FVector2,System.Single,System.Single,Geometry.FVector2,System.Boolean)] Unknown reference link target &#39;T:Geometry.FVector2&#39;.
SHFB: Warning BE0066: ResolveReferenceLinksComponent: [M:ShopTools.OperationLayoutCollection.AddRectangleCenterXY(ShopTools.PatternOperationItem,Geometry.FVector2,System.Single,System.Single,Geometry.FVector2,System.Boolean)] Unknown reference link target &#39;T:Geometry.FVector2&#39;.
SHFB: Warning BE0066: ResolveReferenceLinksComponent: [M:ShopTools.OperationLayoutCollection.AddRectangleCenterXY(ShopTools.PatternOperationItem,Geometry.FVector2,System.Single,System.Single,Geometry.FVector2,System.Boolean)] Unknown reference link target &#39;T:Geometry.FVector2&#39;.
SHFB: Warning BE0066: ResolveReferenceLinksComponent: [M:ShopTools.OperationLayoutCollection.AddRectangleCornerXY(ShopTools.PatternOperationItem,Geometry.FVector2,System.Single,System.Single,Geometry.FVector2,System.Boolean)] Unknown reference link target &#39;T:Geometry.FVector2&#39;.
SHFB: Warning BE0066: ResolveReferenceLinksComponent: [M:ShopTools.OperationLayoutCollection.AddRectangleCornerXY(ShopTools.PatternOperationItem,Geometry.FVector2,System.Single,System.Single,Geometry.FVector2,System.Boolean)] Unknown reference link target &#39;T:Geometry.FVector2&#39;.
SHFB: Warning BE0066: ResolveReferenceLinksComponent: [M:ShopTools.OperationLayoutCollection.AddRectangleCornerXY(ShopTools.PatternOperationItem,Geometry.FVector2,System.Single,System.Single,Geometry.FVector2,System.Boolean)] Unknown reference link target &#39;T:Geometry.FVector2&#39;.
SHFB: Warning BE0066: ResolveReferenceLinksComponent: [P:ShopTools.OperationLayoutItem.DisplayEndOffset] Unknown reference link target &#39;T:Geometry.FVector2&#39;.
SHFB: Warning BE0066: ResolveReferenceLinksComponent: [P:ShopTools.OperationLayoutItem.DisplayStartOffset] Unknown reference link target &#39;T:Geometry.FVector2&#39;.
SHFB: Warning BE0066: ResolveReferenceLinksComponent: [F:ShopTools.OperationLayoutItem.mDisplayEndOffset] Unknown reference link target &#39;T:Geometry.FVector2&#39;.
SHFB: Warning BE0066: ResolveReferenceLinksComponent: [F:ShopTools.OperationLayoutItem.mDisplayStartOffset] Unknown reference link target &#39;T:Geometry.FVector2&#39;.
SHFB: Warning BE0066: ResolveReferenceLinksComponent: [F:ShopTools.OperationLayoutItem.mToolEndOffset] Unknown reference link target &#39;T:Geometry.FVector2&#39;.
SHFB: Warning BE0066: ResolveReferenceLinksComponent: [F:ShopTools.OperationLayoutItem.mToolStartOffset] Unknown reference link target &#39;T:Geometry.FVector2&#39;.
SHFB: Warning BE0066: ResolveReferenceLinksComponent: [P:ShopTools.OperationLayoutItem.ToolEndOffset] Unknown reference link target &#39;T:Geometry.FVector2&#39;.
SHFB: Warning BE0066: ResolveReferenceLinksComponent: [P:ShopTools.OperationLayoutItem.ToolStartOffset] Unknown reference link target &#39;T:Geometry.FVector2&#39;.
SHFB: Warning BE0066: ResolveReferenceLinksComponent: [M:ShopTools.PatternOperationItem.GetDiameterXYParameter(ShopTools.PatternOperationItem,ShopTools.WorkpieceInfoItem)] Unknown reference link target &#39;T:Geometry.FVector2&#39;.
SHFB: Warning BE0066: ResolveReferenceLinksComponent: [M:ShopTools.PatternOperationItem.GetEndOffsetParameter(ShopTools.PatternOperationItem,ShopTools.WorkpieceInfoItem,Geometry.FVector2)] Unknown reference link target &#39;T:Geometry.FVector2&#39;.
SHFB: Warning BE0066: ResolveReferenceLinksComponent: [M:ShopTools.PatternOperationItem.GetEndOffsetParameter(ShopTools.PatternOperationItem,ShopTools.WorkpieceInfoItem,Geometry.FVector2)] Unknown reference link target &#39;T:Geometry.FVector2&#39;.
SHFB: Warning BE0066: ResolveReferenceLinksComponent: [M:ShopTools.PatternOperationItem.GetLengthWidthXYParameter(System.Single,System.Single)] Unknown reference link target &#39;T:Geometry.FVector2&#39;.
SHFB: Warning BE0066: ResolveReferenceLinksComponent: [M:ShopTools.PatternOperationItem.GetOffsetParameter(ShopTools.PatternOperationItem,ShopTools.WorkpieceInfoItem,Geometry.FVector2)] Unknown reference link target &#39;T:Geometry.FVector2&#39;.
SHFB: Warning BE0066: ResolveReferenceLinksComponent: [M:ShopTools.PatternOperationItem.GetOffsetParameter(ShopTools.PatternOperationItem,ShopTools.WorkpieceInfoItem,Geometry.FVector2)] Unknown reference link target &#39;T:Geometry.FVector2&#39;.
SHFB: Warning BE0066: ResolveReferenceLinksComponent: [M:ShopTools.PatternOperationItem.GetRadiusXYParameter(ShopTools.PatternOperationItem,ShopTools.WorkpieceInfoItem)] Unknown reference link target &#39;T:Geometry.FVector2&#39;.
SHFB: Warning BE0066: ResolveReferenceLinksComponent: [M:ShopTools.PatternOperationItem.GetStartOffsetParameter(ShopTools.PatternOperationItem,ShopTools.WorkpieceInfoItem,Geometry.FVector2)] Unknown reference link target &#39;T:Geometry.FVector2&#39;.
SHFB: Warning BE0066: ResolveReferenceLinksComponent: [M:ShopTools.PatternOperationItem.GetStartOffsetParameter(ShopTools.PatternOperationItem,ShopTools.WorkpieceInfoItem,Geometry.FVector2)] Unknown reference link target &#39;T:Geometry.FVector2&#39;.
SHFB: Warning BE0066: ResolveReferenceLinksComponent: [M:ShopTools.ShopToolsUtil.CalculateLayout] Unknown reference link target &#39;T:Geometry.FVector2&#39;.
SHFB: Warning BE0066: ResolveReferenceLinksComponent: [M:ShopTools.ShopToolsUtil.CalculateLayout(ShopTools.CutProfileItem,ShopTools.WorkpieceInfoItem,Geometry.FVector2)] Unknown reference link target &#39;T:Geometry.FVector2&#39;.
SHFB: Warning BE0066: ResolveReferenceLinksComponent: [M:ShopTools.ShopToolsUtil.CalculateLayout(ShopTools.CutProfileItem,ShopTools.WorkpieceInfoItem,Geometry.FVector2)] Unknown reference link target &#39;T:Geometry.FVector2&#39;.
SHFB: Warning BE0066: ResolveReferenceLinksComponent: [M:ShopTools.ShopToolsUtil.ConvertToRelative(SvgPlotting.PlotPointCollection,System.Boolean)] Unknown reference link target &#39;T:SvgPlotting.PlotPointCollection&#39;.
SHFB: Warning BE0066: ResolveReferenceLinksComponent: [M:ShopTools.ShopToolsUtil.ConvertToRelative(SvgPlotting.PlotPointCollection,System.Boolean)] Unknown reference link target &#39;T:SvgPlotting.PlotPointCollection&#39;.
SHFB: Warning BE0066: ResolveReferenceLinksComponent: [M:ShopTools.ShopToolsUtil.ConvertToRelative(System.Collections.Generic.List{Geometry.FVector2},System.Boolean)] Unknown reference link target &#39;T:Geometry.FVector2&#39;.
SHFB: Warning BE0066: ResolveReferenceLinksComponent: [M:ShopTools.ShopToolsUtil.ConvertToRelative(System.Collections.Generic.List{Geometry.FVector2},System.Boolean)] Unknown reference link target &#39;T:Geometry.FVector2&#39;.
SHFB: Warning BE0066: ResolveReferenceLinksComponent: [M:ShopTools.ShopToolsUtil.DrawEllipseCenterDiameter(Geometry.FVector2,System.Single,System.Single,System.Drawing.Graphics,System.Drawing.Pen,System.Drawing.Rectangle,System.Single)] Unknown reference link target &#39;T:Geometry.FVector2&#39;.
SHFB: Warning BE0066: ResolveReferenceLinksComponent: [M:ShopTools.ShopToolsUtil.DrawEllipseCenterRadius(Geometry.FVector2,System.Single,System.Single,System.Drawing.Graphics,System.Drawing.Pen,System.Drawing.Rectangle,System.Single)] Unknown reference link target &#39;T:Geometry.FVector2&#39;.
SHFB: Warning BE0066: ResolveReferenceLinksComponent: [M:ShopTools.ShopToolsUtil.DrawEllipseDiameter(Geometry.FVector2,System.Single,System.Single,System.Drawing.Graphics,System.Drawing.Pen,System.Drawing.Rectangle,System.Single)] Unknown reference link target &#39;T:Geometry.FVector2&#39;.
SHFB: Warning BE0066: ResolveReferenceLinksComponent: [M:ShopTools.ShopToolsUtil.DrawEllipseRadius(Geometry.FVector2,System.Single,System.Single,System.Drawing.Graphics,System.Drawing.Pen,System.Drawing.Rectangle,System.Single)] Unknown reference link target &#39;T:Geometry.FVector2&#39;.
SHFB: Warning BE0066: ResolveReferenceLinksComponent: [M:ShopTools.ShopToolsUtil.DrawHole(Geometry.FVector2,System.Drawing.Graphics,System.Drawing.Rectangle,System.Single,System.Boolean)] Unknown reference link target &#39;T:Geometry.FVector2&#39;.
SHFB: Warning BE0066: ResolveReferenceLinksComponent: [M:ShopTools.ShopToolsUtil.DrawLine(Geometry.FVector2,Geometry.FVector2,System.Drawing.Graphics,System.Drawing.Pen,System.Drawing.Rectangle,System.Single)] Unknown reference link target &#39;T:Geometry.FVector2&#39;.
SHFB: Warning BE0066: ResolveReferenceLinksComponent: [M:ShopTools.ShopToolsUtil.DrawLine(Geometry.FVector2,Geometry.FVector2,System.Drawing.Graphics,System.Drawing.Pen,System.Drawing.Rectangle,System.Single)] Unknown reference link target &#39;T:Geometry.FVector2&#39;.
SHFB: Warning BE0066: ResolveReferenceLinksComponent: [M:ShopTools.ShopToolsUtil.DrawOperation(ShopTools.PatternOperationItem,ShopTools.WorkpieceInfoItem,Geometry.FVector2,System.String,System.Drawing.Graphics,System.Drawing.Rectangle,System.Single,System.Boolean)] Unknown reference link target &#39;T:Geometry.FVector2&#39;.
SHFB: Warning BE0066: ResolveReferenceLinksComponent: [M:ShopTools.ShopToolsUtil.DrawOperation(ShopTools.PatternOperationItem,ShopTools.WorkpieceInfoItem,Geometry.FVector2,System.String,System.Drawing.Graphics,System.Drawing.Rectangle,System.Single,System.Boolean)] Unknown reference link target &#39;T:Geometry.FVector2&#39;.
SHFB: Warning BE0066: ResolveReferenceLinksComponent: [M:ShopTools.ShopToolsUtil.DrawRectangle(Geometry.FVector2,Geometry.FVector2,System.Drawing.Graphics,System.Drawing.Pen,System.Drawing.Rectangle,System.Single)] Unknown reference link target &#39;T:Geometry.FVector2&#39;.
SHFB: Warning BE0066: ResolveReferenceLinksComponent: [M:ShopTools.ShopToolsUtil.DrawRectangle(Geometry.FVector2,Geometry.FVector2,System.Drawing.Graphics,System.Drawing.Pen,System.Drawing.Rectangle,System.Single)] Unknown reference link target &#39;T:Geometry.FVector2&#39;.
SHFB: Warning BE0066: ResolveReferenceLinksComponent: [M:ShopTools.ShopToolsUtil.DrawRectangle(Geometry.FVector2,System.Single,System.Single,System.Drawing.Graphics,System.Drawing.Pen,System.Drawing.Rectangle,System.Single)] Unknown reference link target &#39;T:Geometry.FVector2&#39;.
SHFB: Warning BE0066: ResolveReferenceLinksComponent: [M:ShopTools.ShopToolsUtil.DrawRouter(Geometry.FVector2,ShopTools.StartEndEnum,System.Drawing.Graphics,System.Drawing.Rectangle,System.Single)] Unknown reference link target &#39;T:Geometry.FVector2&#39;.
SHFB: Warning BE0066: ResolveReferenceLinksComponent: [M:ShopTools.ShopToolsUtil.DumpPoints(SvgPlotting.PlotPointCollection)] Unknown reference link target &#39;T:SvgPlotting.PlotPointCollection&#39;.
SHFB: Warning BE0066: ResolveReferenceLinksComponent: [M:ShopTools.ShopToolsUtil.FillEllipseCenterDiameter(Geometry.FVector2,System.Single,System.Single,System.Drawing.Graphics,System.Drawing.Rectangle,System.Single,System.Boolean)] Unknown reference link target &#39;T:Geometry.FVector2&#39;.
SHFB: Warning BE0066: ResolveReferenceLinksComponent: [M:ShopTools.ShopToolsUtil.FillEllipseCenterRadius(Geometry.FVector2,System.Single,System.Single,System.Drawing.Graphics,System.Drawing.Rectangle,System.Single,System.Boolean)] Unknown reference link target &#39;T:Geometry.FVector2&#39;.
SHFB: Warning BE0066: ResolveReferenceLinksComponent: [M:ShopTools.ShopToolsUtil.FillEllipseDiameter(Geometry.FVector2,System.Single,System.Single,System.Drawing.Graphics,System.Drawing.Rectangle,System.Single,System.Boolean)] Unknown reference link target &#39;T:Geometry.FVector2&#39;.
SHFB: Warning BE0066: ResolveReferenceLinksComponent: [M:ShopTools.ShopToolsUtil.FillEllipseRadius(Geometry.FVector2,System.Single,System.Single,System.Drawing.Graphics,System.Drawing.Rectangle,System.Single,System.Boolean)] Unknown reference link target &#39;T:Geometry.FVector2&#39;.
SHFB: Warning BE0066: ResolveReferenceLinksComponent: [M:ShopTools.ShopToolsUtil.FillRectangle(Geometry.FVector2,Geometry.FVector2,System.Drawing.Graphics,System.Drawing.Rectangle,System.Single,System.Boolean)] Unknown reference link target &#39;T:Geometry.FVector2&#39;.
SHFB: Warning BE0066: ResolveReferenceLinksComponent: [M:ShopTools.ShopToolsUtil.FillRectangle(Geometry.FVector2,Geometry.FVector2,System.Drawing.Graphics,System.Drawing.Rectangle,System.Single,System.Boolean)] Unknown reference link target &#39;T:Geometry.FVector2&#39;.
SHFB: Warning BE0066: ResolveReferenceLinksComponent: [M:ShopTools.ShopToolsUtil.FillRectangle(Geometry.FVector2,System.Single,System.Single,System.Drawing.Graphics,System.Drawing.Rectangle,System.Single,System.Boolean)] Unknown reference link target &#39;T:Geometry.FVector2&#39;.
SHFB: Warning BE0066: ResolveReferenceLinksComponent: [M:ShopTools.ShopToolsUtil.GetDisplayCoordinate(Geometry.FVector2,System.Drawing.Rectangle,System.Single)] Unknown reference link target &#39;T:Geometry.FVector2&#39;.
SHFB: Warning BE0066: ResolveReferenceLinksComponent: [M:ShopTools.ShopToolsUtil.GetRawEndOffset(ShopTools.PatternOperationItem,ShopTools.WorkpieceInfoItem,Geometry.FVector2)] Unknown reference link target &#39;T:Geometry.FVector2&#39;.
SHFB: Warning BE0066: ResolveReferenceLinksComponent: [M:ShopTools.ShopToolsUtil.GetRawEndOffset(ShopTools.PatternOperationItem,ShopTools.WorkpieceInfoItem,Geometry.FVector2)] Unknown reference link target &#39;T:Geometry.FVector2&#39;.
SHFB: Warning BE0066: ResolveReferenceLinksComponent: [M:ShopTools.ShopToolsUtil.GetWorkspaceArea] Unknown reference link target &#39;T:Geometry.FArea&#39;.
SHFB: Warning BE0066: ResolveReferenceLinksComponent: [F:ShopTools.ShopToolsUtil.mSessionConverter] Unknown reference link target &#39;T:ConversionCalc.Converter&#39;.
SHFB: Warning BE0066: ResolveReferenceLinksComponent: [M:ShopTools.ShopToolsUtil.RemoveDuplicates(SvgPlotting.PlotPointCollection,System.Int32)] Unknown reference link target &#39;T:SvgPlotting.PlotPointCollection&#39;.
SHFB: Warning BE0066: ResolveReferenceLinksComponent: [P:ShopTools.ShopToolsUtil.SessionConverter] Unknown reference link target &#39;T:ConversionCalc.Converter&#39;.
SHFB: Warning BE0066: ResolveReferenceLinksComponent: [M:ShopTools.ShopToolsUtil.ToPoint(Geometry.FVector2)] Unknown reference link target &#39;T:Geometry.FVector2&#39;.
SHFB: Warning BE0066: ResolveReferenceLinksComponent: [M:ShopTools.ShopToolsUtil.TransformFromAbsolute(Geometry.FVector2)] Unknown reference link target &#39;T:Geometry.FVector2&#39;.
SHFB: Warning BE0066: ResolveReferenceLinksComponent: [M:ShopTools.ShopToolsUtil.TransformFromAbsolute(Geometry.FVector2)] Unknown reference link target &#39;T:Geometry.FVector2&#39;.
SHFB: Warning BE0066: ResolveReferenceLinksComponent: [M:ShopTools.ShopToolsUtil.TransformToAbsolute(Geometry.FVector2)] Unknown reference link target &#39;T:Geometry.FVector2&#39;.
SHFB: Warning BE0066: ResolveReferenceLinksComponent: [M:ShopTools.ShopToolsUtil.TransformToAbsolute(Geometry.FVector2)] Unknown reference link target &#39;T:Geometry.FVector2&#39;.
SHFB: Warning BE0066: ResolveReferenceLinksComponent: [M:ShopTools.ShopToolsUtil.TranslateOffset(Geometry.FArea,System.Single,ShopTools.OffsetLeftRightEnum,System.Single)] Unknown reference link target &#39;T:Geometry.FArea&#39;.
SHFB: Warning BE0066: ResolveReferenceLinksComponent: [M:ShopTools.ShopToolsUtil.TranslateOffset(Geometry.FArea,System.Single,ShopTools.OffsetTopBottomEnum,System.Single)] Unknown reference link target &#39;T:Geometry.FArea&#39;.
SHFB: Warning BE0066: ResolveReferenceLinksComponent: [M:ShopTools.ShopToolsUtil.TranslateOffset(Geometry.FArea,System.Single,System.Single,ShopTools.OffsetLeftRightEnum,System.Single)] Unknown reference link target &#39;T:Geometry.FArea&#39;.
SHFB: Warning BE0066: ResolveReferenceLinksComponent: [M:ShopTools.ShopToolsUtil.TranslateOffset(Geometry.FArea,System.Single,System.Single,ShopTools.OffsetTopBottomEnum,System.Single)] Unknown reference link target &#39;T:Geometry.FArea&#39;.
SHFB: Warning BE0066: ResolveReferenceLinksComponent: [M:ShopTools.TrackLayerCollection.AddPrecedingExplicitMoves(ShopTools.OperationLayoutCollection,System.Int32,ShopTools.IntRangeCollection,ShopTools.TrackToolItem,Geometry.FVector2)] Unknown reference link target &#39;T:Geometry.FVector2&#39;.
SHFB: Warning BE0066: ResolveReferenceLinksComponent: [M:ShopTools.TrackLayerCollection.AddPrecedingExplicitMoves(ShopTools.OperationLayoutCollection,System.Int32,ShopTools.IntRangeCollection,ShopTools.TrackToolItem,Geometry.FVector2)] Unknown reference link target &#39;T:Geometry.FVector2&#39;.
SHFB: Warning BE0066: ResolveReferenceLinksComponent: [M:ShopTools.TrackLayerCollection.AdjustKerf] Unknown reference link target &#39;T:Geometry.FVector2&#39;.
SHFB: Warning BE0066: ResolveReferenceLinksComponent: [M:ShopTools.TrackLayerCollection.DrawArc(ShopTools.OperationLayoutItem,ShopTools.TrackLayerItem,Geometry.FVector2)] Unknown reference link target &#39;T:Geometry.FVector2&#39;.
SHFB: Warning BE0066: ResolveReferenceLinksComponent: [M:ShopTools.TrackLayerCollection.DrawArc(ShopTools.OperationLayoutItem,ShopTools.TrackLayerItem,Geometry.FVector2)] Unknown reference link target &#39;T:Geometry.FVector2&#39;.
SHFB: Warning BE0066: ResolveReferenceLinksComponent: [M:ShopTools.TrackLayerCollection.DrawEllipse(ShopTools.OperationLayoutItem,ShopTools.TrackLayerItem,Geometry.FVector2)] Unknown reference link target &#39;T:Geometry.FVector2&#39;.
SHFB: Warning BE0066: ResolveReferenceLinksComponent: [M:ShopTools.TrackLayerCollection.DrawEllipse(ShopTools.OperationLayoutItem,ShopTools.TrackLayerItem,Geometry.FVector2)] Unknown reference link target &#39;T:Geometry.FVector2&#39;.
SHFB: Warning BE0066: ResolveReferenceLinksComponent: [M:ShopTools.TrackLayerCollection.DrawLine(ShopTools.OperationLayoutItem,ShopTools.TrackLayerItem,Geometry.FVector2)] Unknown reference link target &#39;T:Geometry.FVector2&#39;.
SHFB: Warning BE0066: ResolveReferenceLinksComponent: [M:ShopTools.TrackLayerCollection.DrawLine(ShopTools.OperationLayoutItem,ShopTools.TrackLayerItem,Geometry.FVector2)] Unknown reference link target &#39;T:Geometry.FVector2&#39;.
SHFB: Warning BE0066: ResolveReferenceLinksComponent: [M:ShopTools.TrackLayerCollection.DrawRectangle(ShopTools.OperationLayoutItem,ShopTools.TrackLayerItem,Geometry.FVector2)] Unknown reference link target &#39;T:Geometry.FVector2&#39;.
SHFB: Warning BE0066: ResolveReferenceLinksComponent: [M:ShopTools.TrackLayerCollection.DrawRectangle(ShopTools.OperationLayoutItem,ShopTools.TrackLayerItem,Geometry.FVector2)] Unknown reference link target &#39;T:Geometry.FVector2&#39;.
SHFB: Warning BE0066: ResolveReferenceLinksComponent: [M:ShopTools.TrackLayerCollection.DrillHoles(ShopTools.OperationLayoutCollection,ShopTools.TrackToolCollection,Geometry.FVector2)] Unknown reference link target &#39;T:Geometry.FVector2&#39;.
SHFB: Warning BE0066: ResolveReferenceLinksComponent: [M:ShopTools.TrackLayerCollection.DrillHoles(ShopTools.OperationLayoutCollection,ShopTools.TrackToolCollection,Geometry.FVector2)] Unknown reference link target &#39;T:Geometry.FVector2&#39;.
SHFB: Warning BE0066: ResolveReferenceLinksComponent: [M:ShopTools.TrackLayerCollection.FillEllipse(ShopTools.OperationLayoutItem,ShopTools.TrackLayerItem,Geometry.FVector2)] Unknown reference link target &#39;T:Geometry.FVector2&#39;.
SHFB: Warning BE0066: ResolveReferenceLinksComponent: [M:ShopTools.TrackLayerCollection.FillEllipse(ShopTools.OperationLayoutItem,ShopTools.TrackLayerItem,Geometry.FVector2)] Unknown reference link target &#39;T:Geometry.FVector2&#39;.
SHFB: Warning BE0066: ResolveReferenceLinksComponent: [M:ShopTools.TrackLayerCollection.FillRectangle(ShopTools.OperationLayoutItem,ShopTools.TrackLayerItem,Geometry.FVector2)] Unknown reference link target &#39;T:Geometry.FVector2&#39;.
SHFB: Warning BE0066: ResolveReferenceLinksComponent: [M:ShopTools.TrackLayerCollection.FillRectangle(ShopTools.OperationLayoutItem,ShopTools.TrackLayerItem,Geometry.FVector2)] Unknown reference link target &#39;T:Geometry.FVector2&#39;.
SHFB: Warning BE0066: ResolveReferenceLinksComponent: [M:ShopTools.TrackLayerCollection.GetLeftPoint(Geometry.FVector2[])] Unknown reference link target &#39;T:Geometry.FVector2&#39;.
SHFB: Warning BE0066: ResolveReferenceLinksComponent: [M:ShopTools.TrackLayerCollection.GetLeftPoint(Geometry.FVector2[])] Unknown reference link target &#39;T:Geometry.FVector2&#39;.
SHFB: Warning BE0066: ResolveReferenceLinksComponent: [M:ShopTools.TrackLayerCollection.GetRightPoint(Geometry.FVector2[])] Unknown reference link target &#39;T:Geometry.FVector2&#39;.
SHFB: Warning BE0066: ResolveReferenceLinksComponent: [M:ShopTools.TrackLayerCollection.GetRightPoint(Geometry.FVector2[])] Unknown reference link target &#39;T:Geometry.FVector2&#39;.
SHFB: Warning BE0066: ResolveReferenceLinksComponent: [M:ShopTools.TrackLayerCollection.MoveExplicit(ShopTools.OperationLayoutItem,ShopTools.TrackLayerItem,Geometry.FVector2)] Unknown reference link target &#39;T:Geometry.FVector2&#39;.
SHFB: Warning BE0066: ResolveReferenceLinksComponent: [M:ShopTools.TrackLayerCollection.MoveExplicit(ShopTools.OperationLayoutItem,ShopTools.TrackLayerItem,Geometry.FVector2)] Unknown reference link target &#39;T:Geometry.FVector2&#39;.
SHFB: Warning BE0066: ResolveReferenceLinksComponent: [M:ShopTools.TrackLayerCollection.PlotEndingMovements(ShopTools.OperationLayoutCollection,ShopTools.TrackToolCollection,Geometry.FVector2)] Unknown reference link target &#39;T:Geometry.FVector2&#39;.
SHFB: Warning BE0066: ResolveReferenceLinksComponent: [M:ShopTools.TrackLayerCollection.PlotEndingMovements(ShopTools.OperationLayoutCollection,ShopTools.TrackToolCollection,Geometry.FVector2)] Unknown reference link target &#39;T:Geometry.FVector2&#39;.
SHFB: Warning BE0066: ResolveReferenceLinksComponent: [M:ShopTools.TrackLayerCollection.PlotLinesAndShapes(ShopTools.OperationLayoutCollection,ShopTools.TrackToolCollection,Geometry.FVector2)] Unknown reference link target &#39;T:Geometry.FVector2&#39;.
SHFB: Warning BE0066: ResolveReferenceLinksComponent: [M:ShopTools.TrackLayerCollection.PlotLinesAndShapes(ShopTools.OperationLayoutCollection,ShopTools.TrackToolCollection,Geometry.FVector2)] Unknown reference link target &#39;T:Geometry.FVector2&#39;.
SHFB: Warning BE0066: ResolveReferenceLinksComponent: [M:ShopTools.TrackLayerCollection.ResolveToolPath(Geometry.FVector2)] Unknown reference link target &#39;T:Geometry.FVector2&#39;.
SHFB: Warning BE0066: ResolveReferenceLinksComponent: [M:ShopTools.TrackLayerCollection.ResolveToolPath(Geometry.FVector2)] Unknown reference link target &#39;T:Geometry.FVector2&#39;.
SHFB: Warning BE0066: ResolveReferenceLinksComponent: [P:ShopTools.TrackSegmentItem.EndOffset] Unknown reference link target &#39;T:Geometry.FVector2&#39;.
SHFB: Warning BE0066: ResolveReferenceLinksComponent: [F:ShopTools.TrackSegmentItem.mEndOffset] Unknown reference link target &#39;T:Geometry.FVector2&#39;.
SHFB: Warning BE0066: ResolveReferenceLinksComponent: [F:ShopTools.TrackSegmentItem.mStartOffset] Unknown reference link target &#39;T:Geometry.FVector2&#39;.
SHFB: Warning BE0066: ResolveReferenceLinksComponent: [P:ShopTools.TrackSegmentItem.StartOffset] Unknown reference link target &#39;T:Geometry.FVector2&#39;.
SHFB: Warning BE0066: ResolveReferenceLinksComponent: [M:ShopTools.TrackViewLayerCollection.PlotToPositionXYAbs(ShopTools.TrackViewLayerItem,ShopTools.TrackSegmentItem,Geometry.FVector3)] Unknown reference link target &#39;T:Geometry.FVector3&#39;.
SHFB: Warning BE0066: ResolveReferenceLinksComponent: [M:ShopTools.TrackViewLayerCollection.PlotToPositionXYAbs(ShopTools.TrackViewLayerItem,ShopTools.TrackSegmentItem,Geometry.FVector3)] Unknown reference link target &#39;T:Geometry.FVector3&#39;.
SHFB: Warning BE0066: ResolveReferenceLinksComponent: [M:ShopTools.TrackViewLayerCollection.PlungeZAbs(ShopTools.TrackViewLayerItem,Geometry.FVector3,ShopTools.TrackSegmentItem)] Unknown reference link target &#39;T:Geometry.FVector3&#39;.
SHFB: Warning BE0066: ResolveReferenceLinksComponent: [M:ShopTools.TrackViewLayerCollection.PlungeZAbs(ShopTools.TrackViewLayerItem,Geometry.FVector3,ShopTools.TrackSegmentItem)] Unknown reference link target &#39;T:Geometry.FVector3&#39;.
SHFB: Warning BE0066: ResolveReferenceLinksComponent: [M:ShopTools.TrackViewLayerCollection.RetractTool(ShopTools.TrackViewLayerItem,Geometry.FVector3)] Unknown reference link target &#39;T:Geometry.FVector3&#39;.
SHFB: Warning BE0066: ResolveReferenceLinksComponent: [M:ShopTools.TrackViewLayerCollection.RetractTool(ShopTools.TrackViewLayerItem,Geometry.FVector3)] Unknown reference link target &#39;T:Geometry.FVector3&#39;.
SHFB: Warning BE0066: ResolveReferenceLinksComponent: [M:ShopTools.TrackViewLayerCollection.TransitToPositionXYAbs(ShopTools.TrackViewLayerItem,Geometry.FVector3,Geometry.FVector2)] Unknown reference link target &#39;T:Geometry.FVector3&#39;.
SHFB: Warning BE0066: ResolveReferenceLinksComponent: [M:ShopTools.TrackViewLayerCollection.TransitToPositionXYAbs(ShopTools.TrackViewLayerItem,Geometry.FVector3,Geometry.FVector2)] Unknown reference link target &#39;T:Geometry.FVector2&#39;.
SHFB: Warning BE0066: ResolveReferenceLinksComponent: [M:ShopTools.TrackViewLayerCollection.TransitToPositionXYAbs(ShopTools.TrackViewLayerItem,Geometry.FVector3,Geometry.FVector2)] Unknown reference link target &#39;T:Geometry.FVector3&#39;.
SHFB: Warning BE0066: ResolveReferenceLinksComponent: [M:ShopTools.TrackViewLayerCollection.TransitToPositionZAbs(ShopTools.TrackViewLayerItem,Geometry.FVector3,ShopTools.TransitZEnum)] Unknown reference link target &#39;T:Geometry.FVector3&#39;.
SHFB: Warning BE0066: ResolveReferenceLinksComponent: [M:ShopTools.TrackViewLayerCollection.TransitToPositionZAbs(ShopTools.TrackViewLayerItem,Geometry.FVector3,ShopTools.TransitZEnum)] Unknown reference link target &#39;T:Geometry.FVector3&#39;.
SHFB: Warning BE0066: ResolveReferenceLinksComponent: [P:ShopTools.TrackViewSegmentItem.EndOffset] Unknown reference link target &#39;T:Geometry.FVector3&#39;.
SHFB: Warning BE0066: ResolveReferenceLinksComponent: [P:ShopTools.TrackViewSegmentItem.Line] Unknown reference link target &#39;T:Geometry.FLine3&#39;.
SHFB: Warning BE0066: ResolveReferenceLinksComponent: [F:ShopTools.TrackViewSegmentItem.mEndOffset] Unknown reference link target &#39;T:Geometry.FVector3&#39;.
SHFB: Warning BE0066: ResolveReferenceLinksComponent: [F:ShopTools.TrackViewSegmentItem.mLine] Unknown reference link target &#39;T:Geometry.FLine3&#39;.
SHFB: Warning BE0066: ResolveReferenceLinksComponent: [F:ShopTools.TrackViewSegmentItem.mStartOffset] Unknown reference link target &#39;T:Geometry.FVector3&#39;.
SHFB: Warning BE0066: ResolveReferenceLinksComponent: [P:ShopTools.TrackViewSegmentItem.StartOffset] Unknown reference link target &#39;T:Geometry.FVector3&#39;.
SHFB: Warning BE0066: ResolveReferenceLinksComponent: [P:ShopTools.WorkpieceInfoItem.Area] Unknown reference link target &#39;T:Geometry.FArea&#39;.
SHFB: Warning BE0066: ResolveReferenceLinksComponent: [F:ShopTools.WorkpieceInfoItem.mArea] Unknown reference link target &#39;T:Geometry.FArea&#39;.
SHFB: Warning BE0066: ResolveReferenceLinksComponent: [M:ShopTools.WorkpieceInfoItem.mArea_ValueChanged(System.Object,Geometry.FloatEventArgs)] Unknown reference link target &#39;T:Geometry.FloatEventArgs&#39;.
SHFB: Warning BE0066: ResolveReferenceLinksComponent: [F:ShopTools.WorkpieceInfoItem.mRouterLocation] Unknown reference link target &#39;T:Geometry.FVector2&#39;.
SHFB: Warning BE0066: ResolveReferenceLinksComponent: [M:ShopTools.WorkpieceInfoItem.mRouterLocation_CoordinateChanged(System.Object,Geometry.FloatPointEventArgs)] Unknown reference link target &#39;T:Geometry.FloatPointEventArgs&#39;.
SHFB: Warning BE0066: ResolveReferenceLinksComponent: [F:ShopTools.WorkpieceInfoItem.mWorkspaceArea] Unknown reference link target &#39;T:Geometry.FArea&#39;.
SHFB: Warning BE0066: ResolveReferenceLinksComponent: [M:ShopTools.WorkpieceInfoItem.mWorkspaceArea_ValueChanged(System.Object,Geometry.FloatEventArgs)] Unknown reference link target &#39;T:Geometry.FloatEventArgs&#39;.
SHFB: Warning BE0066: ResolveReferenceLinksComponent: [P:ShopTools.WorkpieceInfoItem.RouterLocation] Unknown reference link target &#39;T:Geometry.FVector2&#39;.
SHFB: Warning BE0066: ResolveReferenceLinksComponent: [P:ShopTools.WorkpieceInfoItem.WorkspaceArea] Unknown reference link target &#39;T:Geometry.FArea&#39;.
Processed 1537 topic(s)
182 warning(s)
CopyFromIndexComponent: &quot;reflection&quot; in-memory cache entries used: 10 of 15.
CopyFromIndexComponent: &quot;comments&quot; in-memory cache entries used: 2 of 30.
<plugIn name="Website Table of Contents Generator" behavior="After" priority="1000">
Generating TOC fragment files
</plugIn>    Last step completed in 00:00:15.5750
</buildStep>
<buildStep step="CopyStandardHelpContent">
Copying standard help content...
C:\Program Files (x86)\EWSoftware\Sandcastle Help File Builder\Components\Default2022\css\bulma.css -&gt; C:\Files\Dropbox\Develop\Shared\danielanywhere.github.io\ShopTools\Working\Output\Website\css\bulma.css
C:\Program Files (x86)\EWSoftware\Sandcastle Help File Builder\Components\Default2022\css\bulma.css.map -&gt; C:\Files\Dropbox\Develop\Shared\danielanywhere.github.io\ShopTools\Working\Output\Website\css\bulma.css.map
C:\Program Files (x86)\EWSoftware\Sandcastle Help File Builder\Components\Default2022\css\bulma.min.css -&gt; C:\Files\Dropbox\Develop\Shared\danielanywhere.github.io\ShopTools\Working\Output\Website\css\bulma.min.css
C:\Program Files (x86)\EWSoftware\Sandcastle Help File Builder\Components\Default2022\css\font-awesome.css -&gt; C:\Files\Dropbox\Develop\Shared\danielanywhere.github.io\ShopTools\Working\Output\Website\css\font-awesome.css
C:\Program Files (x86)\EWSoftware\Sandcastle Help File Builder\Components\Default2022\css\font-awesome.min.css -&gt; C:\Files\Dropbox\Develop\Shared\danielanywhere.github.io\ShopTools\Working\Output\Website\css\font-awesome.min.css
C:\Program Files (x86)\EWSoftware\Sandcastle Help File Builder\Components\Default2022\css\ja-JP.css -&gt; C:\Files\Dropbox\Develop\Shared\danielanywhere.github.io\ShopTools\Working\Output\Website\css\ja-JP.css
C:\Program Files (x86)\EWSoftware\Sandcastle Help File Builder\Components\Default2022\css\ko-KR.css -&gt; C:\Files\Dropbox\Develop\Shared\danielanywhere.github.io\ShopTools\Working\Output\Website\css\ko-KR.css
C:\Program Files (x86)\EWSoftware\Sandcastle Help File Builder\Components\Default2022\css\presentationStyle.css -&gt; C:\Files\Dropbox\Develop\Shared\danielanywhere.github.io\ShopTools\Working\Output\Website\css\presentationStyle.css
C:\Program Files (x86)\EWSoftware\Sandcastle Help File Builder\Components\Default2022\css\vs.min.css -&gt; C:\Files\Dropbox\Develop\Shared\danielanywhere.github.io\ShopTools\Working\Output\Website\css\vs.min.css
C:\Program Files (x86)\EWSoftware\Sandcastle Help File Builder\Components\Default2022\css\zh-CN.css -&gt; C:\Files\Dropbox\Develop\Shared\danielanywhere.github.io\ShopTools\Working\Output\Website\css\zh-CN.css
C:\Program Files (x86)\EWSoftware\Sandcastle Help File Builder\Components\Default2022\css\zh-TW.css -&gt; C:\Files\Dropbox\Develop\Shared\danielanywhere.github.io\ShopTools\Working\Output\Website\css\zh-TW.css
C:\Program Files (x86)\EWSoftware\Sandcastle Help File Builder\Components\Default2022\icons\favicon.ico -&gt; C:\Files\Dropbox\Develop\Shared\danielanywhere.github.io\ShopTools\Working\Output\Website\icons\favicon.ico
C:\Program Files (x86)\EWSoftware\Sandcastle Help File Builder\Components\Default2022\scripts\clipboard.min.js -&gt; C:\Files\Dropbox\Develop\Shared\danielanywhere.github.io\ShopTools\Working\Output\Website\scripts\clipboard.min.js
C:\Program Files (x86)\EWSoftware\Sandcastle Help File Builder\Components\Default2022\scripts\highlight.min.js -&gt; C:\Files\Dropbox\Develop\Shared\danielanywhere.github.io\ShopTools\Working\Output\Website\scripts\highlight.min.js
C:\Program Files (x86)\EWSoftware\Sandcastle Help File Builder\Components\Default2022\scripts\jquery-3.5.1.min.js -&gt; C:\Files\Dropbox\Develop\Shared\danielanywhere.github.io\ShopTools\Working\Output\Website\scripts\jquery-3.5.1.min.js
C:\Program Files (x86)\EWSoftware\Sandcastle Help File Builder\Components\Default2022\scripts\presentationStyle.js -&gt; C:\Files\Dropbox\Develop\Shared\danielanywhere.github.io\ShopTools\Working\Output\Website\scripts\presentationStyle.js
C:\Program Files (x86)\EWSoftware\Sandcastle Help File Builder\Components\Default2022\webfonts\fa-brands-400.ttf -&gt; C:\Files\Dropbox\Develop\Shared\danielanywhere.github.io\ShopTools\Working\Output\Website\webfonts\fa-brands-400.ttf
C:\Program Files (x86)\EWSoftware\Sandcastle Help File Builder\Components\Default2022\webfonts\fa-brands-400.woff2 -&gt; C:\Files\Dropbox\Develop\Shared\danielanywhere.github.io\ShopTools\Working\Output\Website\webfonts\fa-brands-400.woff2
C:\Program Files (x86)\EWSoftware\Sandcastle Help File Builder\Components\Default2022\webfonts\fa-regular-400.ttf -&gt; C:\Files\Dropbox\Develop\Shared\danielanywhere.github.io\ShopTools\Working\Output\Website\webfonts\fa-regular-400.ttf
C:\Program Files (x86)\EWSoftware\Sandcastle Help File Builder\Components\Default2022\webfonts\fa-regular-400.woff2 -&gt; C:\Files\Dropbox\Develop\Shared\danielanywhere.github.io\ShopTools\Working\Output\Website\webfonts\fa-regular-400.woff2
C:\Program Files (x86)\EWSoftware\Sandcastle Help File Builder\Components\Default2022\webfonts\fa-solid-900.ttf -&gt; C:\Files\Dropbox\Develop\Shared\danielanywhere.github.io\ShopTools\Working\Output\Website\webfonts\fa-solid-900.ttf
C:\Program Files (x86)\EWSoftware\Sandcastle Help File Builder\Components\Default2022\webfonts\fa-solid-900.woff2 -&gt; C:\Files\Dropbox\Develop\Shared\danielanywhere.github.io\ShopTools\Working\Output\Website\webfonts\fa-solid-900.woff2
C:\Program Files (x86)\EWSoftware\Sandcastle Help File Builder\Components\Default2022\webfonts\fa-v4compatibility.ttf -&gt; C:\Files\Dropbox\Develop\Shared\danielanywhere.github.io\ShopTools\Working\Output\Website\webfonts\fa-v4compatibility.ttf
C:\Program Files (x86)\EWSoftware\Sandcastle Help File Builder\Components\Default2022\webfonts\fa-v4compatibility.woff2 -&gt; C:\Files\Dropbox\Develop\Shared\danielanywhere.github.io\ShopTools\Working\Output\Website\webfonts\fa-v4compatibility.woff2
C:\Program Files (x86)\EWSoftware\Sandcastle Help File Builder\Components\Default2022\RootWebsiteContent\GeneralError.html -&gt; C:\Files\Dropbox\Develop\Shared\danielanywhere.github.io\ShopTools\Working\Output\Website\GeneralError.html
C:\Program Files (x86)\EWSoftware\Sandcastle Help File Builder\Components\Default2022\RootWebsiteContent\index.html -&gt; C:\Files\Dropbox\Develop\Shared\danielanywhere.github.io\ShopTools\Working\Output\Website\index.html
C:\Program Files (x86)\EWSoftware\Sandcastle Help File Builder\Components\Default2022\RootWebsiteContent\PageNotFound.html -&gt; C:\Files\Dropbox\Develop\Shared\danielanywhere.github.io\ShopTools\Working\Output\Website\PageNotFound.html
C:\Program Files (x86)\EWSoftware\Sandcastle Help File Builder\Components\Default2022\RootWebsiteContent\search.html -&gt; C:\Files\Dropbox\Develop\Shared\danielanywhere.github.io\ShopTools\Working\Output\Website\search.html
C:\Program Files (x86)\EWSoftware\Sandcastle Help File Builder\Components\Default2022\RootWebsiteContent\SearchHelp.aspx -&gt; C:\Files\Dropbox\Develop\Shared\danielanywhere.github.io\ShopTools\Working\Output\Website\SearchHelp.aspx
C:\Program Files (x86)\EWSoftware\Sandcastle Help File Builder\Components\Default2022\RootWebsiteContent\SearchHelp.inc.php -&gt; C:\Files\Dropbox\Develop\Shared\danielanywhere.github.io\ShopTools\Working\Output\Website\SearchHelp.inc.php
C:\Program Files (x86)\EWSoftware\Sandcastle Help File Builder\Components\Default2022\RootWebsiteContent\SearchHelp.php -&gt; C:\Files\Dropbox\Develop\Shared\danielanywhere.github.io\ShopTools\Working\Output\Website\SearchHelp.php
C:\Program Files (x86)\EWSoftware\Sandcastle Help File Builder\Components\Default2022\RootWebsiteContent\Web.Config -&gt; C:\Files\Dropbox\Develop\Shared\danielanywhere.github.io\ShopTools\Working\Output\Website\Web.Config
    Last step completed in 00:00:00.0730
</buildStep>
<buildStep step="GenerateFullTextIndex">
Generating full-text index for the website...

    Last step completed in 00:00:01.7420
</buildStep>
<buildStep step="CopyingWebsiteFiles">
Copying website files to output folder...

Copied 500 files
Copied 1000 files
Copied 1500 files
Copied 1801 files for the website content
    Last step completed in 00:00:02.7770
</buildStep>
<buildStep step="CleanIntermediates">
Removing intermediate files...
    Not all build output was removed from &#39;C:\Files\Dropbox\Develop\Shared\danielanywhere.github.io\ShopTools\Working\&#39;: The process cannot access the file &#39;C:\Files\Dropbox\Develop\Shared\danielanywhere.github.io\ShopTools\Working\Output\Website&#39; because it is being used by another process.
    Last step completed in 00:00:00.4610
</buildStep>
<buildStep step="Completed">

Build completed successfully at 07/15/2025 13:19:25.  Total time: 00:00:28.7510

</buildStep>
</shfbBuild>
