<?xml version="1.0" encoding="utf-8"?>
<shfbBuild product="Sandcastle Help File Builder and Tools" version="2024.12.21.0" projectFile="C:\Files\Dropbox\Develop\Shared\Html\Scripts\HtmlDocumentation.shfbproj" started="11/12/2025 11:27:13">
<buildStep step="Initializing">
The Sandcastle tools are located in &#39;C:\Program Files (x86)\EWSoftware\Sandcastle Help File Builder&#39;
Locating components in the following folder(s):
    C:\Files\Dropbox\Develop\Shared\Html\Scripts
    C:\ProgramData\EWSoftware\Sandcastle Help File Builder\Components and Plug-Ins
    C:\Program Files (x86)\EWSoftware\Sandcastle Help File Builder\Components
Using framework reflection data for &#39;Cross-platform (.NET Core/.NET Standard)&#39; located in &#39;C:\Program Files (x86)\EWSoftware\Sandcastle Help File Builder\Data\.NETFramework&#39;
Using presentation style &#39;Default2022&#39; located in &#39;C:\Program Files (x86)\EWSoftware\Sandcastle Help File Builder\Components\Default2022&#39;
Loading and initializing plug-ins...
Website Table of Contents Generator Version 2024.12.21.0
Copyright &#169; 2006-2024, Eric Woodruff, All Rights Reserved
</buildStep>
<buildStep step="ClearWorkFolder">
Clearing working folder...
    Not all prior output was removed from &#39;C:\Files\Dropbox\Develop\Shared\danielanywhere.github.io\Html\Working\&#39;: The process cannot access the file &#39;C:\Files\Dropbox\Develop\Shared\danielanywhere.github.io\Html\Working\&#39; because it is being used by another process.
-------------------------------
Clearing any prior web/markdown output...
</buildStep>
<buildStep step="ValidatingDocumentationSources">
Validating and copying documentation source information
Source: C:\Files\Dropbox\Develop\Shared\Html\Source\Html\bin\Release\netstandard2.1\Html.xml
Source: C:\Files\Dropbox\Develop\Shared\Html\Source\Html\bin\Release\netstandard2.1\Html.dll
    Found assembly &#39;C:\Files\Dropbox\Develop\Shared\Html\Source\Html\bin\Release\netstandard2.1\Html.dll&#39;

Copying XML comments files
    C:\Files\Dropbox\Develop\Shared\Html\Source\Html\bin\Release\netstandard2.1\Html.xml -&gt; C:\Files\Dropbox\Develop\Shared\danielanywhere.github.io\Html\Working\Html.xml
</buildStep>
<buildStep step="GenerateSharedContent">
Generating shared content files (en-US, English (United States))...
    Last step completed in 00:00:00.0080
</buildStep>
<buildStep step="GenerateApiFilter">
Generating API filter for MRefBuilder...
    Last step completed in 00:00:00.0260
</buildStep>
<buildStep step="GenerateReflectionInfo">
Generating reflection information...
[C:\Program Files\Microsoft Visual Studio\2022\Community\MSBuild\Current\Bin\amd64\MSBuild.exe - GenerateRefInfo-4125ccee-f90f-4720-ad9f-8b730d87de72.proj]
Build started 11/12/2025 11:27:14.

Project &quot;C:\Files\Dropbox\Develop\Shared\danielanywhere.github.io\Html\Working\GenerateRefInfo-4125ccee-f90f-4720-ad9f-8b730d87de72.proj&quot; on node 1 (default targets).
PrepareForBuild:
  Creating directory &quot;obj\Debug\&quot;.
GenerateRefInfo:
  Microsoft.Build (v17.9.8+b34f75857bacf5ecd5531f7ff763a5739d3ae435)
  c Microsoft Corporation. All rights reserved.
  No source code context base path specified.  Source context information is unavailable.
  Loaded 1 assemblies for reflection and 1 dependency assemblies.
  Wrote information on 2 namespaces, 51 types, and 750 members
  Merging duplicate type and member information
  Merged 0 duplicate type(s) and 0 duplicate member(s)
Done Building Project &quot;C:\Files\Dropbox\Develop\Shared\danielanywhere.github.io\Html\Working\GenerateRefInfo-4125ccee-f90f-4720-ad9f-8b730d87de72.proj&quot; (default targets).
    Last step completed in 00:00:00.8860
</buildStep>
<buildStep step="ApplyDocumentModel">
Applying document model to reflection output...
    Last step completed in 00:00:00.2740
</buildStep>
<buildStep step="AddApiTopicFilenames">
Adding topic filenames to API members...
    Unique name M_Html_ChangeObjectItem_OnPropertyChanged_1 generated for M:Html.ChangeObjectItem.OnPropertyChanged(System.String)
    Unique name M_Html_ChangeObjectItem_OnPropertyChanged_2 generated for M:Html.ChangeObjectItem.OnPropertyChanged(System.String,System.Object,System.Object)
    Unique name M_Html_CollectionChangeEventArgs_1__ctor_1 generated for M:Html.CollectionChangeEventArgs`1.#ctor(System.Collections.Generic.List{`0})
    Unique name M_Html_CollectionChangeEventArgs_1__ctor_2 generated for M:Html.CollectionChangeEventArgs`1.#ctor(System.String)
    Unique name M_Html_CollectionChangeEventArgs_1__ctor_3 generated for M:Html.CollectionChangeEventArgs`1.#ctor(System.String,System.Collections.Generic.List{`0})
    Unique name M_Html_CollectionChangeEventArgs_1__ctor_4 generated for M:Html.CollectionChangeEventArgs`1.#ctor(System.String,`0)
    Unique name M_Html_CollectionChangeEventArgs_1__ctor_5 generated for M:Html.CollectionChangeEventArgs`1.#ctor(`0)
    Unique name M_Html_Conversion_CommonAnd_1 generated for M:Html.Conversion.CommonAnd(System.Char[],System.Char[])
    Unique name M_Html_Conversion_CommonAnd_2 generated for M:Html.Conversion.CommonAnd(System.Object,System.Object)
    Unique name M_Html_Conversion_CommonOr_1 generated for M:Html.Conversion.CommonOr(System.Char[],System.Char[])
    Unique name M_Html_Conversion_CommonOr_2 generated for M:Html.Conversion.CommonOr(System.Object,System.Object)
    Unique name M_Html_Conversion_CommonXor_1 generated for M:Html.Conversion.CommonXor(System.Byte[],System.Int32)
    Unique name M_Html_Conversion_CommonXor_2 generated for M:Html.Conversion.CommonXor(System.Char[],System.Char[])
    Unique name M_Html_Conversion_CommonXor_3 generated for M:Html.Conversion.CommonXor(System.Char[],System.Int32)
    Unique name M_Html_Conversion_CommonXor_4 generated for M:Html.Conversion.CommonXor(System.Object,System.Object)
    Unique name M_Html_Conversion_Concat_1 generated for M:Html.Conversion.Concat(System.Char[],System.Char[])
    Unique name M_Html_Conversion_Concat_2 generated for M:Html.Conversion.Concat(System.String[],System.String)
    Unique name M_Html_Conversion_Concat_3 generated for M:Html.Conversion.Concat(System.String[],System.String[])
    Unique name M_Html_Conversion_Copy_1 generated for M:Html.Conversion.Copy(System.Byte[],System.Byte[],System.UInt32,System.Boolean)
    Unique name M_Html_Conversion_Copy_2 generated for M:Html.Conversion.Copy(System.Byte[],System.Byte[],System.UInt32,System.Int32)
    Unique name M_Html_Conversion_Copy_3 generated for M:Html.Conversion.Copy(System.Byte[],System.Byte[],System.UInt32,System.UInt32,System.UInt32)
    Unique name M_Html_Conversion_Copy_4 generated for M:Html.Conversion.Copy(System.DateTime,System.Byte[],System.UInt32)
    Unique name M_Html_Conversion_Copy_5 generated for M:Html.Conversion.Copy(System.DateTime,System.Byte[],System.UInt32,System.UInt32)
    Unique name M_Html_Conversion_Copy_6 generated for M:Html.Conversion.Copy(System.Double,System.Byte[],System.UInt32)
    Unique name M_Html_Conversion_Copy_7 generated for M:Html.Conversion.Copy(System.Guid,System.Byte[],System.UInt32)
    Unique name M_Html_Conversion_Copy_8 generated for M:Html.Conversion.Copy(System.Single,System.Byte[],System.UInt32)
    Unique name M_Html_Conversion_Copy_9 generated for M:Html.Conversion.Copy(System.String,System.Byte[],System.UInt32)
    Unique name M_Html_Conversion_Copy_10 generated for M:Html.Conversion.Copy(System.String,System.Byte[],System.UInt32,System.Boolean)
    Unique name M_Html_Conversion_Copy_11 generated for M:Html.Conversion.Copy(System.UInt16,System.Byte[],System.UInt32)
    Unique name M_Html_Conversion_Copy_12 generated for M:Html.Conversion.Copy(System.UInt32,System.Byte[],System.UInt32)
    Unique name M_Html_Conversion_Copy_13 generated for M:Html.Conversion.Copy(System.UInt64,System.Byte[],System.UInt32)
    Unique name M_Html_Conversion_GetSysType_1 generated for M:Html.Conversion.GetSysType(System.Type)
    Unique name M_Html_Conversion_IsBinaryType_1 generated for M:Html.Conversion.IsBinaryType(System.Type)
    Unique name M_Html_Conversion_IsNumericType_1 generated for M:Html.Conversion.IsNumericType(System.String)
    Unique name M_Html_Conversion_IsNumericType_2 generated for M:Html.Conversion.IsNumericType(System.Type)
    Unique name M_Html_Conversion_Not_1 generated for M:Html.Conversion.Not(System.UInt16,System.UInt16)
    Unique name M_Html_Conversion_Not_2 generated for M:Html.Conversion.Not(System.UInt32)
    Unique name M_Html_Conversion_Not_3 generated for M:Html.Conversion.Not(System.UInt32,System.UInt32)
    Unique name M_Html_Conversion_Not_4 generated for M:Html.Conversion.Not(System.UInt64)
    Unique name M_Html_Conversion_Not_5 generated for M:Html.Conversion.Not(System.UInt64,System.UInt64)
    Unique name M_Html_Conversion_NumberSuffix_1 generated for M:Html.Conversion.NumberSuffix(System.Int64)
    Unique name M_Html_Conversion_Or_1 generated for M:Html.Conversion.Or(System.UInt32,System.UInt32)
    Unique name M_Html_Conversion_Or_2 generated for M:Html.Conversion.Or(System.UInt64,System.UInt64)
    Unique name M_Html_Conversion_RoundDown_1 generated for M:Html.Conversion.RoundDown(System.Double)
    Unique name M_Html_Conversion_RoundDown_2 generated for M:Html.Conversion.RoundDown(System.Single)
    Unique name M_Html_Conversion_RoundUp_1 generated for M:Html.Conversion.RoundUp(System.Single)
    Unique name M_Html_Conversion_ToBoolean_1 generated for M:Html.Conversion.ToBoolean(System.String)
    Unique name M_Html_Conversion_ToByteArray_1 generated for M:Html.Conversion.ToByteArray(System.Object,System.UInt32)
    Unique name M_Html_Conversion_ToByteArray_2 generated for M:Html.Conversion.ToByteArray(System.String)
    Unique name M_Html_Conversion_ToDateTime_1 generated for M:Html.Conversion.ToDateTime(System.Byte[],System.UInt32,System.UInt32)
    Unique name M_Html_Conversion_ToDateTime_2 generated for M:Html.Conversion.ToDateTime(System.Object)
    Unique name M_Html_Conversion_ToDateTime_3 generated for M:Html.Conversion.ToDateTime(System.String)
    Unique name M_Html_Conversion_ToDecimal_1 generated for M:Html.Conversion.ToDecimal(System.String,System.Decimal)
    Unique name M_Html_Conversion_ToDouble_1 generated for M:Html.Conversion.ToDouble(System.Object)
    Unique name M_Html_Conversion_ToDouble_2 generated for M:Html.Conversion.ToDouble(System.String,System.Double)
    Unique name M_Html_Conversion_ToGuid_1 generated for M:Html.Conversion.ToGuid(System.Object,System.Guid)
    Unique name M_Html_Conversion_ToGuid_2 generated for M:Html.Conversion.ToGuid(System.String,System.Guid)
    Unique name M_Html_Conversion_ToHex_1 generated for M:Html.Conversion.ToHex(System.Byte[],Html.HexStyle)
    Unique name M_Html_Conversion_ToHex_2 generated for M:Html.Conversion.ToHex(System.Int32,Html.HexStyle)
    Unique name M_Html_Conversion_ToHex_3 generated for M:Html.Conversion.ToHex(System.Int64,Html.HexStyle)
    Unique name M_Html_Conversion_ToHex_4 generated for M:Html.Conversion.ToHex(System.String,Html.HexStyle)
    Unique name M_Html_Conversion_ToInt32_1 generated for M:Html.Conversion.ToInt32(System.String,System.Int32)
    Unique name M_Html_Conversion_ToInt64_1 generated for M:Html.Conversion.ToInt64(System.String,System.Int64)
    Unique name M_Html_Conversion_ToSingle_1 generated for M:Html.Conversion.ToSingle(System.Object)
    Unique name M_Html_Conversion_ToSingle_2 generated for M:Html.Conversion.ToSingle(System.String,System.Single)
    Unique name M_Html_Conversion_ToString_1 generated for M:Html.Conversion.ToString(System.Byte[],System.UInt32)
    Unique name M_Html_Conversion_ToString_2 generated for M:Html.Conversion.ToString(System.Byte[],System.UInt32,System.Boolean)
    Unique name M_Html_Conversion_ToString_3 generated for M:Html.Conversion.ToString(System.Byte[],System.UInt32,System.UInt32)
    Unique name M_Html_Conversion_ToString_4 generated for M:Html.Conversion.ToString(System.Object)
    Unique name M_Html_Conversion_ToString_5 generated for M:Html.Conversion.ToString(System.Object,System.String)
    Unique name M_Html_Conversion_ToUInt32_1 generated for M:Html.Conversion.ToUInt32(System.Object)
    Unique name M_Html_Conversion_ToUInt64_1 generated for M:Html.Conversion.ToUInt64(System.Object)
    Unique name M_Html_Conversion_ToValueOfType_1 generated for M:Html.Conversion.ToValueOfType(System.Object,System.Type,System.Boolean)
    Unique name M_Html_Conversion_ToXmlEmbedded_1 generated for M:Html.Conversion.ToXmlEmbedded(System.String)
    Unique name M_Html_Conversion_Xor_1 generated for M:Html.Conversion.Xor(System.UInt32,System.UInt32)
    Unique name M_Html_Conversion_Xor_2 generated for M:Html.Conversion.Xor(System.UInt64,System.UInt64)
    Unique name M_Html_DataUrl_ToB64_1 generated for M:Html.DataUrl.ToB64(System.String,System.String)
    Unique name M_Html_DateHelper_GetDate2_1 generated for M:Html.DateHelper.GetDate2(System.Int16)
    Unique name M_Html_DateHelper_Parse_1 generated for M:Html.DateHelper.Parse(System.String,Html.DateRelative)
    Unique name M_Html_HtmlAttributeCollection__ctor_1 generated for M:Html.HtmlAttributeCollection.#ctor(System.Boolean)
    Unique name M_Html_HtmlAttributeCollection_Add_1 generated for M:Html.HtmlAttributeCollection.Add(System.String)
    Unique name M_Html_HtmlAttributeCollection_Add_2 generated for M:Html.HtmlAttributeCollection.Add(System.String,System.String)
    Unique name M_Html_HtmlAttributeCollection_GetStyle_1 generated for M:Html.HtmlAttributeCollection.GetStyle(System.String)
    Unique name M_Html_HtmlAttributeCollection_SetStyle_1 generated for M:Html.HtmlAttributeCollection.SetStyle(System.String,System.String)
    Unique name M_Html_HtmlDocument__ctor_1 generated for M:Html.HtmlDocument.#ctor(System.String,System.Boolean,System.Boolean)
    Unique name M_Html_HtmlDocument_Dump_1 generated for M:Html.HtmlDocument.Dump(Html.HtmlNodeCollection,System.Int32)
    Unique name M_Html_HtmlDocument_Insert_1 generated for M:Html.HtmlDocument.Insert(Html.HtmlDocument,System.String,System.String)
    Unique name M_Html_HtmlDocument_Parse_1 generated for M:Html.HtmlDocument.Parse(Html.HtmlNodeCollection,Html.StringTokenCollection,System.Int32,System.Boolean,System.Boolean)
    Unique name M_Html_HtmlDocument_Parse_2 generated for M:Html.HtmlDocument.Parse(Html.HtmlNodeCollection,System.String,System.Boolean,System.Boolean)
    Unique name M_Html_HtmlDocument_Parse_3 generated for M:Html.HtmlDocument.Parse(System.String,System.Boolean,System.Boolean)
    Unique name M_Html_HtmlNodeCollection_Add_1 generated for M:Html.HtmlNodeCollection.Add(Html.HtmlNodeItem)
    Unique name M_Html_HtmlNodeCollection_Add_2 generated for M:Html.HtmlNodeCollection.Add(System.String)
    Unique name M_Html_HtmlNodeCollection_Add_3 generated for M:Html.HtmlNodeCollection.Add(System.String,System.Boolean)
    Unique name M_Html_HtmlNodeCollection_Add_4 generated for M:Html.HtmlNodeCollection.Add(System.String,System.String)
    Unique name M_Html_HtmlNodeCollection_AppendMatches_1 generated for M:Html.HtmlNodeCollection.AppendMatches(System.Collections.Generic.List{Html.HtmlNodeItem},System.Collections.Generic.List{Html.HtmlNodeItem},System.Func{Html.HtmlNodeItem,System.Boolean})
    Unique name M_Html_HtmlNodeCollection_GetNodes_1 generated for M:Html.HtmlNodeCollection.GetNodes(Html.HtmlNodeCollection,System.String[])
    Unique name M_Html_HtmlNodeCollection_GetNodesWithAttribute_1 generated for M:Html.HtmlNodeCollection.GetNodesWithAttribute(Html.HtmlNodeItem,System.String)
    Unique name M_Html_HtmlNodeCollection_Insert_1 generated for M:Html.HtmlNodeCollection.Insert(Html.HtmlNodeItem,System.String)
    Unique name M_Html_HtmlNodeCollection_Insert_2 generated for M:Html.HtmlNodeCollection.Insert(System.Int32,System.String,System.Boolean)
    Unique name M_Html_HtmlNodeCollection_Insert_3 generated for M:Html.HtmlNodeCollection.Insert(System.String,System.String)
    Unique name M_Html_HtmlNodeCollection_InsertAfter_1 generated for M:Html.HtmlNodeCollection.InsertAfter(Html.HtmlNodeItem,Html.HtmlNodeItem)
    Unique name M_Html_HtmlNodeItem__ctor_1 generated for M:Html.HtmlNodeItem.#ctor(System.String)
    Unique name M_Html_HtmlNodeItem__ctor_2 generated for M:Html.HtmlNodeItem.#ctor(System.String,System.String)
    Unique name M_Html_HtmlNodeItem_FindAttribute_1 generated for M:Html.HtmlNodeItem.FindAttribute(Html.HtmlNodeItem,System.String,System.String[])
    Unique name M_Html_HtmlNodeItem_FindAttribute_2 generated for M:Html.HtmlNodeItem.FindAttribute(Html.HtmlNodeItem,System.String,System.String[],Html.ObjectCollection)
    Unique name M_Html_HtmlNodeItem_FindNodeText_1 generated for M:Html.HtmlNodeItem.FindNodeText(Html.HtmlNodeItem,System.String,Html.ObjectCollection)
    Unique name M_Html_HtmlNodeItem_GetOuterNodeOfType_1 generated for M:Html.HtmlNodeItem.GetOuterNodeOfType(Html.HtmlNodeItem,System.String[])
    Unique name M_Html_HtmlUtil_DecodeHtmlText_1 generated for M:Html.HtmlUtil.DecodeHtmlText(Html.HtmlNodeItem)
    Unique name M_Html_HtmlUtil_GetText_1 generated for M:Html.HtmlUtil.GetText(Html.HtmlNodeItem)
    Unique name M_Html_HtmlUtil_ToFloat_1 generated for M:Html.HtmlUtil.ToFloat(System.String)
    Unique name M_Html_IntCollection_AddRange_1 generated for M:Html.IntCollection.AddRange(System.Data.DataRowCollection,System.String)
    Unique name M_Html_IntCollection_AddRange_2 generated for M:Html.IntCollection.AddRange(System.Data.DataTable,System.String)
    Unique name M_Html_IntCollection_AddUnique_1 generated for M:Html.IntCollection.AddUnique(System.Int32[])
    Unique name M_Html_IntCollection_Insert_1 generated for M:Html.IntCollection.Insert(System.Int32,System.Int32)
    Unique name M_Html_IntCollection_op_Implicit_1 generated for M:Html.IntCollection.op_Implicit(System.Int32[])~Html.IntCollection
    Unique name M_Html_IntCollection_Sort_1 generated for M:Html.IntCollection.Sort(System.Int32[])
    Unique name M_Html_IntRange__ctor_1 generated for M:Html.IntRange.#ctor(System.Int32,System.Int32)
    Unique name M_Html_IntRangeCollection_Add_1 generated for M:Html.IntRangeCollection.Add(System.Int32,System.Int32)
    Unique name M_Html_LongString__ctor_1 generated for M:Html.LongString.#ctor(System.String)
    Unique name M_Html_LongString_op_Implicit_1 generated for M:Html.LongString.op_Implicit(System.String)~Html.LongString
    Unique name M_Html_LongString_ToString_1 generated for M:Html.LongString.ToString(System.IFormatProvider)
    Unique name M_Html_NameCollection_Add_1 generated for M:Html.NameCollection.Add(Html.NameCollection)
    Unique name M_Html_NameCollection_Add_2 generated for M:Html.NameCollection.Add(System.String)
    Unique name M_Html_NameCollection_Add_3 generated for M:Html.NameCollection.Add(System.String,System.String)
    Unique name M_Html_NameIDCollection_Add_1 generated for M:Html.NameIDCollection.Add(System.String,System.Int32)
    Unique name M_Html_NameIDCollection_Add_2 generated for M:Html.NameIDCollection.Add(System.String,System.Int32,System.Object)
    Unique name M_Html_NameIDCollection_Dispose_1 generated for M:Html.NameIDCollection.Dispose(System.Boolean)
    Unique name M_Html_ObjectCollection_op_Implicit_1 generated for M:Html.ObjectCollection.op_Implicit(Html.ObjectCollection)~System.Object[]
    Last step completed in 00:00:00.3630
</buildStep>
<buildStep step="GenerateApiTopicManifest">
Generating API topic manifest...
    Last step completed in 00:00:00.3690
</buildStep>
<buildStep step="GenerateNamespaceSummaries">
Generating namespace summary information...
    Last step completed in 00:00:00.0860
</buildStep>
<buildStep step="CopyAdditionalContent">
Copying additional content files...
No additional content to copy
    Last step completed in 00:00:00.0040
</buildStep>
<buildStep step="MergeTablesOfContents">
Merging conceptual and additional tables of contents...
    Last step completed in 00:00:00.0000
</buildStep>
<buildStep step="GenerateIntermediateTableOfContents">
Generating intermediate table of contents file for API content...
Generating conceptual content intermediate TOC file...
    Last step completed in 00:00:00.0870
</buildStep>
<buildStep step="CreateBuildAssemblerConfigs">
Creating Sandcastle configuration files...
    Last step completed in 00:00:00.1870
</buildStep>
<buildStep step="CombiningIntermediateTocFiles">
Combining conceptual and API intermediate TOC files...
    Last step completed in 00:00:00.0150
</buildStep>
<buildStep step="MergeCustomConfigs">
Merging custom build component configurations
C:\Files\Dropbox\Develop\Shared\danielanywhere.github.io\Html\Working\BuildAssembler.config
  Updating reference topic configurations.
  No conceptual content.  Removing conceptual content components.
    Last step completed in 00:00:00.0300
</buildStep>
<buildStep step="BuildTopics">
Building help topics...
<plugIn name="Website Table of Contents Generator" behavior="Before" priority="1000">
Loading TOC info and adding unique IDs to parent nodes
</plugIn>Loading configuration...
Processing topics...
Processed 776 topic(s)
CopyFromIndexComponent: &quot;reflection&quot; in-memory cache entries used: 6 of 15.
CopyFromIndexComponent: &quot;comments&quot; in-memory cache entries used: 1 of 30.
<plugIn name="Website Table of Contents Generator" behavior="After" priority="1000">
Generating TOC fragment files
</plugIn>    Last step completed in 00:00:09.5137
</buildStep>
<buildStep step="CopyStandardHelpContent">
Copying standard help content...
C:\Program Files (x86)\EWSoftware\Sandcastle Help File Builder\Components\Default2022\css\bulma.css -&gt; C:\Files\Dropbox\Develop\Shared\danielanywhere.github.io\Html\Working\Output\Website\css\bulma.css
C:\Program Files (x86)\EWSoftware\Sandcastle Help File Builder\Components\Default2022\css\bulma.css.map -&gt; C:\Files\Dropbox\Develop\Shared\danielanywhere.github.io\Html\Working\Output\Website\css\bulma.css.map
C:\Program Files (x86)\EWSoftware\Sandcastle Help File Builder\Components\Default2022\css\bulma.min.css -&gt; C:\Files\Dropbox\Develop\Shared\danielanywhere.github.io\Html\Working\Output\Website\css\bulma.min.css
C:\Program Files (x86)\EWSoftware\Sandcastle Help File Builder\Components\Default2022\css\font-awesome.css -&gt; C:\Files\Dropbox\Develop\Shared\danielanywhere.github.io\Html\Working\Output\Website\css\font-awesome.css
C:\Program Files (x86)\EWSoftware\Sandcastle Help File Builder\Components\Default2022\css\font-awesome.min.css -&gt; C:\Files\Dropbox\Develop\Shared\danielanywhere.github.io\Html\Working\Output\Website\css\font-awesome.min.css
C:\Program Files (x86)\EWSoftware\Sandcastle Help File Builder\Components\Default2022\css\ja-JP.css -&gt; C:\Files\Dropbox\Develop\Shared\danielanywhere.github.io\Html\Working\Output\Website\css\ja-JP.css
C:\Program Files (x86)\EWSoftware\Sandcastle Help File Builder\Components\Default2022\css\ko-KR.css -&gt; C:\Files\Dropbox\Develop\Shared\danielanywhere.github.io\Html\Working\Output\Website\css\ko-KR.css
C:\Program Files (x86)\EWSoftware\Sandcastle Help File Builder\Components\Default2022\css\presentationStyle.css -&gt; C:\Files\Dropbox\Develop\Shared\danielanywhere.github.io\Html\Working\Output\Website\css\presentationStyle.css
C:\Program Files (x86)\EWSoftware\Sandcastle Help File Builder\Components\Default2022\css\vs.min.css -&gt; C:\Files\Dropbox\Develop\Shared\danielanywhere.github.io\Html\Working\Output\Website\css\vs.min.css
C:\Program Files (x86)\EWSoftware\Sandcastle Help File Builder\Components\Default2022\css\zh-CN.css -&gt; C:\Files\Dropbox\Develop\Shared\danielanywhere.github.io\Html\Working\Output\Website\css\zh-CN.css
C:\Program Files (x86)\EWSoftware\Sandcastle Help File Builder\Components\Default2022\css\zh-TW.css -&gt; C:\Files\Dropbox\Develop\Shared\danielanywhere.github.io\Html\Working\Output\Website\css\zh-TW.css
C:\Program Files (x86)\EWSoftware\Sandcastle Help File Builder\Components\Default2022\icons\favicon.ico -&gt; C:\Files\Dropbox\Develop\Shared\danielanywhere.github.io\Html\Working\Output\Website\icons\favicon.ico
C:\Program Files (x86)\EWSoftware\Sandcastle Help File Builder\Components\Default2022\scripts\clipboard.min.js -&gt; C:\Files\Dropbox\Develop\Shared\danielanywhere.github.io\Html\Working\Output\Website\scripts\clipboard.min.js
C:\Program Files (x86)\EWSoftware\Sandcastle Help File Builder\Components\Default2022\scripts\highlight.min.js -&gt; C:\Files\Dropbox\Develop\Shared\danielanywhere.github.io\Html\Working\Output\Website\scripts\highlight.min.js
C:\Program Files (x86)\EWSoftware\Sandcastle Help File Builder\Components\Default2022\scripts\jquery-3.5.1.min.js -&gt; C:\Files\Dropbox\Develop\Shared\danielanywhere.github.io\Html\Working\Output\Website\scripts\jquery-3.5.1.min.js
C:\Program Files (x86)\EWSoftware\Sandcastle Help File Builder\Components\Default2022\scripts\presentationStyle.js -&gt; C:\Files\Dropbox\Develop\Shared\danielanywhere.github.io\Html\Working\Output\Website\scripts\presentationStyle.js
C:\Program Files (x86)\EWSoftware\Sandcastle Help File Builder\Components\Default2022\webfonts\fa-brands-400.ttf -&gt; C:\Files\Dropbox\Develop\Shared\danielanywhere.github.io\Html\Working\Output\Website\webfonts\fa-brands-400.ttf
C:\Program Files (x86)\EWSoftware\Sandcastle Help File Builder\Components\Default2022\webfonts\fa-brands-400.woff2 -&gt; C:\Files\Dropbox\Develop\Shared\danielanywhere.github.io\Html\Working\Output\Website\webfonts\fa-brands-400.woff2
C:\Program Files (x86)\EWSoftware\Sandcastle Help File Builder\Components\Default2022\webfonts\fa-regular-400.ttf -&gt; C:\Files\Dropbox\Develop\Shared\danielanywhere.github.io\Html\Working\Output\Website\webfonts\fa-regular-400.ttf
C:\Program Files (x86)\EWSoftware\Sandcastle Help File Builder\Components\Default2022\webfonts\fa-regular-400.woff2 -&gt; C:\Files\Dropbox\Develop\Shared\danielanywhere.github.io\Html\Working\Output\Website\webfonts\fa-regular-400.woff2
C:\Program Files (x86)\EWSoftware\Sandcastle Help File Builder\Components\Default2022\webfonts\fa-solid-900.ttf -&gt; C:\Files\Dropbox\Develop\Shared\danielanywhere.github.io\Html\Working\Output\Website\webfonts\fa-solid-900.ttf
C:\Program Files (x86)\EWSoftware\Sandcastle Help File Builder\Components\Default2022\webfonts\fa-solid-900.woff2 -&gt; C:\Files\Dropbox\Develop\Shared\danielanywhere.github.io\Html\Working\Output\Website\webfonts\fa-solid-900.woff2
C:\Program Files (x86)\EWSoftware\Sandcastle Help File Builder\Components\Default2022\webfonts\fa-v4compatibility.ttf -&gt; C:\Files\Dropbox\Develop\Shared\danielanywhere.github.io\Html\Working\Output\Website\webfonts\fa-v4compatibility.ttf
C:\Program Files (x86)\EWSoftware\Sandcastle Help File Builder\Components\Default2022\webfonts\fa-v4compatibility.woff2 -&gt; C:\Files\Dropbox\Develop\Shared\danielanywhere.github.io\Html\Working\Output\Website\webfonts\fa-v4compatibility.woff2
C:\Program Files (x86)\EWSoftware\Sandcastle Help File Builder\Components\Default2022\RootWebsiteContent\GeneralError.html -&gt; C:\Files\Dropbox\Develop\Shared\danielanywhere.github.io\Html\Working\Output\Website\GeneralError.html
C:\Program Files (x86)\EWSoftware\Sandcastle Help File Builder\Components\Default2022\RootWebsiteContent\index.html -&gt; C:\Files\Dropbox\Develop\Shared\danielanywhere.github.io\Html\Working\Output\Website\index.html
C:\Program Files (x86)\EWSoftware\Sandcastle Help File Builder\Components\Default2022\RootWebsiteContent\PageNotFound.html -&gt; C:\Files\Dropbox\Develop\Shared\danielanywhere.github.io\Html\Working\Output\Website\PageNotFound.html
C:\Program Files (x86)\EWSoftware\Sandcastle Help File Builder\Components\Default2022\RootWebsiteContent\search.html -&gt; C:\Files\Dropbox\Develop\Shared\danielanywhere.github.io\Html\Working\Output\Website\search.html
C:\Program Files (x86)\EWSoftware\Sandcastle Help File Builder\Components\Default2022\RootWebsiteContent\SearchHelp.aspx -&gt; C:\Files\Dropbox\Develop\Shared\danielanywhere.github.io\Html\Working\Output\Website\SearchHelp.aspx
C:\Program Files (x86)\EWSoftware\Sandcastle Help File Builder\Components\Default2022\RootWebsiteContent\SearchHelp.inc.php -&gt; C:\Files\Dropbox\Develop\Shared\danielanywhere.github.io\Html\Working\Output\Website\SearchHelp.inc.php
C:\Program Files (x86)\EWSoftware\Sandcastle Help File Builder\Components\Default2022\RootWebsiteContent\SearchHelp.php -&gt; C:\Files\Dropbox\Develop\Shared\danielanywhere.github.io\Html\Working\Output\Website\SearchHelp.php
C:\Program Files (x86)\EWSoftware\Sandcastle Help File Builder\Components\Default2022\RootWebsiteContent\Web.Config -&gt; C:\Files\Dropbox\Develop\Shared\danielanywhere.github.io\Html\Working\Output\Website\Web.Config
    Last step completed in 00:00:00.4880
</buildStep>
<buildStep step="GenerateFullTextIndex">
Generating full-text index for the website...

    Last step completed in 00:00:00.8350
</buildStep>
<buildStep step="CopyingWebsiteFiles">
Copying website files to output folder...

Copied 500 files
Copied 1000 files
Copied 1028 files for the website content
    Last step completed in 00:00:01.3320
</buildStep>
<buildStep step="CleanIntermediates">
Removing intermediate files...
    Not all build output was removed from &#39;C:\Files\Dropbox\Develop\Shared\danielanywhere.github.io\Html\Working\&#39;: The process cannot access the file &#39;C:\Files\Dropbox\Develop\Shared\danielanywhere.github.io\Html\Working\Output&#39; because it is being used by another process.
    Last step completed in 00:00:00.2080
</buildStep>
<buildStep step="Completed">

Build completed successfully at 11/12/2025 11:27:28.  Total time: 00:00:15.4456

</buildStep>
</shfbBuild>
