<?xml version="1.0" encoding="utf-8"?>
<shfbBuild product="Sandcastle Help File Builder and Tools" version="2024.12.21.0" projectFile="C:\Files\Dropbox\Develop\Shared\ActionEngine\Scripts\ActionEngineDocumentation.shfbproj" started="02/24/2026 15:49:28">
<buildStep step="Initializing">
The Sandcastle tools are located in &#39;C:\Program Files (x86)\EWSoftware\Sandcastle Help File Builder&#39;
Locating components in the following folder(s):
    C:\Files\Dropbox\Develop\Shared\ActionEngine\Scripts
    C:\ProgramData\EWSoftware\Sandcastle Help File Builder\Components and Plug-Ins
    C:\Program Files (x86)\EWSoftware\Sandcastle Help File Builder\Components
Using framework reflection data for &#39;Cross-platform (.NET Core/.NET Standard)&#39; located in &#39;C:\Program Files (x86)\EWSoftware\Sandcastle Help File Builder\Data\.NETFramework&#39;
Using presentation style &#39;Default2022&#39; located in &#39;C:\Program Files (x86)\EWSoftware\Sandcastle Help File Builder\Components\Default2022&#39;
Loading and initializing plug-ins...
Website Table of Contents Generator Version 2024.12.21.0
Copyright &#169; 2006-2024, Eric Woodruff, All Rights Reserved
-------------------------------
Clearing any prior web/markdown output...
</buildStep>
<buildStep step="ValidatingDocumentationSources">
Validating and copying documentation source information
Source: C:\Files\Dropbox\Develop\Shared\ActionEngine\Source\ActionEngine\bin\Release\netstandard2.1\ActionEngine.xml
Source: C:\Files\Dropbox\Develop\Shared\ActionEngine\Source\ActionEngine\bin\Release\netstandard2.1\ActionEngine.dll
    Found assembly &#39;C:\Files\Dropbox\Develop\Shared\ActionEngine\Source\ActionEngine\bin\Release\netstandard2.1\ActionEngine.dll&#39;

References to include:
    Dans.Geometry.Library
    Dans.Html.Library
    Flee
    Newtonsoft.Json
    SkiaSharp

Copying XML comments files
    C:\Files\Dropbox\Develop\Shared\ActionEngine\Source\ActionEngine\bin\Release\netstandard2.1\ActionEngine.xml -&gt; C:\Files\Dropbox\Develop\Shared\danielanywhere.github.io\ActionEngine\Working\ActionEngine.xml
</buildStep>
<buildStep step="GenerateSharedContent">
Generating shared content files (en-US, English (United States))...
    Last step completed in 00:00:00.0171
</buildStep>
<buildStep step="GenerateApiFilter">
Generating API filter for MRefBuilder...
    Last step completed in 00:00:00.0231
</buildStep>
<buildStep step="GenerateReflectionInfo">
Generating reflection information...
[C:\Program Files\Microsoft Visual Studio\2022\Community\MSBuild\Current\Bin\amd64\MSBuild.exe - GenerateRefInfo-82d83543-def2-4ab5-91c0-8576373c6b6f.proj]
Build started 02/24/2026 15:49:36.

Project &quot;C:\Files\Dropbox\Develop\Shared\danielanywhere.github.io\ActionEngine\Working\GenerateRefInfo-82d83543-def2-4ab5-91c0-8576373c6b6f.proj&quot; on node 1 (default targets).
PrepareForBuild:
  Creating directory &quot;obj\Debug\&quot;.
GenerateRefInfo:
  Microsoft.Build (v17.9.8+b34f75857bacf5ecd5531f7ff763a5739d3ae435)
  c Microsoft Corporation. All rights reserved.
  No source code context base path specified.  Source context information is unavailable.
  Loaded 1 assemblies for reflection and 6 dependency assemblies.
  Wrote information on 1 namespaces, 19 types, and 207 members
  Merging duplicate type and member information
  Merged 0 duplicate type(s) and 0 duplicate member(s)
Done Building Project &quot;C:\Files\Dropbox\Develop\Shared\danielanywhere.github.io\ActionEngine\Working\GenerateRefInfo-82d83543-def2-4ab5-91c0-8576373c6b6f.proj&quot; (default targets).
    Last step completed in 00:00:02.1952
</buildStep>
<buildStep step="ApplyDocumentModel">
Applying document model to reflection output...
    Last step completed in 00:00:00.4314
</buildStep>
<buildStep step="AddApiTopicFilenames">
Adding topic filenames to API members...
    Unique name M_ActionEngine_ActionEngineUtil_DrawBitmap_1 generated for M:ActionEngine.ActionEngineUtil.DrawBitmap(SkiaSharp.SKBitmap,SkiaSharp.SKBitmap,SkiaSharp.SKRect)
    Unique name M_ActionEngine_ActionEngineUtil_DrawBitmap_2 generated for M:ActionEngine.ActionEngineUtil.DrawBitmap(SkiaSharp.SKBitmap,SkiaSharp.SKBitmap,SkiaSharp.SKRect,SkiaSharp.SKRect)
    Unique name M_ActionEngine_ActionEngineUtil_GetValue_1 generated for M:ActionEngine.ActionEngineUtil.GetValue(System.Text.RegularExpressions.Match,System.String)
    Unique name M_ActionEngine_ActionEngineUtil_ToBool_1 generated for M:ActionEngine.ActionEngineUtil.ToBool(System.String,System.Boolean)
    Unique name M_ActionEngine_ActionEngineUtil_ToInt_1 generated for M:ActionEngine.ActionEngineUtil.ToInt(System.String)
    Last step completed in 00:00:00.3429
</buildStep>
<buildStep step="GenerateApiTopicManifest">
Generating API topic manifest...
    Last step completed in 00:00:00.2555
</buildStep>
<buildStep step="GenerateNamespaceSummaries">
Generating namespace summary information...
    Last step completed in 00:00:00.0625
</buildStep>
<buildStep step="CopyAdditionalContent">
Copying additional content files...
No additional content to copy
    Last step completed in 00:00:00.0048
</buildStep>
<buildStep step="MergeTablesOfContents">
Merging conceptual and additional tables of contents...
    Last step completed in 00:00:00.0005
</buildStep>
<buildStep step="GenerateIntermediateTableOfContents">
Generating intermediate table of contents file for API content...
Generating conceptual content intermediate TOC file...
    Last step completed in 00:00:00.0950
</buildStep>
<buildStep step="CreateBuildAssemblerConfigs">
Creating Sandcastle configuration files...
    Last step completed in 00:00:00.4305
</buildStep>
<buildStep step="CombiningIntermediateTocFiles">
Combining conceptual and API intermediate TOC files...
    Last step completed in 00:00:00.0200
</buildStep>
<buildStep step="MergeCustomConfigs">
Merging custom build component configurations
C:\Files\Dropbox\Develop\Shared\danielanywhere.github.io\ActionEngine\Working\BuildAssembler.config
  Updating reference topic configurations.
  No conceptual content.  Removing conceptual content components.
    Last step completed in 00:00:00.0279
</buildStep>
<buildStep step="BuildTopics">
Building help topics...
<plugIn name="Website Table of Contents Generator" behavior="Before" priority="1000">
Loading TOC info and adding unique IDs to parent nodes
</plugIn>Loading configuration...
Processing topics...
SHFB: Warning BE0066: ResolveReferenceLinksComponent: [M:ActionEngine.ActionEngineUtil.DrawBitmap(SkiaSharp.SKBitmap,SkiaSharp.SKBitmap,SkiaSharp.SKPoint)] Unknown reference link target &#39;T:SkiaSharp.SKBitmap&#39;.
SHFB: Warning BE0066: ResolveReferenceLinksComponent: [M:ActionEngine.ActionEngineUtil.DrawBitmap(SkiaSharp.SKBitmap,SkiaSharp.SKBitmap,SkiaSharp.SKPoint)] Unknown reference link target &#39;T:SkiaSharp.SKBitmap&#39;.
SHFB: Warning BE0066: ResolveReferenceLinksComponent: [M:ActionEngine.ActionEngineUtil.DrawBitmap(SkiaSharp.SKBitmap,SkiaSharp.SKBitmap,SkiaSharp.SKPoint)] Unknown reference link target &#39;T:SkiaSharp.SKPoint&#39;.
SHFB: Warning BE0066: ResolveReferenceLinksComponent: [M:ActionEngine.ActionEngineUtil.DrawBitmap(SkiaSharp.SKBitmap,SkiaSharp.SKBitmap,SkiaSharp.SKRect)] Unknown reference link target &#39;T:SkiaSharp.SKBitmap&#39;.
SHFB: Warning BE0066: ResolveReferenceLinksComponent: [M:ActionEngine.ActionEngineUtil.DrawBitmap(SkiaSharp.SKBitmap,SkiaSharp.SKBitmap,SkiaSharp.SKRect)] Unknown reference link target &#39;T:SkiaSharp.SKBitmap&#39;.
SHFB: Warning BE0066: ResolveReferenceLinksComponent: [M:ActionEngine.ActionEngineUtil.DrawBitmap(SkiaSharp.SKBitmap,SkiaSharp.SKBitmap,SkiaSharp.SKRect)] Unknown reference link target &#39;T:SkiaSharp.SKRect&#39;.
SHFB: Warning BE0066: ResolveReferenceLinksComponent: [M:ActionEngine.ActionEngineUtil.DrawBitmap(SkiaSharp.SKBitmap,SkiaSharp.SKBitmap,SkiaSharp.SKRect,SkiaSharp.SKRect)] Unknown reference link target &#39;T:SkiaSharp.SKBitmap&#39;.
SHFB: Warning BE0066: ResolveReferenceLinksComponent: [M:ActionEngine.ActionEngineUtil.DrawBitmap(SkiaSharp.SKBitmap,SkiaSharp.SKBitmap,SkiaSharp.SKRect,SkiaSharp.SKRect)] Unknown reference link target &#39;T:SkiaSharp.SKBitmap&#39;.
SHFB: Warning BE0066: ResolveReferenceLinksComponent: [M:ActionEngine.ActionEngineUtil.DrawBitmap(SkiaSharp.SKBitmap,SkiaSharp.SKBitmap,SkiaSharp.SKRect,SkiaSharp.SKRect)] Unknown reference link target &#39;T:SkiaSharp.SKRect&#39;.
SHFB: Warning BE0066: ResolveReferenceLinksComponent: [M:ActionEngine.ActionEngineUtil.DrawBitmap(SkiaSharp.SKBitmap,SkiaSharp.SKBitmap,SkiaSharp.SKRect,SkiaSharp.SKRect)] Unknown reference link target &#39;T:SkiaSharp.SKRect&#39;.
SHFB: Warning BE0066: ResolveReferenceLinksComponent: [M:ActionEngine.ActionEngineUtil.SaveBitmap(SkiaSharp.SKBitmap,System.String)] Unknown reference link target &#39;T:SkiaSharp.SKBitmap&#39;.
SHFB: Warning BE0066: ResolveReferenceLinksComponent: [M:ActionEngine.ActionEngineUtil.SetBuiltInExpressionValues``1(Flee.PublicTypes.ExpressionContext,``0)] Unknown reference link target &#39;T:Flee.PublicTypes.ExpressionContext&#39;.
SHFB: Warning BE0066: ResolveReferenceLinksComponent: [M:ActionEngine.ActionItemBase`2.InitializeExpressionValues(Flee.PublicTypes.ExpressionContext)] Unknown reference link target &#39;T:Flee.PublicTypes.ExpressionContext&#39;.
SHFB: Warning BE0066: ResolveReferenceLinksComponent: [P:ActionEngine.BitmapInfoItem.Bitmap] Unknown reference link target &#39;T:SkiaSharp.SKBitmap&#39;.
Processed 240 topic(s)
14 warning(s)
CopyFromIndexComponent: &quot;reflection&quot; in-memory cache entries used: 7 of 15.
CopyFromIndexComponent: &quot;comments&quot; in-memory cache entries used: 1 of 30.
<plugIn name="Website Table of Contents Generator" behavior="After" priority="1000">
Generating TOC fragment files
</plugIn>    Last step completed in 00:00:06.6580
</buildStep>
<buildStep step="CopyStandardHelpContent">
Copying standard help content...
C:\Program Files (x86)\EWSoftware\Sandcastle Help File Builder\Components\Default2022\css\bulma.css -&gt; C:\Files\Dropbox\Develop\Shared\danielanywhere.github.io\ActionEngine\Working\Output\Website\css\bulma.css
C:\Program Files (x86)\EWSoftware\Sandcastle Help File Builder\Components\Default2022\css\bulma.css.map -&gt; C:\Files\Dropbox\Develop\Shared\danielanywhere.github.io\ActionEngine\Working\Output\Website\css\bulma.css.map
C:\Program Files (x86)\EWSoftware\Sandcastle Help File Builder\Components\Default2022\css\bulma.min.css -&gt; C:\Files\Dropbox\Develop\Shared\danielanywhere.github.io\ActionEngine\Working\Output\Website\css\bulma.min.css
C:\Program Files (x86)\EWSoftware\Sandcastle Help File Builder\Components\Default2022\css\font-awesome.css -&gt; C:\Files\Dropbox\Develop\Shared\danielanywhere.github.io\ActionEngine\Working\Output\Website\css\font-awesome.css
C:\Program Files (x86)\EWSoftware\Sandcastle Help File Builder\Components\Default2022\css\font-awesome.min.css -&gt; C:\Files\Dropbox\Develop\Shared\danielanywhere.github.io\ActionEngine\Working\Output\Website\css\font-awesome.min.css
C:\Program Files (x86)\EWSoftware\Sandcastle Help File Builder\Components\Default2022\css\ja-JP.css -&gt; C:\Files\Dropbox\Develop\Shared\danielanywhere.github.io\ActionEngine\Working\Output\Website\css\ja-JP.css
C:\Program Files (x86)\EWSoftware\Sandcastle Help File Builder\Components\Default2022\css\ko-KR.css -&gt; C:\Files\Dropbox\Develop\Shared\danielanywhere.github.io\ActionEngine\Working\Output\Website\css\ko-KR.css
C:\Program Files (x86)\EWSoftware\Sandcastle Help File Builder\Components\Default2022\css\presentationStyle.css -&gt; C:\Files\Dropbox\Develop\Shared\danielanywhere.github.io\ActionEngine\Working\Output\Website\css\presentationStyle.css
C:\Program Files (x86)\EWSoftware\Sandcastle Help File Builder\Components\Default2022\css\vs.min.css -&gt; C:\Files\Dropbox\Develop\Shared\danielanywhere.github.io\ActionEngine\Working\Output\Website\css\vs.min.css
C:\Program Files (x86)\EWSoftware\Sandcastle Help File Builder\Components\Default2022\css\zh-CN.css -&gt; C:\Files\Dropbox\Develop\Shared\danielanywhere.github.io\ActionEngine\Working\Output\Website\css\zh-CN.css
C:\Program Files (x86)\EWSoftware\Sandcastle Help File Builder\Components\Default2022\css\zh-TW.css -&gt; C:\Files\Dropbox\Develop\Shared\danielanywhere.github.io\ActionEngine\Working\Output\Website\css\zh-TW.css
C:\Program Files (x86)\EWSoftware\Sandcastle Help File Builder\Components\Default2022\icons\favicon.ico -&gt; C:\Files\Dropbox\Develop\Shared\danielanywhere.github.io\ActionEngine\Working\Output\Website\icons\favicon.ico
C:\Program Files (x86)\EWSoftware\Sandcastle Help File Builder\Components\Default2022\scripts\clipboard.min.js -&gt; C:\Files\Dropbox\Develop\Shared\danielanywhere.github.io\ActionEngine\Working\Output\Website\scripts\clipboard.min.js
C:\Program Files (x86)\EWSoftware\Sandcastle Help File Builder\Components\Default2022\scripts\highlight.min.js -&gt; C:\Files\Dropbox\Develop\Shared\danielanywhere.github.io\ActionEngine\Working\Output\Website\scripts\highlight.min.js
C:\Program Files (x86)\EWSoftware\Sandcastle Help File Builder\Components\Default2022\scripts\jquery-3.5.1.min.js -&gt; C:\Files\Dropbox\Develop\Shared\danielanywhere.github.io\ActionEngine\Working\Output\Website\scripts\jquery-3.5.1.min.js
C:\Program Files (x86)\EWSoftware\Sandcastle Help File Builder\Components\Default2022\scripts\presentationStyle.js -&gt; C:\Files\Dropbox\Develop\Shared\danielanywhere.github.io\ActionEngine\Working\Output\Website\scripts\presentationStyle.js
C:\Program Files (x86)\EWSoftware\Sandcastle Help File Builder\Components\Default2022\webfonts\fa-brands-400.ttf -&gt; C:\Files\Dropbox\Develop\Shared\danielanywhere.github.io\ActionEngine\Working\Output\Website\webfonts\fa-brands-400.ttf
C:\Program Files (x86)\EWSoftware\Sandcastle Help File Builder\Components\Default2022\webfonts\fa-brands-400.woff2 -&gt; C:\Files\Dropbox\Develop\Shared\danielanywhere.github.io\ActionEngine\Working\Output\Website\webfonts\fa-brands-400.woff2
C:\Program Files (x86)\EWSoftware\Sandcastle Help File Builder\Components\Default2022\webfonts\fa-regular-400.ttf -&gt; C:\Files\Dropbox\Develop\Shared\danielanywhere.github.io\ActionEngine\Working\Output\Website\webfonts\fa-regular-400.ttf
C:\Program Files (x86)\EWSoftware\Sandcastle Help File Builder\Components\Default2022\webfonts\fa-regular-400.woff2 -&gt; C:\Files\Dropbox\Develop\Shared\danielanywhere.github.io\ActionEngine\Working\Output\Website\webfonts\fa-regular-400.woff2
C:\Program Files (x86)\EWSoftware\Sandcastle Help File Builder\Components\Default2022\webfonts\fa-solid-900.ttf -&gt; C:\Files\Dropbox\Develop\Shared\danielanywhere.github.io\ActionEngine\Working\Output\Website\webfonts\fa-solid-900.ttf
C:\Program Files (x86)\EWSoftware\Sandcastle Help File Builder\Components\Default2022\webfonts\fa-solid-900.woff2 -&gt; C:\Files\Dropbox\Develop\Shared\danielanywhere.github.io\ActionEngine\Working\Output\Website\webfonts\fa-solid-900.woff2
C:\Program Files (x86)\EWSoftware\Sandcastle Help File Builder\Components\Default2022\webfonts\fa-v4compatibility.ttf -&gt; C:\Files\Dropbox\Develop\Shared\danielanywhere.github.io\ActionEngine\Working\Output\Website\webfonts\fa-v4compatibility.ttf
C:\Program Files (x86)\EWSoftware\Sandcastle Help File Builder\Components\Default2022\webfonts\fa-v4compatibility.woff2 -&gt; C:\Files\Dropbox\Develop\Shared\danielanywhere.github.io\ActionEngine\Working\Output\Website\webfonts\fa-v4compatibility.woff2
C:\Program Files (x86)\EWSoftware\Sandcastle Help File Builder\Components\Default2022\RootWebsiteContent\GeneralError.html -&gt; C:\Files\Dropbox\Develop\Shared\danielanywhere.github.io\ActionEngine\Working\Output\Website\GeneralError.html
C:\Program Files (x86)\EWSoftware\Sandcastle Help File Builder\Components\Default2022\RootWebsiteContent\index.html -&gt; C:\Files\Dropbox\Develop\Shared\danielanywhere.github.io\ActionEngine\Working\Output\Website\index.html
C:\Program Files (x86)\EWSoftware\Sandcastle Help File Builder\Components\Default2022\RootWebsiteContent\PageNotFound.html -&gt; C:\Files\Dropbox\Develop\Shared\danielanywhere.github.io\ActionEngine\Working\Output\Website\PageNotFound.html
C:\Program Files (x86)\EWSoftware\Sandcastle Help File Builder\Components\Default2022\RootWebsiteContent\search.html -&gt; C:\Files\Dropbox\Develop\Shared\danielanywhere.github.io\ActionEngine\Working\Output\Website\search.html
C:\Program Files (x86)\EWSoftware\Sandcastle Help File Builder\Components\Default2022\RootWebsiteContent\SearchHelp.aspx -&gt; C:\Files\Dropbox\Develop\Shared\danielanywhere.github.io\ActionEngine\Working\Output\Website\SearchHelp.aspx
C:\Program Files (x86)\EWSoftware\Sandcastle Help File Builder\Components\Default2022\RootWebsiteContent\SearchHelp.inc.php -&gt; C:\Files\Dropbox\Develop\Shared\danielanywhere.github.io\ActionEngine\Working\Output\Website\SearchHelp.inc.php
C:\Program Files (x86)\EWSoftware\Sandcastle Help File Builder\Components\Default2022\RootWebsiteContent\SearchHelp.php -&gt; C:\Files\Dropbox\Develop\Shared\danielanywhere.github.io\ActionEngine\Working\Output\Website\SearchHelp.php
C:\Program Files (x86)\EWSoftware\Sandcastle Help File Builder\Components\Default2022\RootWebsiteContent\Web.Config -&gt; C:\Files\Dropbox\Develop\Shared\danielanywhere.github.io\ActionEngine\Working\Output\Website\Web.Config
    Last step completed in 00:00:00.5227
</buildStep>
<buildStep step="GenerateFullTextIndex">
Generating full-text index for the website...

    Last step completed in 00:00:00.7683
</buildStep>
<buildStep step="CopyingWebsiteFiles">
Copying website files to output folder...

Copied 347 files for the website content
    Last step completed in 00:00:00.6053
</buildStep>
<buildStep step="CleanIntermediates">
Removing intermediate files...
    Last step completed in 00:00:00.1181
</buildStep>
<buildStep step="Completed">

Build completed successfully at 02/24/2026 15:49:48.  Total time: 00:00:19.1068

</buildStep>
</shfbBuild>
