<?xml version="1.0" encoding="utf-8"?>
<shfbBuild product="Sandcastle Help File Builder and Tools" version="2024.12.21.0" projectFile="C:\Files\Dropbox\Develop\Shared\SvgTools\Scripts\SvgToolsDocumentation.shfbproj" started="12/19/2025 11:02:32">
<buildStep step="Initializing">
The Sandcastle tools are located in &#39;C:\Program Files (x86)\EWSoftware\Sandcastle Help File Builder&#39;
Locating components in the following folder(s):
    C:\Files\Dropbox\Develop\Shared\SvgTools\Scripts
    C:\ProgramData\EWSoftware\Sandcastle Help File Builder\Components and Plug-Ins
    C:\Program Files (x86)\EWSoftware\Sandcastle Help File Builder\Components
Using framework reflection data for &#39;Cross-platform (.NET Core/.NET Standard)&#39; located in &#39;C:\Program Files (x86)\EWSoftware\Sandcastle Help File Builder\Data\.NETFramework&#39;
Using presentation style &#39;Default2022&#39; located in &#39;C:\Program Files (x86)\EWSoftware\Sandcastle Help File Builder\Components\Default2022&#39;
Loading and initializing plug-ins...
Assembly Binding Redirection Version 2024.12.21.0
Copyright &#169; 2006-2024, Eric Woodruff, All Rights Reserved
Website Table of Contents Generator Version 2024.12.21.0
Copyright &#169; 2006-2024, Eric Woodruff, All Rights Reserved
-------------------------------
Clearing any prior web/markdown output...
</buildStep>
<buildStep step="ValidatingDocumentationSources">
Validating and copying documentation source information
Source: C:\Files\Dropbox\Develop\Shared\SvgTools\Source\SvgToolsLib\bin\Release\netstandard2.1\SvgToolsLib.dll
    Found assembly &#39;C:\Files\Dropbox\Develop\Shared\SvgTools\Source\SvgToolsLib\bin\Release\netstandard2.1\SvgToolsLib.dll&#39;
Source: C:\Files\Dropbox\Develop\Shared\SvgTools\Source\SvgToolsLib\bin\Release\netstandard2.1\SvgToolsLib.xml

Copying XML comments files
    C:\Files\Dropbox\Develop\Shared\SvgTools\Source\SvgToolsLib\bin\Release\netstandard2.1\SvgToolsLib.xml -&gt; C:\Files\Dropbox\Develop\Shared\danielanywhere.github.io\SvgToolsLib\Working\SvgToolsLib.xml
</buildStep>
<buildStep step="GenerateSharedContent">
Generating shared content files (en-US, English (United States))...
    Last step completed in 00:00:00.0000
</buildStep>
<buildStep step="GenerateApiFilter">
Generating API filter for MRefBuilder...
    Last step completed in 00:00:00.0312
</buildStep>
<buildStep step="GenerateReflectionInfo">
Generating reflection information...
<plugIn name="Assembly Binding Redirection" behavior="Before" priority="1000">
Adding ignored assembly names to assembly resolver configuration:
    BusinessObjects.Licensing.KeycodeDecoder
    Microsoft.VisualStudio.TestTools.UITest.Playback
    ConversionCalc
    Flee
    Geometry
    Html
    Newtonsoft.Json
    SkiaSharp
</plugIn>[C:\Program Files\Microsoft Visual Studio\2022\Community\MSBuild\Current\Bin\amd64\MSBuild.exe - GenerateRefInfo-e51d8086-4e84-4cd9-81d2-18b423c07989.proj]
Build started 12/19/2025 11:02:33.

Project &quot;C:\Files\Dropbox\Develop\Shared\danielanywhere.github.io\SvgToolsLib\Working\GenerateRefInfo-e51d8086-4e84-4cd9-81d2-18b423c07989.proj&quot; on node 1 (default targets).
PrepareForBuild:
  Creating directory &quot;obj\Debug\&quot;.
GenerateRefInfo:
  Microsoft.Build (v17.9.8+b34f75857bacf5ecd5531f7ff763a5739d3ae435)
  c Microsoft Corporation. All rights reserved.
  No source code context base path specified.  Source context information is unavailable.
  Loaded 1 assemblies for reflection and 1 dependency assemblies.
MRefBuilder : warning : Ignoring unresolved assembly reference: Geometry (Geometry, Version=25.3011.3729.0, Culture=neutral, PublicKeyToken=null) required by SvgToolsLib [C:\Files\Dropbox\Develop\Shared\danielanywhere.github.io\SvgToolsLib\Working\GenerateRefInfo-e51d8086-4e84-4cd9-81d2-18b423c07989.proj]
MRefBuilder : warning : Ignoring unresolved assembly reference: SkiaSharp (SkiaSharp, Version=3.119.0.0, Culture=neutral, PublicKeyToken=0738eb9f132ed756) required by SvgToolsLib [C:\Files\Dropbox\Develop\Shared\danielanywhere.github.io\SvgToolsLib\Working\GenerateRefInfo-e51d8086-4e84-4cd9-81d2-18b423c07989.proj]
MRefBuilder : warning : Ignoring unresolved assembly reference: Newtonsoft.Json (Newtonsoft.Json, Version=13.0.0.0, Culture=neutral, PublicKeyToken=30ad4fe6b2a6aeed) required by SvgToolsLib [C:\Files\Dropbox\Develop\Shared\danielanywhere.github.io\SvgToolsLib\Working\GenerateRefInfo-e51d8086-4e84-4cd9-81d2-18b423c07989.proj]
MRefBuilder : warning : Ignoring unresolved assembly reference: Html (Html, Version=25.3112.4353.0, Culture=neutral, PublicKeyToken=null) required by SvgToolsLib [C:\Files\Dropbox\Develop\Shared\danielanywhere.github.io\SvgToolsLib\Working\GenerateRefInfo-e51d8086-4e84-4cd9-81d2-18b423c07989.proj]
MRefBuilder : warning : Ignoring unresolved assembly reference: ConversionCalc (ConversionCalc, Version=25.3016.3818.0, Culture=neutral, PublicKeyToken=null) required by SvgToolsLib [C:\Files\Dropbox\Develop\Shared\danielanywhere.github.io\SvgToolsLib\Working\GenerateRefInfo-e51d8086-4e84-4cd9-81d2-18b423c07989.proj]
MRefBuilder : warning : Ignoring unresolved assembly reference: Flee (Flee, Version=1.0.0.0, Culture=neutral, PublicKeyToken=null) required by SvgToolsLib [C:\Files\Dropbox\Develop\Shared\danielanywhere.github.io\SvgToolsLib\Working\GenerateRefInfo-e51d8086-4e84-4cd9-81d2-18b423c07989.proj]
  Wrote information on 2 namespaces, 75 types, and 703 members
  Merging duplicate type and member information
  Merged 0 duplicate type(s) and 0 duplicate member(s)
Done Building Project &quot;C:\Files\Dropbox\Develop\Shared\danielanywhere.github.io\SvgToolsLib\Working\GenerateRefInfo-e51d8086-4e84-4cd9-81d2-18b423c07989.proj&quot; (default targets).
    Last step completed in 00:00:01.4375
</buildStep>
<buildStep step="ApplyDocumentModel">
Applying document model to reflection output...
    Last step completed in 00:00:00.3126
</buildStep>
<buildStep step="AddNamespaceGroups">
Adding namespace group entries...
Added 0 namespace group entries
    Last step completed in 00:00:00.3437
</buildStep>
<buildStep step="AddApiTopicFilenames">
Adding topic filenames to API members...
    Last step completed in 00:00:00.3594
</buildStep>
<buildStep step="GenerateApiTopicManifest">
Generating API topic manifest...
    Last step completed in 00:00:00.2969
</buildStep>
<buildStep step="GenerateNamespaceSummaries">
Generating namespace summary information...
    Last step completed in 00:00:00.0625
</buildStep>
<buildStep step="CopyAdditionalContent">
Copying additional content files...
C:\Files\Dropbox\Develop\Shared\SvgTools\Scripts\startup-redirect.js -&gt; C:\Files\Dropbox\Develop\Shared\danielanywhere.github.io\SvgToolsLib\Working\Output\Website\startup-redirect.js
    Last step completed in 00:00:00.0000
</buildStep>
<buildStep step="MergeTablesOfContents">
Merging conceptual and additional tables of contents...
    Last step completed in 00:00:00.0000
</buildStep>
<buildStep step="GenerateIntermediateTableOfContents">
Generating intermediate table of contents file for API content...
Generating conceptual content intermediate TOC file...
    Last step completed in 00:00:00.0938
</buildStep>
<buildStep step="CreateBuildAssemblerConfigs">
Creating Sandcastle configuration files...
    Last step completed in 00:00:00.1250
</buildStep>
<buildStep step="CombiningIntermediateTocFiles">
Combining conceptual and API intermediate TOC files...
    Last step completed in 00:00:00.0156
</buildStep>
<buildStep step="MergeCustomConfigs">
Merging custom build component configurations
C:\Files\Dropbox\Develop\Shared\danielanywhere.github.io\SvgToolsLib\Working\BuildAssembler.config
  Updating reference topic configurations.
  No conceptual content.  Removing conceptual content components.
    Last step completed in 00:00:00.0156
</buildStep>
<buildStep step="BuildTopics">
Building help topics...
<plugIn name="Website Table of Contents Generator" behavior="Before" priority="1000">
Loading TOC info and adding unique IDs to parent nodes
</plugIn>Loading configuration...
Processing topics...
SHFB: Warning BE0066: ResolveReferenceLinksComponent: [P:SvgToolsLib.BitmapInfoItem.Bitmap] Unknown reference link target &#39;T:SkiaSharp.SKBitmap&#39;.
SHFB: Warning BE0066: ResolveReferenceLinksComponent: [T:SvgToolsLib.ControlAreaItem] Unknown reference link target &#39;T:Geometry.FArea&#39;.
SHFB: Warning BE0066: ResolveReferenceLinksComponent: [P:SvgToolsLib.ControlAreaItem.Node] Unknown reference link target &#39;T:Html.HtmlNodeItem&#39;.
SHFB: Warning BE0066: ResolveReferenceLinksComponent: [T:SvgToolsLib.ControlReferenceItem] Unknown reference link target &#39;T:Geometry.FArea&#39;.
SHFB: Warning BE0066: ResolveReferenceLinksComponent: [M:SvgToolsLib.ImpliedFormDesign.AddUserStyle(Html.HtmlNodeCollection,System.String)] Unknown reference link target &#39;T:Html.HtmlNodeCollection&#39;.
SHFB: Warning BE0066: ResolveReferenceLinksComponent: [M:SvgToolsLib.ImpliedFormDesign.FillForm(SvgToolsLib.ControlAreaCollection,Html.HtmlNodeItem)] Unknown reference link target &#39;T:Html.HtmlNodeItem&#39;.
SHFB: Warning BE0066: ResolveReferenceLinksComponent: [M:SvgToolsLib.ImpliedFormDesign.GetFormCaption(Html.HtmlNodeItem)] Unknown reference link target &#39;T:Html.HtmlNodeItem&#39;.
SHFB: Warning BE0066: ResolveReferenceLinksComponent: [M:SvgToolsLib.ImpliedFormDesign.GetFormHeight(Html.HtmlDocument)] Unknown reference link target &#39;T:Html.HtmlDocument&#39;.
SHFB: Warning BE0066: ResolveReferenceLinksComponent: [M:SvgToolsLib.ImpliedFormDesign.GetFormWidth(Html.HtmlDocument)] Unknown reference link target &#39;T:Html.HtmlDocument&#39;.
SHFB: Warning BE0066: ResolveReferenceLinksComponent: [M:SvgToolsLib.ImpliedFormDesign.GetImageName(Html.HtmlNodeItem)] Unknown reference link target &#39;T:Html.HtmlNodeItem&#39;.
SHFB: Warning BE0066: ResolveReferenceLinksComponent: [M:SvgToolsLib.ImpliedFormDesign.GetIntent(Html.HtmlNodeItem)] Unknown reference link target &#39;T:Html.HtmlNodeItem&#39;.
SHFB: Warning BE0066: ResolveReferenceLinksComponent: [M:SvgToolsLib.ImpliedFormDesign.GetLabel(Html.HtmlNodeItem)] Unknown reference link target &#39;T:Html.HtmlNodeItem&#39;.
SHFB: Warning BE0066: ResolveReferenceLinksComponent: [M:SvgToolsLib.ImpliedFormDesign.GetReference(Html.HtmlNodeItem)] Unknown reference link target &#39;T:Html.HtmlNodeItem&#39;.
SHFB: Warning BE0066: ResolveReferenceLinksComponent: [M:SvgToolsLib.ImpliedFormDesign.HasIntent(Html.HtmlNodeItem)] Unknown reference link target &#39;T:Html.HtmlNodeItem&#39;.
SHFB: Warning BE0066: ResolveReferenceLinksComponent: [M:SvgToolsLib.ImpliedFormDesign.IsControl(Html.HtmlNodeItem)] Unknown reference link target &#39;T:Html.HtmlNodeItem&#39;.
SHFB: Warning BE0066: ResolveReferenceLinksComponent: [M:SvgToolsLib.ImpliedFormDesign.IsDiscreteControl(Html.HtmlNodeItem)] Unknown reference link target &#39;T:Html.HtmlNodeItem&#39;.
SHFB: Warning BE0066: ResolveReferenceLinksComponent: [M:SvgToolsLib.ImpliedFormDesign.IsFormLayer(Html.HtmlNodeItem)] Unknown reference link target &#39;T:Html.HtmlNodeItem&#39;.
SHFB: Warning BE0066: ResolveReferenceLinksComponent: [M:SvgToolsLib.ImpliedFormDesign.IsLayer(Html.HtmlNodeItem)] Unknown reference link target &#39;T:Html.HtmlNodeItem&#39;.
SHFB: Warning BE0066: ResolveReferenceLinksComponent: [M:SvgToolsLib.ImpliedFormDesign.IsOrganizerControl(Html.HtmlNodeItem)] Unknown reference link target &#39;T:Html.HtmlNodeItem&#39;.
SHFB: Warning BE0066: ResolveReferenceLinksComponent: [M:SvgToolsLib.ImpliedFormDesign.IsSelectorMatch(Html.HtmlNodeItem,SvgToolsLib.ShapeStyleExtensionListItem)] Unknown reference link target &#39;T:Html.HtmlNodeItem&#39;.
SHFB: Warning BE0066: ResolveReferenceLinksComponent: [M:SvgToolsLib.ImpliedFormDesign.PerformLayout(SvgToolsLib.ControlAreaItem,Html.HtmlNodeItem)] Unknown reference link target &#39;T:Html.HtmlNodeItem&#39;.
SHFB: Warning BE0066: ResolveReferenceLinksComponent: [M:SvgToolsLib.ImpliedFormDesign.RenderOutputNode(SvgToolsLib.ControlAreaItem,SvgToolsLib.RenderTokenItem)] Unknown reference link target &#39;T:Html.HtmlNodeItem&#39;.
SHFB: Warning BE0066: ResolveReferenceLinksComponent: [M:SvgToolsLib.ImpliedFormDesign.RenderOutputNodes(System.Collections.Generic.List{SvgToolsLib.ControlAreaItem},SvgToolsLib.RenderTokenItem)] Unknown reference link target &#39;T:Html.HtmlNodeItem&#39;.
SHFB: Warning BE0066: ResolveReferenceLinksComponent: [M:SvgToolsLib.ImpliedFormDesign.SetControlStyles(System.String,SvgToolsLib.ControlAreaItem,Html.HtmlNodeItem)] Unknown reference link target &#39;T:Html.HtmlNodeItem&#39;.
SHFB: Warning BE0066: ResolveReferenceLinksComponent: [M:SvgToolsLib.ImpliedFormDesign.TransferAttribute(Html.HtmlNodeItem,System.String,Html.HtmlNodeItem,System.String,System.String)] Unknown reference link target &#39;T:Html.HtmlNodeItem&#39;.
SHFB: Warning BE0066: ResolveReferenceLinksComponent: [M:SvgToolsLib.ImpliedFormDesign.TransferAttribute(Html.HtmlNodeItem,System.String,Html.HtmlNodeItem,System.String,System.String)] Unknown reference link target &#39;T:Html.HtmlNodeItem&#39;.
SHFB: Warning BE0066: ResolveReferenceLinksComponent: [M:SvgToolsLib.ImpliedFormDesign.TransferUnitAttribute(Html.HtmlNodeItem,System.String,Html.HtmlNodeItem,System.String)] Unknown reference link target &#39;T:Html.HtmlNodeItem&#39;.
SHFB: Warning BE0066: ResolveReferenceLinksComponent: [M:SvgToolsLib.ImpliedFormDesign.TransferUnitAttribute(Html.HtmlNodeItem,System.String,Html.HtmlNodeItem,System.String)] Unknown reference link target &#39;T:Html.HtmlNodeItem&#39;.
SHFB: Warning BE0066: ResolveReferenceLinksComponent: [M:SvgToolsLib.ImpliedFormDesignAXaml.FillForm(SvgToolsLib.ControlAreaCollection,Html.HtmlNodeItem)] Unknown reference link target &#39;T:Html.HtmlNodeItem&#39;.
SHFB: Warning BE0066: ResolveReferenceLinksComponent: [M:SvgToolsLib.ImpliedFormDesignAXaml.PerformLayout(SvgToolsLib.ControlAreaItem,Html.HtmlNodeItem)] Unknown reference link target &#39;T:Html.HtmlNodeItem&#39;.
SHFB: Warning BE0066: ResolveReferenceLinksComponent: [M:SvgToolsLib.ImpliedFormDesignAXaml.RenderOutputNode(SvgToolsLib.ControlAreaItem,SvgToolsLib.RenderTokenItem)] Unknown reference link target &#39;T:Html.HtmlNodeItem&#39;.
SHFB: Warning BE0066: ResolveReferenceLinksComponent: [M:SvgToolsLib.Matrix32.Transform(System.Single,System.Single)] Unknown reference link target &#39;T:Geometry.FVector2&#39;.
SHFB: Warning BE0066: ResolveReferenceLinksComponent: [M:SvgToolsLib.ShapeInfoCollection.CreateShapes(Html.HtmlNodeCollection)] Unknown reference link target &#39;T:Html.HtmlNodeCollection&#39;.
SHFB: Warning BE0066: ResolveReferenceLinksComponent: [M:SvgToolsLib.ShapeInfoItem.CreateShapes(Html.HtmlNodeItem)] Unknown reference link target &#39;T:Html.HtmlNodeItem&#39;.
SHFB: Warning BE0066: ResolveReferenceLinksComponent: [P:SvgToolsLib.ShapeInfoItem.Node] Unknown reference link target &#39;T:Html.HtmlNodeItem&#39;.
SHFB: Warning BE0066: ResolveReferenceLinksComponent: [P:SvgToolsLib.ShapeInfoItem.Points] Unknown reference link target &#39;T:Geometry.FVector2&#39;.
SHFB: Warning BE0066: ResolveReferenceLinksComponent: [M:SvgToolsLib.SvgDocumentItem.#ctor(Html.HtmlDocument)] Unknown reference link target &#39;T:Html.HtmlDocument&#39;.
SHFB: Warning BE0066: ResolveReferenceLinksComponent: [P:SvgToolsLib.SvgDocumentItem.Document] Unknown reference link target &#39;T:Html.HtmlDocument&#39;.
SHFB: Warning BE0066: ResolveReferenceLinksComponent: [M:SvgToolsLib.SvgTimelineAnimation.GenerateAnimationCss(Html.HtmlDocument,System.Data.DataSet,System.String)] Unknown reference link target &#39;T:Html.HtmlDocument&#39;.
SHFB: Warning BE0066: ResolveReferenceLinksComponent: [M:SvgToolsLib.SvgTimelineNodeItem.#ctor(Html.HtmlNodeItem)] Unknown reference link target &#39;T:Html.HtmlNodeItem&#39;.
SHFB: Warning BE0066: ResolveReferenceLinksComponent: [P:SvgToolsLib.SvgTimelineNodeItem.Node] Unknown reference link target &#39;T:Html.HtmlNodeItem&#39;.
SHFB: Warning BE0066: ResolveReferenceLinksComponent: [P:SvgToolsLib.SvgTools.Document] Unknown reference link target &#39;T:Html.HtmlDocument&#39;.
SHFB: Warning BE0066: ResolveReferenceLinksComponent: [M:SvgToolsLib.SvgToolsUtil.AdjustTextHorizontal(SvgToolsLib.BoundingObjectItem,Html.HtmlNodeItem)] Unknown reference link target &#39;T:Html.HtmlNodeItem&#39;.
SHFB: Warning BE0066: ResolveReferenceLinksComponent: [M:SvgToolsLib.SvgToolsUtil.AdjustTextVertical(SvgToolsLib.BoundingObjectItem,Html.HtmlNodeItem)] Unknown reference link target &#39;T:Html.HtmlNodeItem&#39;.
SHFB: Warning BE0066: ResolveReferenceLinksComponent: [M:SvgToolsLib.SvgToolsUtil.ApplyTransforms(Html.HtmlDocument)] Unknown reference link target &#39;T:Html.HtmlDocument&#39;.
SHFB: Warning BE0066: ResolveReferenceLinksComponent: [M:SvgToolsLib.SvgToolsUtil.ApplyTransforms(Html.HtmlNodeItem)] Unknown reference link target &#39;T:Html.HtmlNodeItem&#39;.
SHFB: Warning BE0066: ResolveReferenceLinksComponent: [M:SvgToolsLib.SvgToolsUtil.CalcBounds(Html.HtmlNodeItem)] Unknown reference link target &#39;T:Html.HtmlNodeItem&#39;.
SHFB: Warning BE0066: ResolveReferenceLinksComponent: [M:SvgToolsLib.SvgToolsUtil.CalcBounds(System.Collections.Generic.List{Geometry.FVector2})] Unknown reference link target &#39;T:Geometry.FVector2&#39;.
SHFB: Warning BE0066: ResolveReferenceLinksComponent: [P:SvgToolsLib.SvgToolsUtil.CConverter] Unknown reference link target &#39;T:ConversionCalc.Converter&#39;.
SHFB: Warning BE0066: ResolveReferenceLinksComponent: [M:SvgToolsLib.SvgToolsUtil.Clear(Html.HtmlNodeItem)] Unknown reference link target &#39;T:Html.HtmlNodeItem&#39;.
SHFB: Warning BE0066: ResolveReferenceLinksComponent: [M:SvgToolsLib.SvgToolsUtil.ConvertElementsToLower(Html.HtmlDocument)] Unknown reference link target &#39;T:Html.HtmlDocument&#39;.
SHFB: Warning BE0066: ResolveReferenceLinksComponent: [M:SvgToolsLib.SvgToolsUtil.DereferenceLinks(Html.HtmlNodeItem)] Unknown reference link target &#39;T:Html.HtmlNodeItem&#39;.
SHFB: Warning BE0066: ResolveReferenceLinksComponent: [M:SvgToolsLib.SvgToolsUtil.DrawBitmap(SkiaSharp.SKBitmap,SkiaSharp.SKBitmap,SkiaSharp.SKPoint)] Unknown reference link target &#39;T:SkiaSharp.SKBitmap&#39;.
SHFB: Warning BE0066: ResolveReferenceLinksComponent: [M:SvgToolsLib.SvgToolsUtil.DrawBitmap(SkiaSharp.SKBitmap,SkiaSharp.SKBitmap,SkiaSharp.SKPoint)] Unknown reference link target &#39;T:SkiaSharp.SKBitmap&#39;.
SHFB: Warning BE0066: ResolveReferenceLinksComponent: [M:SvgToolsLib.SvgToolsUtil.DrawBitmap(SkiaSharp.SKBitmap,SkiaSharp.SKBitmap,SkiaSharp.SKPoint)] Unknown reference link target &#39;T:SkiaSharp.SKPoint&#39;.
SHFB: Warning BE0066: ResolveReferenceLinksComponent: [M:SvgToolsLib.SvgToolsUtil.DrawBitmap(SkiaSharp.SKBitmap,SkiaSharp.SKBitmap,SkiaSharp.SKRect)] Unknown reference link target &#39;T:SkiaSharp.SKBitmap&#39;.
SHFB: Warning BE0066: ResolveReferenceLinksComponent: [M:SvgToolsLib.SvgToolsUtil.DrawBitmap(SkiaSharp.SKBitmap,SkiaSharp.SKBitmap,SkiaSharp.SKRect)] Unknown reference link target &#39;T:SkiaSharp.SKBitmap&#39;.
SHFB: Warning BE0066: ResolveReferenceLinksComponent: [M:SvgToolsLib.SvgToolsUtil.DrawBitmap(SkiaSharp.SKBitmap,SkiaSharp.SKBitmap,SkiaSharp.SKRect)] Unknown reference link target &#39;T:SkiaSharp.SKRect&#39;.
SHFB: Warning BE0066: ResolveReferenceLinksComponent: [M:SvgToolsLib.SvgToolsUtil.DrawBitmap(SkiaSharp.SKBitmap,SkiaSharp.SKBitmap,SkiaSharp.SKRect,SkiaSharp.SKRect)] Unknown reference link target &#39;T:SkiaSharp.SKBitmap&#39;.
SHFB: Warning BE0066: ResolveReferenceLinksComponent: [M:SvgToolsLib.SvgToolsUtil.DrawBitmap(SkiaSharp.SKBitmap,SkiaSharp.SKBitmap,SkiaSharp.SKRect,SkiaSharp.SKRect)] Unknown reference link target &#39;T:SkiaSharp.SKBitmap&#39;.
SHFB: Warning BE0066: ResolveReferenceLinksComponent: [M:SvgToolsLib.SvgToolsUtil.DrawBitmap(SkiaSharp.SKBitmap,SkiaSharp.SKBitmap,SkiaSharp.SKRect,SkiaSharp.SKRect)] Unknown reference link target &#39;T:SkiaSharp.SKRect&#39;.
SHFB: Warning BE0066: ResolveReferenceLinksComponent: [M:SvgToolsLib.SvgToolsUtil.DrawBitmap(SkiaSharp.SKBitmap,SkiaSharp.SKBitmap,SkiaSharp.SKRect,SkiaSharp.SKRect)] Unknown reference link target &#39;T:SkiaSharp.SKRect&#39;.
SHFB: Warning BE0066: ResolveReferenceLinksComponent: [M:SvgToolsLib.SvgToolsUtil.GetActiveAttribute(Html.HtmlNodeItem,System.String)] Unknown reference link target &#39;T:Html.HtmlNodeItem&#39;.
SHFB: Warning BE0066: ResolveReferenceLinksComponent: [M:SvgToolsLib.SvgToolsUtil.GetActiveAttribute(Html.HtmlNodeItem,System.String)] Unknown reference link target &#39;T:Html.HtmlAttributeItem&#39;.
SHFB: Warning BE0066: ResolveReferenceLinksComponent: [M:SvgToolsLib.SvgToolsUtil.GetActiveStyle(Html.HtmlNodeItem,System.String,System.String)] Unknown reference link target &#39;T:Html.HtmlNodeItem&#39;.
SHFB: Warning BE0066: ResolveReferenceLinksComponent: [M:SvgToolsLib.SvgToolsUtil.GetActiveStyleCombined(Html.HtmlNodeItem,System.String)] Unknown reference link target &#39;T:Html.HtmlNodeItem&#39;.
SHFB: Warning BE0066: ResolveReferenceLinksComponent: [M:SvgToolsLib.SvgToolsUtil.GetArea(Geometry.FArea)] Unknown reference link target &#39;T:Geometry.FArea&#39;.
SHFB: Warning BE0066: ResolveReferenceLinksComponent: [M:SvgToolsLib.SvgToolsUtil.GetAttributeValue(Html.HtmlNodeItem,System.String)] Unknown reference link target &#39;T:Html.HtmlNodeItem&#39;.
SHFB: Warning BE0066: ResolveReferenceLinksComponent: [M:SvgToolsLib.SvgToolsUtil.GetAttributeValueInherited(Html.HtmlNodeItem,System.String)] Unknown reference link target &#39;T:Html.HtmlNodeItem&#39;.
SHFB: Warning BE0066: ResolveReferenceLinksComponent: [M:SvgToolsLib.SvgToolsUtil.GetExtent(Html.HtmlNodeItem,System.String)] Unknown reference link target &#39;T:Html.HtmlNodeItem&#39;.
SHFB: Warning BE0066: ResolveReferenceLinksComponent: [M:SvgToolsLib.SvgToolsUtil.GetExtent(Html.HtmlNodeItem,System.String)] Unknown reference link target &#39;T:Html.HtmlNodeItem&#39;.
SHFB: Warning BE0066: ResolveReferenceLinksComponent: [M:SvgToolsLib.SvgToolsUtil.GetHeight(Html.HtmlNodeItem)] Unknown reference link target &#39;T:Html.HtmlNodeItem&#39;.
SHFB: Warning BE0066: ResolveReferenceLinksComponent: [M:SvgToolsLib.SvgToolsUtil.GetIntersectingArea(Geometry.FArea,Geometry.FArea)] Unknown reference link target &#39;T:Geometry.FArea&#39;.
SHFB: Warning BE0066: ResolveReferenceLinksComponent: [M:SvgToolsLib.SvgToolsUtil.GetIntersectingArea(Geometry.FArea,Geometry.FArea)] Unknown reference link target &#39;T:Geometry.FArea&#39;.
SHFB: Warning BE0066: ResolveReferenceLinksComponent: [M:SvgToolsLib.SvgToolsUtil.GetIntersectingArea(Geometry.FArea,Geometry.FArea)] Unknown reference link target &#39;T:Geometry.FArea&#39;.
SHFB: Warning BE0066: ResolveReferenceLinksComponent: [M:SvgToolsLib.SvgToolsUtil.GetNodeWithAttributes(Html.HtmlNodeItem,System.String[])] Unknown reference link target &#39;T:Html.HtmlNodeItem&#39;.
SHFB: Warning BE0066: ResolveReferenceLinksComponent: [M:SvgToolsLib.SvgToolsUtil.GetNodeWithAttributes(Html.HtmlNodeItem,System.String[])] Unknown reference link target &#39;T:Html.HtmlNodeItem&#39;.
SHFB: Warning BE0066: ResolveReferenceLinksComponent: [M:SvgToolsLib.SvgToolsUtil.GetOrigin(Html.HtmlNodeItem)] Unknown reference link target &#39;T:Html.HtmlNodeItem&#39;.
SHFB: Warning BE0066: ResolveReferenceLinksComponent: [M:SvgToolsLib.SvgToolsUtil.GetPolyPointsPath(System.Collections.Generic.List{Geometry.FVector2})] Unknown reference link target &#39;T:Geometry.FVector2&#39;.
SHFB: Warning BE0066: ResolveReferenceLinksComponent: [M:SvgToolsLib.SvgToolsUtil.GetWidth(Html.HtmlNodeItem)] Unknown reference link target &#39;T:Html.HtmlNodeItem&#39;.
SHFB: Warning BE0066: ResolveReferenceLinksComponent: [M:SvgToolsLib.SvgToolsUtil.GetX(Html.HtmlNodeItem)] Unknown reference link target &#39;T:Html.HtmlNodeItem&#39;.
SHFB: Warning BE0066: ResolveReferenceLinksComponent: [M:SvgToolsLib.SvgToolsUtil.GetY(Html.HtmlNodeItem)] Unknown reference link target &#39;T:Html.HtmlNodeItem&#39;.
SHFB: Warning BE0066: ResolveReferenceLinksComponent: [M:SvgToolsLib.SvgToolsUtil.HasAncestorStyle(Html.HtmlNodeItem,System.String)] Unknown reference link target &#39;T:Html.HtmlNodeItem&#39;.
SHFB: Warning BE0066: ResolveReferenceLinksComponent: [M:SvgToolsLib.SvgToolsUtil.HasLocation(Html.HtmlNodeItem)] Unknown reference link target &#39;T:Html.HtmlNodeItem&#39;.
SHFB: Warning BE0066: ResolveReferenceLinksComponent: [M:SvgToolsLib.SvgToolsUtil.InitializeCompatibleSvgStructure(Html.HtmlNodeItem)] Unknown reference link target &#39;T:Html.HtmlNodeItem&#39;.
SHFB: Warning BE0066: ResolveReferenceLinksComponent: [M:SvgToolsLib.SvgToolsUtil.IsAncestorOf(Html.HtmlNodeItem,Html.HtmlNodeItem)] Unknown reference link target &#39;T:Html.HtmlNodeItem&#39;.
SHFB: Warning BE0066: ResolveReferenceLinksComponent: [M:SvgToolsLib.SvgToolsUtil.IsAncestorOf(Html.HtmlNodeItem,Html.HtmlNodeItem)] Unknown reference link target &#39;T:Html.HtmlNodeItem&#39;.
SHFB: Warning BE0066: ResolveReferenceLinksComponent: [M:SvgToolsLib.SvgToolsUtil.ParsePolygonPoints(System.String)] Unknown reference link target &#39;T:Geometry.FVector2&#39;.
SHFB: Warning BE0066: ResolveReferenceLinksComponent: [M:SvgToolsLib.SvgToolsUtil.PurgeDefs(Html.HtmlNodeItem)] Unknown reference link target &#39;T:Html.HtmlNodeItem&#39;.
SHFB: Warning BE0066: ResolveReferenceLinksComponent: [M:SvgToolsLib.SvgToolsUtil.RoundAllValues(Html.HtmlNodeItem,System.Int32)] Unknown reference link target &#39;T:Html.HtmlNodeItem&#39;.
SHFB: Warning BE0066: ResolveReferenceLinksComponent: [M:SvgToolsLib.SvgToolsUtil.SaveBitmap(SkiaSharp.SKBitmap,System.String)] Unknown reference link target &#39;T:SkiaSharp.SKBitmap&#39;.
SHFB: Warning BE0066: ResolveReferenceLinksComponent: [M:SvgToolsLib.SvgToolsUtil.ScaleStyle(Html.HtmlNodeCollection,System.String,System.Single)] Unknown reference link target &#39;T:Html.HtmlNodeCollection&#39;.
SHFB: Warning BE0066: ResolveReferenceLinksComponent: [M:SvgToolsLib.SvgToolsUtil.ScaleStyle(Html.HtmlNodeItem,System.String,System.Single)] Unknown reference link target &#39;T:Html.HtmlNodeItem&#39;.
SHFB: Warning BE0066: ResolveReferenceLinksComponent: [M:SvgToolsLib.SvgToolsUtil.TransformBounds(Html.HtmlNodeItem,SvgToolsLib.BoundingObjectItem,System.String)] Unknown reference link target &#39;T:Html.HtmlNodeItem&#39;.
SHFB: Warning BE0066: ResolveReferenceLinksComponent: [M:SvgToolsLib.TextFormatTokenItem.GetActiveTextFormat(Html.HtmlNodeItem)] Unknown reference link target &#39;T:Html.HtmlNodeItem&#39;.
SHFB: Warning BE0066: ResolveReferenceLinksComponent: [M:SvgToolsLib.TextFormatTokenItem.GetActiveTextFormat(Html.HtmlNodeItem,SvgToolsLib.TextFormatTokenItem)] Unknown reference link target &#39;T:Html.HtmlNodeItem&#39;.
Processed 784 topic(s)
96 warning(s)
CopyFromIndexComponent: &quot;reflection&quot; in-memory cache entries used: 9 of 15.
CopyFromIndexComponent: &quot;comments&quot; in-memory cache entries used: 1 of 30.
<plugIn name="Website Table of Contents Generator" behavior="After" priority="1000">
Generating TOC fragment files
</plugIn>    Last step completed in 00:00:04.8906
</buildStep>
<buildStep step="CopyStandardHelpContent">
Copying standard help content...
C:\Program Files (x86)\EWSoftware\Sandcastle Help File Builder\Components\Default2022\css\bulma.css -&gt; C:\Files\Dropbox\Develop\Shared\danielanywhere.github.io\SvgToolsLib\Working\Output\Website\css\bulma.css
C:\Program Files (x86)\EWSoftware\Sandcastle Help File Builder\Components\Default2022\css\bulma.css.map -&gt; C:\Files\Dropbox\Develop\Shared\danielanywhere.github.io\SvgToolsLib\Working\Output\Website\css\bulma.css.map
C:\Program Files (x86)\EWSoftware\Sandcastle Help File Builder\Components\Default2022\css\bulma.min.css -&gt; C:\Files\Dropbox\Develop\Shared\danielanywhere.github.io\SvgToolsLib\Working\Output\Website\css\bulma.min.css
C:\Program Files (x86)\EWSoftware\Sandcastle Help File Builder\Components\Default2022\css\font-awesome.css -&gt; C:\Files\Dropbox\Develop\Shared\danielanywhere.github.io\SvgToolsLib\Working\Output\Website\css\font-awesome.css
C:\Program Files (x86)\EWSoftware\Sandcastle Help File Builder\Components\Default2022\css\font-awesome.min.css -&gt; C:\Files\Dropbox\Develop\Shared\danielanywhere.github.io\SvgToolsLib\Working\Output\Website\css\font-awesome.min.css
C:\Program Files (x86)\EWSoftware\Sandcastle Help File Builder\Components\Default2022\css\ja-JP.css -&gt; C:\Files\Dropbox\Develop\Shared\danielanywhere.github.io\SvgToolsLib\Working\Output\Website\css\ja-JP.css
C:\Program Files (x86)\EWSoftware\Sandcastle Help File Builder\Components\Default2022\css\ko-KR.css -&gt; C:\Files\Dropbox\Develop\Shared\danielanywhere.github.io\SvgToolsLib\Working\Output\Website\css\ko-KR.css
C:\Program Files (x86)\EWSoftware\Sandcastle Help File Builder\Components\Default2022\css\presentationStyle.css -&gt; C:\Files\Dropbox\Develop\Shared\danielanywhere.github.io\SvgToolsLib\Working\Output\Website\css\presentationStyle.css
C:\Program Files (x86)\EWSoftware\Sandcastle Help File Builder\Components\Default2022\css\vs.min.css -&gt; C:\Files\Dropbox\Develop\Shared\danielanywhere.github.io\SvgToolsLib\Working\Output\Website\css\vs.min.css
C:\Program Files (x86)\EWSoftware\Sandcastle Help File Builder\Components\Default2022\css\zh-CN.css -&gt; C:\Files\Dropbox\Develop\Shared\danielanywhere.github.io\SvgToolsLib\Working\Output\Website\css\zh-CN.css
C:\Program Files (x86)\EWSoftware\Sandcastle Help File Builder\Components\Default2022\css\zh-TW.css -&gt; C:\Files\Dropbox\Develop\Shared\danielanywhere.github.io\SvgToolsLib\Working\Output\Website\css\zh-TW.css
C:\Program Files (x86)\EWSoftware\Sandcastle Help File Builder\Components\Default2022\icons\favicon.ico -&gt; C:\Files\Dropbox\Develop\Shared\danielanywhere.github.io\SvgToolsLib\Working\Output\Website\icons\favicon.ico
C:\Program Files (x86)\EWSoftware\Sandcastle Help File Builder\Components\Default2022\scripts\clipboard.min.js -&gt; C:\Files\Dropbox\Develop\Shared\danielanywhere.github.io\SvgToolsLib\Working\Output\Website\scripts\clipboard.min.js
C:\Program Files (x86)\EWSoftware\Sandcastle Help File Builder\Components\Default2022\scripts\highlight.min.js -&gt; C:\Files\Dropbox\Develop\Shared\danielanywhere.github.io\SvgToolsLib\Working\Output\Website\scripts\highlight.min.js
C:\Program Files (x86)\EWSoftware\Sandcastle Help File Builder\Components\Default2022\scripts\jquery-3.5.1.min.js -&gt; C:\Files\Dropbox\Develop\Shared\danielanywhere.github.io\SvgToolsLib\Working\Output\Website\scripts\jquery-3.5.1.min.js
C:\Program Files (x86)\EWSoftware\Sandcastle Help File Builder\Components\Default2022\scripts\presentationStyle.js -&gt; C:\Files\Dropbox\Develop\Shared\danielanywhere.github.io\SvgToolsLib\Working\Output\Website\scripts\presentationStyle.js
C:\Program Files (x86)\EWSoftware\Sandcastle Help File Builder\Components\Default2022\webfonts\fa-brands-400.ttf -&gt; C:\Files\Dropbox\Develop\Shared\danielanywhere.github.io\SvgToolsLib\Working\Output\Website\webfonts\fa-brands-400.ttf
C:\Program Files (x86)\EWSoftware\Sandcastle Help File Builder\Components\Default2022\webfonts\fa-brands-400.woff2 -&gt; C:\Files\Dropbox\Develop\Shared\danielanywhere.github.io\SvgToolsLib\Working\Output\Website\webfonts\fa-brands-400.woff2
C:\Program Files (x86)\EWSoftware\Sandcastle Help File Builder\Components\Default2022\webfonts\fa-regular-400.ttf -&gt; C:\Files\Dropbox\Develop\Shared\danielanywhere.github.io\SvgToolsLib\Working\Output\Website\webfonts\fa-regular-400.ttf
C:\Program Files (x86)\EWSoftware\Sandcastle Help File Builder\Components\Default2022\webfonts\fa-regular-400.woff2 -&gt; C:\Files\Dropbox\Develop\Shared\danielanywhere.github.io\SvgToolsLib\Working\Output\Website\webfonts\fa-regular-400.woff2
C:\Program Files (x86)\EWSoftware\Sandcastle Help File Builder\Components\Default2022\webfonts\fa-solid-900.ttf -&gt; C:\Files\Dropbox\Develop\Shared\danielanywhere.github.io\SvgToolsLib\Working\Output\Website\webfonts\fa-solid-900.ttf
C:\Program Files (x86)\EWSoftware\Sandcastle Help File Builder\Components\Default2022\webfonts\fa-solid-900.woff2 -&gt; C:\Files\Dropbox\Develop\Shared\danielanywhere.github.io\SvgToolsLib\Working\Output\Website\webfonts\fa-solid-900.woff2
C:\Program Files (x86)\EWSoftware\Sandcastle Help File Builder\Components\Default2022\webfonts\fa-v4compatibility.ttf -&gt; C:\Files\Dropbox\Develop\Shared\danielanywhere.github.io\SvgToolsLib\Working\Output\Website\webfonts\fa-v4compatibility.ttf
C:\Program Files (x86)\EWSoftware\Sandcastle Help File Builder\Components\Default2022\webfonts\fa-v4compatibility.woff2 -&gt; C:\Files\Dropbox\Develop\Shared\danielanywhere.github.io\SvgToolsLib\Working\Output\Website\webfonts\fa-v4compatibility.woff2
C:\Program Files (x86)\EWSoftware\Sandcastle Help File Builder\Components\Default2022\RootWebsiteContent\GeneralError.html -&gt; C:\Files\Dropbox\Develop\Shared\danielanywhere.github.io\SvgToolsLib\Working\Output\Website\GeneralError.html
C:\Program Files (x86)\EWSoftware\Sandcastle Help File Builder\Components\Default2022\RootWebsiteContent\index.html -&gt; C:\Files\Dropbox\Develop\Shared\danielanywhere.github.io\SvgToolsLib\Working\Output\Website\index.html
C:\Program Files (x86)\EWSoftware\Sandcastle Help File Builder\Components\Default2022\RootWebsiteContent\PageNotFound.html -&gt; C:\Files\Dropbox\Develop\Shared\danielanywhere.github.io\SvgToolsLib\Working\Output\Website\PageNotFound.html
C:\Program Files (x86)\EWSoftware\Sandcastle Help File Builder\Components\Default2022\RootWebsiteContent\search.html -&gt; C:\Files\Dropbox\Develop\Shared\danielanywhere.github.io\SvgToolsLib\Working\Output\Website\search.html
C:\Program Files (x86)\EWSoftware\Sandcastle Help File Builder\Components\Default2022\RootWebsiteContent\SearchHelp.aspx -&gt; C:\Files\Dropbox\Develop\Shared\danielanywhere.github.io\SvgToolsLib\Working\Output\Website\SearchHelp.aspx
C:\Program Files (x86)\EWSoftware\Sandcastle Help File Builder\Components\Default2022\RootWebsiteContent\SearchHelp.inc.php -&gt; C:\Files\Dropbox\Develop\Shared\danielanywhere.github.io\SvgToolsLib\Working\Output\Website\SearchHelp.inc.php
C:\Program Files (x86)\EWSoftware\Sandcastle Help File Builder\Components\Default2022\RootWebsiteContent\SearchHelp.php -&gt; C:\Files\Dropbox\Develop\Shared\danielanywhere.github.io\SvgToolsLib\Working\Output\Website\SearchHelp.php
C:\Program Files (x86)\EWSoftware\Sandcastle Help File Builder\Components\Default2022\RootWebsiteContent\Web.Config -&gt; C:\Files\Dropbox\Develop\Shared\danielanywhere.github.io\SvgToolsLib\Working\Output\Website\Web.Config
    Last step completed in 00:00:00.0625
</buildStep>
<buildStep step="GenerateFullTextIndex">
Generating full-text index for the website...

    Last step completed in 00:00:00.5781
</buildStep>
<buildStep step="CopyingWebsiteFiles">
Copying website files to output folder...

Copied 500 files
Copied 1000 files
Copied 1016 files for the website content
    Last step completed in 00:00:01.0156
</buildStep>
<buildStep step="CleanIntermediates">
Removing intermediate files...
    Last step completed in 00:00:00.1875
</buildStep>
<buildStep step="Completed">

Build completed successfully at 12/19/2025 11:02:42.  Total time: 00:00:10.7500

</buildStep>
</shfbBuild>
